#
# There is insufficient memory for the Java Runtime Environment to continue.
# Native memory allocation (malloc) failed to allocate 1208256 bytes for Chunk::new
# Possible reasons:
#   The system is out of physical RAM or swap space
#   The process is running with CompressedOops enabled, and the Java Heap may be blocking the growth of the native heap
# Possible solutions:
#   Reduce memory load on the system
#   Increase physical memory or swap space
#   Check if swap backing store is full
#   Decrease Java heap size (-Xmx/-Xms)
#   Decrease number of Java threads
#   Decrease Java thread stack sizes (-Xss)
#   Set larger code cache with -XX:ReservedCodeCacheSize=
#   JVM is running with Unscaled Compressed Oops mode in which the Java heap is
#     placed in the first 4GB address space. The Java Heap base address is the
#     maximum limit for the native heap growth. Please use -XX:HeapBaseMinAddress
#     to set the Java Heap base and to place the Java Heap above 4GB virtual address.
# This output file may be truncated or incomplete.
#
#  Out of Memory Error (src/hotspot/share/memory/arena.cpp:197), pid=8028, tid=16232
#
# JRE version: OpenJDK Runtime Environment (11.0.15) (build 11.0.15+0-b2043.56-9505619)
# Java VM: OpenJDK 64-Bit Server VM (11.0.15+0-b2043.56-9505619, mixed mode, tiered, compressed oops, g1 gc, windows-amd64)
# No core dump will be written. Minidumps are not enabled by default on client versions of Windows
#

---------------  S U M M A R Y ------------

Command Line: org.jetbrains.kotlin.cli.jvm.K2JVMCompiler @C:\Users\a\AndroidStudioProjects\Medico\app\build\20231217_2193304992707944200.compiler.options

Host: 11th Gen Intel(R) Core(TM) i5-1135G7 @ 2.40GHz, 8 cores, 7G,  Windows 10 , 64 bit Build 19041 (10.0.19041.3636)
Time: Sun Dec 17 17:06:07 2023 India Standard Time elapsed time: 3.649868 seconds (0d 0h 0m 3s)

---------------  T H R E A D  ---------------

Current thread (0x00000163bd224000):  JavaThread "C2 CompilerThread1" daemon [_thread_in_native, id=16232, stack(0x0000005d32800000,0x0000005d32900000)]


Current CompileTask:
C2:   3649 5465   !   4       jdk.internal.loader.BuiltinClassLoader::findClassOnClassPathOrNull (64 bytes)

Stack: [0x0000005d32800000,0x0000005d32900000]
Native frames: (J=compiled Java code, j=interpreted, Vv=VM code, C=native code)
V  [jvm.dll+0x64135a]
V  [jvm.dll+0x7d39f9]
V  [jvm.dll+0x7d51b9]
V  [jvm.dll+0x7d58a3]
V  [jvm.dll+0x2691c5]
V  [jvm.dll+0xc1a5c]
V  [jvm.dll+0xc200c]
V  [jvm.dll+0x2da2c2]
V  [jvm.dll+0x54cad9]
V  [jvm.dll+0x22a011]
V  [jvm.dll+0x223809]
V  [jvm.dll+0x220384]
V  [jvm.dll+0x19e851]
V  [jvm.dll+0x230479]
V  [jvm.dll+0x22e5ef]
V  [jvm.dll+0x794de1]
V  [jvm.dll+0x78dc24]
V  [jvm.dll+0x6400f6]
C  [ucrtbase.dll+0x21bb2]
C  [KERNEL32.DLL+0x17344]
C  [ntdll.dll+0x526b1]


---------------  P R O C E S S  ---------------

Threads class SMR info:
_java_thread_list=0x00000163bd1e8bf0, length=12, elements={
0x00000163a05e1000, 0x00000163bc71b800, 0x00000163bc71d000, 0x00000163bd097800,
0x00000163bd09b000, 0x00000163bd09d000, 0x00000163bd09e000, 0x00000163bd0a0000,
0x00000163bd0a1800, 0x00000163bd1ee800, 0x00000163bd224000, 0x00000163bd221000
}

Java Threads: ( => current thread )
  0x00000163a05e1000 JavaThread "main" [_thread_in_vm, id=14844, stack(0x0000005d31700000,0x0000005d31800000)]
  0x00000163bc71b800 JavaThread "Reference Handler" daemon [_thread_blocked, id=12392, stack(0x0000005d31e00000,0x0000005d31f00000)]
  0x00000163bc71d000 JavaThread "Finalizer" daemon [_thread_blocked, id=12300, stack(0x0000005d31f00000,0x0000005d32000000)]
  0x00000163bd097800 JavaThread "Signal Dispatcher" daemon [_thread_blocked, id=11888, stack(0x0000005d32000000,0x0000005d32100000)]
  0x00000163bd09b000 JavaThread "Attach Listener" daemon [_thread_blocked, id=1820, stack(0x0000005d32100000,0x0000005d32200000)]
  0x00000163bd09d000 JavaThread "Service Thread" daemon [_thread_blocked, id=15604, stack(0x0000005d32200000,0x0000005d32300000)]
  0x00000163bd09e000 JavaThread "C2 CompilerThread0" daemon [_thread_in_native, id=7980, stack(0x0000005d32300000,0x0000005d32400000)]
  0x00000163bd0a0000 JavaThread "C1 CompilerThread0" daemon [_thread_blocked, id=14876, stack(0x0000005d32400000,0x0000005d32500000)]
  0x00000163bd0a1800 JavaThread "Sweeper thread" daemon [_thread_blocked, id=12816, stack(0x0000005d32500000,0x0000005d32600000)]
  0x00000163bd1ee800 JavaThread "Common-Cleaner" daemon [_thread_blocked, id=6216, stack(0x0000005d32700000,0x0000005d32800000)]
=>0x00000163bd224000 JavaThread "C2 CompilerThread1" daemon [_thread_in_native, id=16232, stack(0x0000005d32800000,0x0000005d32900000)]
  0x00000163bd221000 JavaThread "C2 CompilerThread2" daemon [_thread_in_native, id=10364, stack(0x0000005d32900000,0x0000005d32a00000)]

Other Threads:
  0x00000163bc6f9800 VMThread "VM Thread" [stack: 0x0000005d31d00000,0x0000005d31e00000] [id=9056]
  0x00000163bd1ea800 WatcherThread [stack: 0x0000005d32600000,0x0000005d32700000] [id=15952]
  0x00000163a05f7800 GCTaskThread "GC Thread#0" [stack: 0x0000005d31800000,0x0000005d31900000] [id=1492]
  0x00000163bd81a000 GCTaskThread "GC Thread#1" [stack: 0x0000005d32a00000,0x0000005d32b00000] [id=3728]
  0x00000163c2386800 GCTaskThread "GC Thread#2" [stack: 0x0000005d32c00000,0x0000005d32d00000] [id=2004]
  0x00000163a0627000 ConcurrentGCThread "G1 Main Marker" [stack: 0x0000005d31900000,0x0000005d31a00000] [id=14108]
  0x00000163a0628800 ConcurrentGCThread "G1 Conc#0" [stack: 0x0000005d31a00000,0x0000005d31b00000] [id=9020]
  0x00000163bda7c000 ConcurrentGCThread "G1 Conc#1" [stack: 0x0000005d32b00000,0x0000005d32c00000] [id=8324]
  0x00000163a06bd800 ConcurrentGCThread "G1 Refine#0" [stack: 0x0000005d31b00000,0x0000005d31c00000] [id=1624]
  0x00000163c2144800 ConcurrentGCThread "G1 Refine#1" [stack: 0x0000005d32d00000,0x0000005d32e00000] [id=3576]
  0x00000163c2145800 ConcurrentGCThread "G1 Refine#2" [stack: 0x0000005d32e00000,0x0000005d32f00000] [id=15544]
  0x00000163c31c2000 ConcurrentGCThread "G1 Refine#3" [stack: 0x0000005d32f00000,0x0000005d33000000] [id=13324]
  0x00000163c31c3000 ConcurrentGCThread "G1 Refine#4" [stack: 0x0000005d33000000,0x0000005d33100000] [id=3920]
  0x00000163a06be800 ConcurrentGCThread "G1 Young RemSet Sampling" [stack: 0x0000005d31c00000,0x0000005d31d00000] [id=5256]

Threads with active compile tasks:
C2 CompilerThread0     3659 5488       4       jdk.internal.loader.URLClassPath::getResource (74 bytes)
C2 CompilerThread1     3659 5465   !   4       jdk.internal.loader.BuiltinClassLoader::findClassOnClassPathOrNull (64 bytes)
C2 CompilerThread2     3659 5436       4       org.jetbrains.kotlin.resolve.OverrideResolver$Companion::computeRelevantDirectlyOverridden (83 bytes)

VM state:not at safepoint (normal execution)

VM Mutex/Monitor currently owned by a thread: None

Heap address: 0x0000000085800000, size: 1960 MB, Compressed Oops mode: 32-bit
Narrow klass base: 0x0000000000000000, Narrow klass shift: 3
Compressed class space size: 1073741824 Address: 0x0000000100000000

Heap:
 garbage-first heap   total 159744K, used 54197K [0x0000000085800000, 0x0000000100000000)
  region size 1024K, 20 young (20480K), 9 survivors (9216K)
 Metaspace       used 54292K, capacity 54841K, committed 55040K, reserved 1097728K
  class space    used 6152K, capacity 6367K, committed 6400K, reserved 1048576K
Heap Regions: E=young(eden), S=young(survivor), O=old, HS=humongous(starts), HC=humongous(continues), CS=collection set, F=free, A=archive, TAMS=top-at-mark-start (previous, next)
|   0|0x0000000085800000, 0x0000000085900000, 0x0000000085900000|100%|HS|  |TAMS 0x0000000085900000, 0x0000000085800000| Complete 
|   1|0x0000000085900000, 0x0000000085a00000, 0x0000000085a00000|100%|HC|  |TAMS 0x0000000085a00000, 0x0000000085900000| Complete 
|   2|0x0000000085a00000, 0x0000000085b00000, 0x0000000085b00000|100%|HC|  |TAMS 0x0000000085b00000, 0x0000000085a00000| Complete 
|   3|0x0000000085b00000, 0x0000000085c00000, 0x0000000085c00000|100%|HC|  |TAMS 0x0000000085c00000, 0x0000000085b00000| Complete 
|   4|0x0000000085c00000, 0x0000000085d00000, 0x0000000085d00000|100%|HS|  |TAMS 0x0000000085d00000, 0x0000000085c00000| Complete 
|   5|0x0000000085d00000, 0x0000000085e00000, 0x0000000085e00000|100%|HC|  |TAMS 0x0000000085e00000, 0x0000000085d00000| Complete 
|   6|0x0000000085e00000, 0x0000000085f00000, 0x0000000085f00000|100%|HC|  |TAMS 0x0000000085f00000, 0x0000000085e00000| Complete 
|   7|0x0000000085f00000, 0x0000000086000000, 0x0000000086000000|100%|HC|  |TAMS 0x0000000086000000, 0x0000000085f00000| Complete 
|   8|0x0000000086000000, 0x0000000086100000, 0x0000000086100000|100%|HS|  |TAMS 0x0000000086000000, 0x0000000086000000| Complete 
|   9|0x0000000086100000, 0x0000000086200000, 0x0000000086200000|100%|HC|  |TAMS 0x0000000086100000, 0x0000000086100000| Complete 
|  10|0x0000000086200000, 0x0000000086300000, 0x0000000086300000|100%| O|  |TAMS 0x0000000086300000, 0x0000000086200000| Untracked 
|  11|0x0000000086300000, 0x0000000086400000, 0x0000000086400000|100%| O|  |TAMS 0x0000000086400000, 0x0000000086300000| Untracked 
|  12|0x0000000086400000, 0x0000000086500000, 0x0000000086500000|100%| O|  |TAMS 0x0000000086500000, 0x0000000086400000| Untracked 
|  13|0x0000000086500000, 0x0000000086600000, 0x0000000086600000|100%| O|  |TAMS 0x0000000086600000, 0x0000000086500000| Untracked 
|  14|0x0000000086600000, 0x0000000086700000, 0x0000000086700000|100%| O|  |TAMS 0x0000000086700000, 0x0000000086600000| Untracked 
|  15|0x0000000086700000, 0x0000000086800000, 0x0000000086800000|100%| O|  |TAMS 0x0000000086800000, 0x0000000086700000| Untracked 
|  16|0x0000000086800000, 0x0000000086900000, 0x0000000086900000|100%| O|  |TAMS 0x0000000086900000, 0x0000000086800000| Untracked 
|  17|0x0000000086900000, 0x0000000086a00000, 0x0000000086a00000|100%| O|  |TAMS 0x0000000086a00000, 0x0000000086900000| Untracked 
|  18|0x0000000086a00000, 0x0000000086b00000, 0x0000000086b00000|100%| O|  |TAMS 0x0000000086b00000, 0x0000000086a00000| Untracked 
|  19|0x0000000086b00000, 0x0000000086c00000, 0x0000000086c00000|100%| O|  |TAMS 0x0000000086c00000, 0x0000000086b00000| Untracked 
|  20|0x0000000086c00000, 0x0000000086d00000, 0x0000000086d00000|100%| O|  |TAMS 0x0000000086d00000, 0x0000000086c00000| Untracked 
|  21|0x0000000086d00000, 0x0000000086e00000, 0x0000000086e00000|100%| O|  |TAMS 0x0000000086e00000, 0x0000000086d00000| Untracked 
|  22|0x0000000086e00000, 0x0000000086f00000, 0x0000000086f00000|100%| O|  |TAMS 0x0000000086ea4400, 0x0000000086e00000| Untracked 
|  23|0x0000000086f00000, 0x0000000087000000, 0x0000000087000000|100%| O|  |TAMS 0x0000000086f00000, 0x0000000086f00000| Untracked 
|  24|0x0000000087000000, 0x0000000087100000, 0x0000000087100000|100%| O|  |TAMS 0x0000000087000000, 0x0000000087000000| Untracked 
|  25|0x0000000087100000, 0x0000000087200000, 0x0000000087200000|100%| O|  |TAMS 0x0000000087100000, 0x0000000087100000| Untracked 
|  26|0x0000000087200000, 0x0000000087300000, 0x0000000087300000|100%| O|  |TAMS 0x0000000087200000, 0x0000000087200000| Untracked 
|  27|0x0000000087300000, 0x0000000087400000, 0x0000000087400000|100%| O|  |TAMS 0x0000000087300000, 0x0000000087300000| Untracked 
|  28|0x0000000087400000, 0x0000000087500000, 0x0000000087500000|100%| O|  |TAMS 0x0000000087400000, 0x0000000087400000| Untracked 
|  29|0x0000000087500000, 0x0000000087600000, 0x0000000087600000|100%| O|  |TAMS 0x0000000087500000, 0x0000000087500000| Untracked 
|  30|0x0000000087600000, 0x0000000087700000, 0x0000000087700000|100%| O|  |TAMS 0x0000000087600000, 0x0000000087600000| Untracked 
|  31|0x0000000087700000, 0x0000000087800000, 0x0000000087800000|100%| O|  |TAMS 0x0000000087700000, 0x0000000087700000| Untracked 
|  32|0x0000000087800000, 0x0000000087900000, 0x0000000087900000|100%| O|  |TAMS 0x0000000087800000, 0x0000000087800000| Untracked 
|  33|0x0000000087900000, 0x00000000879ed400, 0x0000000087a00000| 92%| O|  |TAMS 0x0000000087900000, 0x0000000087900000| Untracked 
|  34|0x0000000087a00000, 0x0000000087a00000, 0x0000000087b00000|  0%| F|  |TAMS 0x0000000087a00000, 0x0000000087a00000| Untracked 
|  35|0x0000000087b00000, 0x0000000087b00000, 0x0000000087c00000|  0%| F|  |TAMS 0x0000000087b00000, 0x0000000087b00000| Untracked 
|  36|0x0000000087c00000, 0x0000000087c00000, 0x0000000087d00000|  0%| F|  |TAMS 0x0000000087c00000, 0x0000000087c00000| Untracked 
|  37|0x0000000087d00000, 0x0000000087d00000, 0x0000000087e00000|  0%| F|  |TAMS 0x0000000087d00000, 0x0000000087d00000| Untracked 
|  38|0x0000000087e00000, 0x0000000087e00000, 0x0000000087f00000|  0%| F|  |TAMS 0x0000000087e00000, 0x0000000087e00000| Untracked 
|  39|0x0000000087f00000, 0x0000000087f00000, 0x0000000088000000|  0%| F|  |TAMS 0x0000000087f00000, 0x0000000087f00000| Untracked 
|  40|0x0000000088000000, 0x0000000088000000, 0x0000000088100000|  0%| F|  |TAMS 0x0000000088000000, 0x0000000088000000| Untracked 
|  41|0x0000000088100000, 0x0000000088100000, 0x0000000088200000|  0%| F|  |TAMS 0x0000000088100000, 0x0000000088100000| Untracked 
|  42|0x0000000088200000, 0x0000000088200000, 0x0000000088300000|  0%| F|  |TAMS 0x0000000088200000, 0x0000000088200000| Untracked 
|  43|0x0000000088300000, 0x0000000088300000, 0x0000000088400000|  0%| F|  |TAMS 0x0000000088300000, 0x0000000088300000| Untracked 
|  44|0x0000000088400000, 0x0000000088400000, 0x0000000088500000|  0%| F|  |TAMS 0x0000000088400000, 0x0000000088400000| Untracked 
|  45|0x0000000088500000, 0x0000000088500000, 0x0000000088600000|  0%| F|  |TAMS 0x0000000088500000, 0x0000000088500000| Untracked 
|  46|0x0000000088600000, 0x0000000088600000, 0x0000000088700000|  0%| F|  |TAMS 0x0000000088600000, 0x0000000088600000| Untracked 
|  47|0x0000000088700000, 0x0000000088700000, 0x0000000088800000|  0%| F|  |TAMS 0x0000000088700000, 0x0000000088700000| Untracked 
|  48|0x0000000088800000, 0x0000000088800000, 0x0000000088900000|  0%| F|  |TAMS 0x0000000088800000, 0x0000000088800000| Untracked 
|  49|0x0000000088900000, 0x0000000088900000, 0x0000000088a00000|  0%| F|  |TAMS 0x0000000088900000, 0x0000000088900000| Untracked 
|  50|0x0000000088a00000, 0x0000000088a00000, 0x0000000088b00000|  0%| F|  |TAMS 0x0000000088a00000, 0x0000000088a00000| Untracked 
|  51|0x0000000088b00000, 0x0000000088b00000, 0x0000000088c00000|  0%| F|  |TAMS 0x0000000088b00000, 0x0000000088b00000| Untracked 
|  52|0x0000000088c00000, 0x0000000088c00000, 0x0000000088d00000|  0%| F|  |TAMS 0x0000000088c00000, 0x0000000088c00000| Untracked 
|  53|0x0000000088d00000, 0x0000000088d00000, 0x0000000088e00000|  0%| F|  |TAMS 0x0000000088d00000, 0x0000000088d00000| Untracked 
|  54|0x0000000088e00000, 0x0000000088e00000, 0x0000000088f00000|  0%| F|  |TAMS 0x0000000088e00000, 0x0000000088e00000| Untracked 
|  55|0x0000000088f00000, 0x0000000088f00000, 0x0000000089000000|  0%| F|  |TAMS 0x0000000088f00000, 0x0000000088f00000| Untracked 
|  56|0x0000000089000000, 0x0000000089000000, 0x0000000089100000|  0%| F|  |TAMS 0x0000000089000000, 0x0000000089000000| Untracked 
|  57|0x0000000089100000, 0x0000000089100000, 0x0000000089200000|  0%| F|  |TAMS 0x0000000089100000, 0x0000000089100000| Untracked 
|  58|0x0000000089200000, 0x0000000089200000, 0x0000000089300000|  0%| F|  |TAMS 0x0000000089200000, 0x0000000089200000| Untracked 
|  59|0x0000000089300000, 0x0000000089300000, 0x0000000089400000|  0%| F|  |TAMS 0x0000000089300000, 0x0000000089300000| Untracked 
|  60|0x0000000089400000, 0x0000000089400000, 0x0000000089500000|  0%| F|  |TAMS 0x0000000089400000, 0x0000000089400000| Untracked 
|  61|0x0000000089500000, 0x0000000089500000, 0x0000000089600000|  0%| F|  |TAMS 0x0000000089500000, 0x0000000089500000| Untracked 
|  62|0x0000000089600000, 0x0000000089600000, 0x0000000089700000|  0%| F|  |TAMS 0x0000000089600000, 0x0000000089600000| Untracked 
|  63|0x0000000089700000, 0x0000000089700000, 0x0000000089800000|  0%| F|  |TAMS 0x0000000089700000, 0x0000000089700000| Untracked 
|  64|0x0000000089800000, 0x0000000089800000, 0x0000000089900000|  0%| F|  |TAMS 0x0000000089800000, 0x0000000089800000| Untracked 
|  65|0x0000000089900000, 0x0000000089900000, 0x0000000089a00000|  0%| F|  |TAMS 0x0000000089900000, 0x0000000089900000| Untracked 
|  66|0x0000000089a00000, 0x0000000089a00000, 0x0000000089b00000|  0%| F|  |TAMS 0x0000000089a00000, 0x0000000089a00000| Untracked 
|  67|0x0000000089b00000, 0x0000000089b00000, 0x0000000089c00000|  0%| F|  |TAMS 0x0000000089b00000, 0x0000000089b00000| Untracked 
|  68|0x0000000089c00000, 0x0000000089c00000, 0x0000000089d00000|  0%| F|  |TAMS 0x0000000089c00000, 0x0000000089c00000| Untracked 
|  69|0x0000000089d00000, 0x0000000089d00000, 0x0000000089e00000|  0%| F|  |TAMS 0x0000000089d00000, 0x0000000089d00000| Untracked 
|  70|0x0000000089e00000, 0x0000000089e00000, 0x0000000089f00000|  0%| F|  |TAMS 0x0000000089e00000, 0x0000000089e00000| Untracked 
|  71|0x0000000089f00000, 0x0000000089f00000, 0x000000008a000000|  0%| F|  |TAMS 0x0000000089f00000, 0x0000000089f00000| Untracked 
|  72|0x000000008a000000, 0x000000008a000000, 0x000000008a100000|  0%| F|  |TAMS 0x000000008a000000, 0x000000008a000000| Untracked 
|  73|0x000000008a100000, 0x000000008a100000, 0x000000008a200000|  0%| F|  |TAMS 0x000000008a100000, 0x000000008a100000| Untracked 
|  74|0x000000008a200000, 0x000000008a200000, 0x000000008a300000|  0%| F|  |TAMS 0x000000008a200000, 0x000000008a200000| Untracked 
|  75|0x000000008a300000, 0x000000008a300000, 0x000000008a400000|  0%| F|  |TAMS 0x000000008a300000, 0x000000008a300000| Untracked 
|  76|0x000000008a400000, 0x000000008a400000, 0x000000008a500000|  0%| F|  |TAMS 0x000000008a400000, 0x000000008a400000| Untracked 
|  77|0x000000008a500000, 0x000000008a500000, 0x000000008a600000|  0%| F|  |TAMS 0x000000008a500000, 0x000000008a500000| Untracked 
|  78|0x000000008a600000, 0x000000008a600000, 0x000000008a700000|  0%| F|  |TAMS 0x000000008a600000, 0x000000008a600000| Untracked 
|  79|0x000000008a700000, 0x000000008a700000, 0x000000008a800000|  0%| F|  |TAMS 0x000000008a700000, 0x000000008a700000| Untracked 
|  80|0x000000008a800000, 0x000000008a800000, 0x000000008a900000|  0%| F|  |TAMS 0x000000008a800000, 0x000000008a800000| Untracked 
|  81|0x000000008a900000, 0x000000008a900000, 0x000000008aa00000|  0%| F|  |TAMS 0x000000008a900000, 0x000000008a900000| Untracked 
|  82|0x000000008aa00000, 0x000000008ab00000, 0x000000008ab00000|100%| S|CS|TAMS 0x000000008aa00000, 0x000000008aa00000| Complete 
|  83|0x000000008ab00000, 0x000000008ac00000, 0x000000008ac00000|100%| S|CS|TAMS 0x000000008ab00000, 0x000000008ab00000| Complete 
|  84|0x000000008ac00000, 0x000000008ad00000, 0x000000008ad00000|100%| S|CS|TAMS 0x000000008ac00000, 0x000000008ac00000| Complete 
|  85|0x000000008ad00000, 0x000000008ae00000, 0x000000008ae00000|100%| S|CS|TAMS 0x000000008ad00000, 0x000000008ad00000| Complete 
|  86|0x000000008ae00000, 0x000000008af00000, 0x000000008af00000|100%| S|CS|TAMS 0x000000008ae00000, 0x000000008ae00000| Complete 
|  87|0x000000008af00000, 0x000000008b000000, 0x000000008b000000|100%| S|CS|TAMS 0x000000008af00000, 0x000000008af00000| Complete 
|  88|0x000000008b000000, 0x000000008b100000, 0x000000008b100000|100%| S|CS|TAMS 0x000000008b000000, 0x000000008b000000| Complete 
|  89|0x000000008b100000, 0x000000008b200000, 0x000000008b200000|100%| S|CS|TAMS 0x000000008b100000, 0x000000008b100000| Complete 
|  90|0x000000008b200000, 0x000000008b300000, 0x000000008b300000|100%| S|CS|TAMS 0x000000008b200000, 0x000000008b200000| Complete 
|  91|0x000000008b300000, 0x000000008b300000, 0x000000008b400000|  0%| F|  |TAMS 0x000000008b300000, 0x000000008b300000| Untracked 
|  92|0x000000008b400000, 0x000000008b400000, 0x000000008b500000|  0%| F|  |TAMS 0x000000008b400000, 0x000000008b400000| Untracked 
|  93|0x000000008b500000, 0x000000008b500000, 0x000000008b600000|  0%| F|  |TAMS 0x000000008b500000, 0x000000008b500000| Untracked 
|  94|0x000000008b600000, 0x000000008b600000, 0x000000008b700000|  0%| F|  |TAMS 0x000000008b600000, 0x000000008b600000| Untracked 
|  95|0x000000008b700000, 0x000000008b700000, 0x000000008b800000|  0%| F|  |TAMS 0x000000008b700000, 0x000000008b700000| Untracked 
|  96|0x000000008b800000, 0x000000008b800000, 0x000000008b900000|  0%| F|  |TAMS 0x000000008b800000, 0x000000008b800000| Untracked 
|  97|0x000000008b900000, 0x000000008b900000, 0x000000008ba00000|  0%| F|  |TAMS 0x000000008b900000, 0x000000008b900000| Untracked 
|  98|0x000000008ba00000, 0x000000008ba00000, 0x000000008bb00000|  0%| F|  |TAMS 0x000000008ba00000, 0x000000008ba00000| Untracked 
|  99|0x000000008bb00000, 0x000000008bb00000, 0x000000008bc00000|  0%| F|  |TAMS 0x000000008bb00000, 0x000000008bb00000| Untracked 
| 100|0x000000008bc00000, 0x000000008bc00000, 0x000000008bd00000|  0%| F|  |TAMS 0x000000008bc00000, 0x000000008bc00000| Untracked 
| 101|0x000000008bd00000, 0x000000008bd00000, 0x000000008be00000|  0%| F|  |TAMS 0x000000008bd00000, 0x000000008bd00000| Untracked 
| 102|0x000000008be00000, 0x000000008be00000, 0x000000008bf00000|  0%| F|  |TAMS 0x000000008be00000, 0x000000008be00000| Untracked 
| 103|0x000000008bf00000, 0x000000008bf00000, 0x000000008c000000|  0%| F|  |TAMS 0x000000008bf00000, 0x000000008bf00000| Untracked 
| 104|0x000000008c000000, 0x000000008c000000, 0x000000008c100000|  0%| F|  |TAMS 0x000000008c000000, 0x000000008c000000| Untracked 
| 105|0x000000008c100000, 0x000000008c100000, 0x000000008c200000|  0%| F|  |TAMS 0x000000008c100000, 0x000000008c100000| Untracked 
| 106|0x000000008c200000, 0x000000008c200000, 0x000000008c300000|  0%| F|  |TAMS 0x000000008c200000, 0x000000008c200000| Untracked 
| 107|0x000000008c300000, 0x000000008c300000, 0x000000008c400000|  0%| F|  |TAMS 0x000000008c300000, 0x000000008c300000| Untracked 
| 108|0x000000008c400000, 0x000000008c400000, 0x000000008c500000|  0%| F|  |TAMS 0x000000008c400000, 0x000000008c400000| Untracked 
| 109|0x000000008c500000, 0x000000008c500000, 0x000000008c600000|  0%| F|  |TAMS 0x000000008c500000, 0x000000008c500000| Untracked 
| 110|0x000000008c600000, 0x000000008c600000, 0x000000008c700000|  0%| F|  |TAMS 0x000000008c600000, 0x000000008c600000| Untracked 
| 111|0x000000008c700000, 0x000000008c700000, 0x000000008c800000|  0%| F|  |TAMS 0x000000008c700000, 0x000000008c700000| Untracked 
| 112|0x000000008c800000, 0x000000008c800000, 0x000000008c900000|  0%| F|  |TAMS 0x000000008c800000, 0x000000008c800000| Untracked 
| 113|0x000000008c900000, 0x000000008c900000, 0x000000008ca00000|  0%| F|  |TAMS 0x000000008c900000, 0x000000008c900000| Untracked 
| 114|0x000000008ca00000, 0x000000008ca00000, 0x000000008cb00000|  0%| F|  |TAMS 0x000000008ca00000, 0x000000008ca00000| Untracked 
| 115|0x000000008cb00000, 0x000000008cb00000, 0x000000008cc00000|  0%| F|  |TAMS 0x000000008cb00000, 0x000000008cb00000| Untracked 
| 116|0x000000008cc00000, 0x000000008cc00000, 0x000000008cd00000|  0%| F|  |TAMS 0x000000008cc00000, 0x000000008cc00000| Untracked 
| 117|0x000000008cd00000, 0x000000008cd00000, 0x000000008ce00000|  0%| F|  |TAMS 0x000000008cd00000, 0x000000008cd00000| Untracked 
| 118|0x000000008ce00000, 0x000000008ce00000, 0x000000008cf00000|  0%| F|  |TAMS 0x000000008ce00000, 0x000000008ce00000| Untracked 
| 119|0x000000008cf00000, 0x000000008cf00000, 0x000000008d000000|  0%| F|  |TAMS 0x000000008cf00000, 0x000000008cf00000| Untracked 
| 120|0x000000008d000000, 0x000000008d000000, 0x000000008d100000|  0%| F|  |TAMS 0x000000008d000000, 0x000000008d000000| Untracked 
| 121|0x000000008d100000, 0x000000008d100000, 0x000000008d200000|  0%| F|  |TAMS 0x000000008d100000, 0x000000008d100000| Untracked 
| 122|0x000000008d200000, 0x000000008d200000, 0x000000008d300000|  0%| F|  |TAMS 0x000000008d200000, 0x000000008d200000| Untracked 
| 123|0x000000008d300000, 0x000000008d300000, 0x000000008d400000|  0%| F|  |TAMS 0x000000008d300000, 0x000000008d300000| Untracked 
| 124|0x000000008d400000, 0x000000008d400000, 0x000000008d500000|  0%| F|  |TAMS 0x000000008d400000, 0x000000008d400000| Untracked 
| 125|0x000000008d500000, 0x000000008d500000, 0x000000008d600000|  0%| F|  |TAMS 0x000000008d500000, 0x000000008d500000| Untracked 
| 126|0x000000008d600000, 0x000000008d600000, 0x000000008d700000|  0%| F|  |TAMS 0x000000008d600000, 0x000000008d600000| Untracked 
| 127|0x000000008d700000, 0x000000008d700000, 0x000000008d800000|  0%| F|  |TAMS 0x000000008d700000, 0x000000008d700000| Untracked 
| 128|0x000000008d800000, 0x000000008d800000, 0x000000008d900000|  0%| F|  |TAMS 0x000000008d800000, 0x000000008d800000| Untracked 
| 129|0x000000008d900000, 0x000000008d900000, 0x000000008da00000|  0%| F|  |TAMS 0x000000008d900000, 0x000000008d900000| Untracked 
| 130|0x000000008da00000, 0x000000008da00000, 0x000000008db00000|  0%| F|  |TAMS 0x000000008da00000, 0x000000008da00000| Untracked 
| 131|0x000000008db00000, 0x000000008db00000, 0x000000008dc00000|  0%| F|  |TAMS 0x000000008db00000, 0x000000008db00000| Untracked 
| 132|0x000000008dc00000, 0x000000008dc00000, 0x000000008dd00000|  0%| F|  |TAMS 0x000000008dc00000, 0x000000008dc00000| Untracked 
| 133|0x000000008dd00000, 0x000000008dd00000, 0x000000008de00000|  0%| F|  |TAMS 0x000000008dd00000, 0x000000008dd00000| Untracked 
| 134|0x000000008de00000, 0x000000008de00000, 0x000000008df00000|  0%| F|  |TAMS 0x000000008de00000, 0x000000008de00000| Untracked 
| 135|0x000000008df00000, 0x000000008df00000, 0x000000008e000000|  0%| F|  |TAMS 0x000000008df00000, 0x000000008df00000| Untracked 
| 136|0x000000008e000000, 0x000000008e000000, 0x000000008e100000|  0%| F|  |TAMS 0x000000008e000000, 0x000000008e000000| Untracked 
| 137|0x000000008e100000, 0x000000008e100000, 0x000000008e200000|  0%| F|  |TAMS 0x000000008e100000, 0x000000008e100000| Untracked 
| 138|0x000000008e200000, 0x000000008e200000, 0x000000008e300000|  0%| F|  |TAMS 0x000000008e200000, 0x000000008e200000| Untracked 
| 139|0x000000008e300000, 0x000000008e300000, 0x000000008e400000|  0%| F|  |TAMS 0x000000008e300000, 0x000000008e300000| Untracked 
| 140|0x000000008e400000, 0x000000008e400000, 0x000000008e500000|  0%| F|  |TAMS 0x000000008e400000, 0x000000008e400000| Untracked 
| 141|0x000000008e500000, 0x000000008e500000, 0x000000008e600000|  0%| F|  |TAMS 0x000000008e500000, 0x000000008e500000| Untracked 
| 142|0x000000008e600000, 0x000000008e600000, 0x000000008e700000|  0%| F|  |TAMS 0x000000008e600000, 0x000000008e600000| Untracked 
| 143|0x000000008e700000, 0x000000008e700000, 0x000000008e800000|  0%| F|  |TAMS 0x000000008e700000, 0x000000008e700000| Untracked 
| 144|0x000000008e800000, 0x000000008e800000, 0x000000008e900000|  0%| F|  |TAMS 0x000000008e800000, 0x000000008e800000| Untracked 
| 145|0x000000008e900000, 0x000000008ea00000, 0x000000008ea00000|100%| E|  |TAMS 0x000000008e900000, 0x000000008e900000| Complete 
| 146|0x000000008ea00000, 0x000000008eb00000, 0x000000008eb00000|100%| E|CS|TAMS 0x000000008ea00000, 0x000000008ea00000| Complete 
| 147|0x000000008eb00000, 0x000000008ec00000, 0x000000008ec00000|100%| E|CS|TAMS 0x000000008eb00000, 0x000000008eb00000| Complete 
| 148|0x000000008ec00000, 0x000000008ed00000, 0x000000008ed00000|100%| E|CS|TAMS 0x000000008ec00000, 0x000000008ec00000| Complete 
| 149|0x000000008ed00000, 0x000000008ee00000, 0x000000008ee00000|100%| E|CS|TAMS 0x000000008ed00000, 0x000000008ed00000| Complete 
| 150|0x000000008ee00000, 0x000000008ef00000, 0x000000008ef00000|100%| E|CS|TAMS 0x000000008ee00000, 0x000000008ee00000| Complete 
| 151|0x000000008ef00000, 0x000000008f000000, 0x000000008f000000|100%| E|CS|TAMS 0x000000008ef00000, 0x000000008ef00000| Complete 
| 152|0x000000008f000000, 0x000000008f100000, 0x000000008f100000|100%| E|CS|TAMS 0x000000008f000000, 0x000000008f000000| Complete 
| 153|0x000000008f100000, 0x000000008f200000, 0x000000008f200000|100%| E|CS|TAMS 0x000000008f100000, 0x000000008f100000| Complete 
| 154|0x000000008f200000, 0x000000008f300000, 0x000000008f300000|100%| E|CS|TAMS 0x000000008f200000, 0x000000008f200000| Complete 
| 155|0x000000008f300000, 0x000000008f400000, 0x000000008f400000|100%| E|CS|TAMS 0x000000008f300000, 0x000000008f300000| Complete 

Card table byte_map: [0x00000163b5750000,0x00000163b5b30000] _byte_map_base: 0x00000163b5324000

Marking Bits (Prev, Next): (CMBitMap*) 0x00000163a061e678, (CMBitMap*) 0x00000163a061e6b0
 Prev Bits: [0x00000163b5f10000, 0x00000163b7db0000)
 Next Bits: [0x00000163b7db0000, 0x00000163b9c50000)

Polling page: 0x00000163a06c0000

Metaspace:

Usage:
  Non-class:     47.40 MB capacity,    47.05 MB (>99%) used,   281.27 KB ( <1%) free+waste,    80.19 KB ( <1%) overhead. 
      Class:      6.22 MB capacity,     6.01 MB ( 97%) used,   175.91 KB (  3%) free+waste,    34.19 KB ( <1%) overhead. 
       Both:     53.62 MB capacity,    53.06 MB ( 99%) used,   457.18 KB ( <1%) free+waste,   114.38 KB ( <1%) overhead. 

Virtual space:
  Non-class space:       48.00 MB reserved,      47.50 MB ( 99%) committed 
      Class space:        1.00 GB reserved,       6.25 MB ( <1%) committed 
             Both:        1.05 GB reserved,      53.75 MB (  5%) committed 

Chunk freelists:
   Non-Class:  38.00 KB
       Class:  1.00 KB
        Both:  39.00 KB

MaxMetaspaceSize: 17179869184.00 GB
CompressedClassSpaceSize: 1.00 GB
Initial GC threshold: 20.80 MB
Current GC threshold: 58.75 MB
CDS: off

CodeHeap 'non-profiled nmethods': size=120000Kb used=2878Kb max_used=2878Kb free=117121Kb
 bounds [0x00000163ad3d0000, 0x00000163ad6a0000, 0x00000163b4900000]
CodeHeap 'profiled nmethods': size=120000Kb used=13634Kb max_used=13634Kb free=106365Kb
 bounds [0x00000163a5ea0000, 0x00000163a6c00000, 0x00000163ad3d0000]
CodeHeap 'non-nmethods': size=5760Kb used=1324Kb max_used=1360Kb free=4435Kb
 bounds [0x00000163a5900000, 0x00000163a5b70000, 0x00000163a5ea0000]
 total_blobs=6081 nmethods=5500 adapters=490
 compilation: enabled
              stopped_count=0, restarted_count=0
 full_count=0

Compilation events (20 events):
Event: 3.644 Thread 0x00000163bd0a0000 nmethod 5501 0x00000163a6be6d10 code [0x00000163a6be6ee0, 0x00000163a6be7198]
Event: 3.644 Thread 0x00000163bd0a0000 5502       3       java.util.concurrent.locks.AbstractQueuedSynchronizer::releaseShared (16 bytes)
Event: 3.644 Thread 0x00000163bd0a0000 nmethod 5502 0x00000163a6be7290 code [0x00000163a6be7460, 0x00000163a6be7698]
Event: 3.644 Thread 0x00000163bd0a0000 5500       3       org.jetbrains.kotlin.com.intellij.openapi.vfs.local.CoreLocalVirtualFile::equals (41 bytes)
Event: 3.644 Thread 0x00000163bd0a0000 nmethod 5500 0x00000163a6be7790 code [0x00000163a6be79c0, 0x00000163a6be8188]
Event: 3.644 Thread 0x00000163bd0a0000 5503       3       org.jetbrains.kotlin.descriptors.PackageFragmentProviderKt::collectPackageFragmentsOptimizedIfPossible (57 bytes)
Event: 3.644 Thread 0x00000163bd0a0000 nmethod 5503 0x00000163a6be8410 code [0x00000163a6be8780, 0x00000163a6be9ba8]
Event: 3.644 Thread 0x00000163bd0a0000 5504       3       org.jetbrains.kotlin.name.Name::hashCode (28 bytes)
Event: 3.644 Thread 0x00000163bd0a0000 nmethod 5504 0x00000163a6bea190 code [0x00000163a6bea340, 0x00000163a6bea4e8]
Event: 3.645 Thread 0x00000163bd0a0000 5505       3       org.jetbrains.kotlin.load.java.lazy.descriptors.JvmPackageScope::recordLookup (35 bytes)
Event: 3.645 Thread 0x00000163bd0a0000 nmethod 5505 0x00000163a6bea610 code [0x00000163a6bea8c0, 0x00000163a6beb368]
Event: 3.645 Thread 0x00000163bd0a0000 5496       3       org.jetbrains.kotlin.cli.jvm.index.JavaRoot$RootTypes::getSourceAndBinary (4 bytes)
Event: 3.645 Thread 0x00000163bd0a0000 nmethod 5496 0x00000163a6beb790 code [0x00000163a6beb940, 0x00000163a6beba98]
Event: 3.645 Thread 0x00000163bd0a0000 5497       3       org.jetbrains.kotlin.cli.jvm.index.JavaRoot::access$getSourceAndBinary$cp (4 bytes)
Event: 3.645 Thread 0x00000163bd0a0000 nmethod 5497 0x00000163a6bebb90 code [0x00000163a6bebd40, 0x00000163a6bebe38]
Event: 3.645 Thread 0x00000163bd0a0000 5491       1       org.jetbrains.kotlin.types.TypeSubstitution::approximateCapturedTypes (2 bytes)
Event: 3.645 Thread 0x00000163bd0a0000 nmethod 5491 0x00000163ad698710 code [0x00000163ad6988c0, 0x00000163ad698978]
Event: 3.645 Thread 0x00000163bd0a0000 5499       1       org.jetbrains.kotlin.descriptors.impl.LazyPackageViewDescriptorImpl::getModule (5 bytes)
Event: 3.645 Thread 0x00000163bd0a0000 nmethod 5499 0x00000163ad698a10 code [0x00000163ad698bc0, 0x00000163ad698c78]
Event: 3.647 Thread 0x00000163bd0a0000 5508       3       org.jetbrains.kotlin.util.slicedMap.OpenAddressLinearProbingHashTableKt::put (80 bytes)

GC Heap History (14 events):
Event: 0.468 GC heap before
{Heap before GC invocations=0 (full 0):
 garbage-first heap   total 126976K, used 28672K [0x0000000085800000, 0x0000000100000000)
  region size 1024K, 24 young (24576K), 0 survivors (0K)
 Metaspace       used 12141K, capacity 12280K, committed 12544K, reserved 1060864K
  class space    used 1121K, capacity 1175K, committed 1280K, reserved 1048576K
}
Event: 0.471 GC heap after
{Heap after GC invocations=1 (full 0):
 garbage-first heap   total 126976K, used 6963K [0x0000000085800000, 0x0000000100000000)
  region size 1024K, 3 young (3072K), 3 survivors (3072K)
 Metaspace       used 12141K, capacity 12280K, committed 12544K, reserved 1060864K
  class space    used 1121K, capacity 1175K, committed 1280K, reserved 1048576K
}
Event: 0.909 GC heap before
{Heap before GC invocations=1 (full 0):
 garbage-first heap   total 126976K, used 44851K [0x0000000085800000, 0x0000000100000000)
  region size 1024K, 41 young (41984K), 3 survivors (3072K)
 Metaspace       used 21006K, capacity 21185K, committed 21248K, reserved 1069056K
  class space    used 2217K, capacity 2302K, committed 2304K, reserved 1048576K
}
Event: 0.919 GC heap after
{Heap after GC invocations=2 (full 0):
 garbage-first heap   total 126976K, used 10240K [0x0000000085800000, 0x0000000100000000)
  region size 1024K, 6 young (6144K), 6 survivors (6144K)
 Metaspace       used 21006K, capacity 21185K, committed 21248K, reserved 1069056K
  class space    used 2217K, capacity 2302K, committed 2304K, reserved 1048576K
}
Event: 1.527 GC heap before
{Heap before GC invocations=3 (full 0):
 garbage-first heap   total 126976K, used 67584K [0x0000000085800000, 0x0000000100000000)
  region size 1024K, 56 young (57344K), 6 survivors (6144K)
 Metaspace       used 32123K, capacity 32578K, committed 32640K, reserved 1077248K
  class space    used 3992K, capacity 4177K, committed 4224K, reserved 1048576K
}
Event: 1.545 GC heap after
{Heap after GC invocations=4 (full 0):
 garbage-first heap   total 126976K, used 23153K [0x0000000085800000, 0x0000000100000000)
  region size 1024K, 7 young (7168K), 7 survivors (7168K)
 Metaspace       used 32123K, capacity 32578K, committed 32640K, reserved 1077248K
  class space    used 3992K, capacity 4177K, committed 4224K, reserved 1048576K
}
Event: 1.701 GC heap before
{Heap before GC invocations=4 (full 0):
 garbage-first heap   total 126976K, used 37489K [0x0000000085800000, 0x0000000100000000)
  region size 1024K, 22 young (22528K), 7 survivors (7168K)
 Metaspace       used 35312K, capacity 35725K, committed 35840K, reserved 1081344K
  class space    used 4329K, capacity 4501K, committed 4608K, reserved 1048576K
}
Event: 1.711 GC heap after
{Heap after GC invocations=5 (full 0):
 garbage-first heap   total 126976K, used 25233K [0x0000000085800000, 0x0000000100000000)
  region size 1024K, 2 young (2048K), 2 survivors (2048K)
 Metaspace       used 35312K, capacity 35725K, committed 35840K, reserved 1081344K
  class space    used 4329K, capacity 4501K, committed 4608K, reserved 1048576K
}
Event: 2.194 GC heap before
{Heap before GC invocations=6 (full 0):
 garbage-first heap   total 126976K, used 69265K [0x0000000085800000, 0x0000000100000000)
  region size 1024K, 45 young (46080K), 2 survivors (2048K)
 Metaspace       used 44512K, capacity 44983K, committed 45184K, reserved 1089536K
  class space    used 5227K, capacity 5430K, committed 5504K, reserved 1048576K
}
Event: 2.204 GC heap after
{Heap after GC invocations=7 (full 0):
 garbage-first heap   total 159744K, used 26961K [0x0000000085800000, 0x0000000100000000)
  region size 1024K, 6 young (6144K), 6 survivors (6144K)
 Metaspace       used 44512K, capacity 44983K, committed 45184K, reserved 1089536K
  class space    used 5227K, capacity 5430K, committed 5504K, reserved 1048576K
}
Event: 2.849 GC heap before
{Heap before GC invocations=7 (full 0):
 garbage-first heap   total 159744K, used 86353K [0x0000000085800000, 0x0000000100000000)
  region size 1024K, 61 young (62464K), 6 survivors (6144K)
 Metaspace       used 49967K, capacity 50472K, committed 50688K, reserved 1093632K
  class space    used 5824K, capacity 6044K, committed 6144K, reserved 1048576K
}
Event: 2.859 GC heap after
{Heap after GC invocations=8 (full 0):
 garbage-first heap   total 159744K, used 34917K [0x0000000085800000, 0x0000000100000000)
  region size 1024K, 8 young (8192K), 8 survivors (8192K)
 Metaspace       used 49967K, capacity 50472K, committed 50688K, reserved 1093632K
  class space    used 5824K, capacity 6044K, committed 6144K, reserved 1048576K
}
Event: 3.524 GC heap before
{Heap before GC invocations=8 (full 0):
 garbage-first heap   total 159744K, used 93285K [0x0000000085800000, 0x0000000100000000)
  region size 1024K, 65 young (66560K), 8 survivors (8192K)
 Metaspace       used 52516K, capacity 53000K, committed 53376K, reserved 1095680K
  class space    used 5955K, capacity 6158K, committed 6272K, reserved 1048576K
}
Event: 3.541 GC heap after
{Heap after GC invocations=9 (full 0):
 garbage-first heap   total 159744K, used 43957K [0x0000000085800000, 0x0000000100000000)
  region size 1024K, 9 young (9216K), 9 survivors (9216K)
 Metaspace       used 52516K, capacity 53000K, committed 53376K, reserved 1095680K
  class space    used 5955K, capacity 6158K, committed 6272K, reserved 1048576K
}

Deoptimization events (20 events):
Event: 3.640 Thread 0x00000163a05e1000 Uncommon trap: trap_request=0xffffffde fr.pc=0x00000163ad656c5c relative=0x00000000000005fc
Event: 3.640 Thread 0x00000163a05e1000 Uncommon trap: reason=class_check action=maybe_recompile pc=0x00000163ad656c5c method=org.jetbrains.kotlin.load.java.lazy.descriptors.JvmPackageScope.getContributedClassifier(Lorg/jetbrains/kotlin/name/Name;Lorg/jetbrains/kotlin/incremental/components/Loo
Event: 3.640 Thread 0x00000163a05e1000 DEOPT PACKING pc=0x00000163ad656c5c sp=0x0000005d317fc090
Event: 3.640 Thread 0x00000163a05e1000 DEOPT UNPACKING pc=0x00000163a59085af sp=0x0000005d317fc010 mode 2
Event: 3.641 Thread 0x00000163a05e1000 Uncommon trap: trap_request=0xffffffde fr.pc=0x00000163ad656c5c relative=0x00000000000005fc
Event: 3.641 Thread 0x00000163a05e1000 Uncommon trap: reason=class_check action=maybe_recompile pc=0x00000163ad656c5c method=org.jetbrains.kotlin.load.java.lazy.descriptors.JvmPackageScope.getContributedClassifier(Lorg/jetbrains/kotlin/name/Name;Lorg/jetbrains/kotlin/incremental/components/Loo
Event: 3.641 Thread 0x00000163a05e1000 DEOPT PACKING pc=0x00000163ad656c5c sp=0x0000005d317fc090
Event: 3.641 Thread 0x00000163a05e1000 DEOPT UNPACKING pc=0x00000163a59085af sp=0x0000005d317fc010 mode 2
Event: 3.645 Thread 0x00000163a05e1000 Uncommon trap: trap_request=0xffffffde fr.pc=0x00000163ad653bf4 relative=0x0000000000000594
Event: 3.645 Thread 0x00000163a05e1000 Uncommon trap: reason=class_check action=maybe_recompile pc=0x00000163ad653bf4 method=org.jetbrains.kotlin.com.intellij.openapi.vfs.VirtualFile.getExtension()Ljava/lang/String; @ 1 c2
Event: 3.645 Thread 0x00000163a05e1000 DEOPT PACKING pc=0x00000163ad653bf4 sp=0x0000005d317fc530
Event: 3.645 Thread 0x00000163a05e1000 DEOPT UNPACKING pc=0x00000163a59085af sp=0x0000005d317fc508 mode 2
Event: 3.645 Thread 0x00000163a05e1000 Uncommon trap: trap_request=0xffffffde fr.pc=0x00000163ad653bf4 relative=0x0000000000000594
Event: 3.645 Thread 0x00000163a05e1000 Uncommon trap: reason=class_check action=maybe_recompile pc=0x00000163ad653bf4 method=org.jetbrains.kotlin.com.intellij.openapi.vfs.VirtualFile.getExtension()Ljava/lang/String; @ 1 c2
Event: 3.645 Thread 0x00000163a05e1000 DEOPT PACKING pc=0x00000163ad653bf4 sp=0x0000005d317fc530
Event: 3.645 Thread 0x00000163a05e1000 DEOPT UNPACKING pc=0x00000163a59085af sp=0x0000005d317fc508 mode 2
Event: 3.645 Thread 0x00000163a05e1000 Uncommon trap: trap_request=0xffffff4d fr.pc=0x00000163ad43b368 relative=0x0000000000000048
Event: 3.645 Thread 0x00000163a05e1000 Uncommon trap: reason=unstable_if action=reinterpret pc=0x00000163ad43b368 method=kotlin.jvm.internal.Intrinsics.areEqual(Ljava/lang/Object;Ljava/lang/Object;)Z @ 5 c2
Event: 3.645 Thread 0x00000163a05e1000 DEOPT PACKING pc=0x00000163ad43b368 sp=0x0000005d317fc610
Event: 3.645 Thread 0x00000163a05e1000 DEOPT UNPACKING pc=0x00000163a59085af sp=0x0000005d317fc5a0 mode 2

Classes redefined (0 events):
No events

Internal exceptions (20 events):
Event: 0.979 Thread 0x00000163a05e1000 Exception <a 'java/lang/NoSuchMethodError'{0x000000008ce541c0}: 'void java.lang.invoke.DirectMethodHandle$Holder.invokeSpecial(java.lang.Object, java.lang.Object)'> (0x000000008ce541c0) thrown at [src/hotspot/share/interpreter/linkResolver.cpp, line 773]
Event: 1.088 Thread 0x00000163a05e1000 Exception <a 'java/lang/NoSuchMethodError'{0x000000008c505cb8}: 'java.lang.Object java.lang.invoke.DirectMethodHandle$Holder.invokeStatic(java.lang.Object, java.lang.Object, java.lang.Object, java.lang.Object, java.lang.Object, java.lang.Object, java.lang.Object, java.lang.Object, java.lang.Object, java.lang.Object, java.lang.Object, java.lang.Object, java.lang.Object, java.lang.Object, java.lang.Object)'> (0x000000008c505cb8) thrown at [src/hotspot/share/interpreter/linkResolver.cpp, line 773]
Event: 1.089 Thread 0x00000163a05e1000 Exception <a 'java/lang/NoSuchMethodError'{0x000000008c513cc0}: 'java.lang.Object java.lang.invoke.DirectMethodHandle$Holder.invokeStatic(java.lang.Object, java.lang.Object, java.lang.Object, java.lang.Object, java.lang.Object, java.lang.Object, java.lang.Object, java.lang.Object, java.lang.Object, java.lang.Object, java.lang.Object, java.lang.Object, java.lang.Object, java.lang.Object, java.lang.Object, java.lang.Object)'> (0x000000008c513cc0) thrown at [src/hotspot/share/interpreter/linkResolver.cpp, lin
Event: 1.090 Thread 0x00000163a05e1000 Exception <a 'java/lang/NoSuchMethodError'{0x000000008c521bd8}: 'java.lang.Object java.lang.invoke.DirectMethodHandle$Holder.invokeSpecial(java.lang.Object, java.lang.Object, int, int, java.lang.Object, java.lang.Object, java.lang.Object)'> (0x000000008c521bd8) thrown at [src/hotspot/share/interpreter/linkResolver.cpp, line 773]
Event: 1.090 Thread 0x00000163a05e1000 Exception <a 'java/lang/NoSuchMethodError'{0x000000008c525410}: 'java.lang.Object java.lang.invoke.DelegatingMethodHandle$Holder.reinvoke_L(java.lang.Object, int, int, java.lang.Object, java.lang.Object, java.lang.Object)'> (0x000000008c525410) thrown at [src/hotspot/share/interpreter/linkResolver.cpp, line 773]
Event: 1.091 Thread 0x00000163a05e1000 Exception <a 'java/lang/NoSuchMethodError'{0x000000008c529798}: 'java.lang.Object java.lang.invoke.DirectMethodHandle$Holder.invokeStatic(java.lang.Object, java.lang.Object, java.lang.Object, java.lang.Object, int)'> (0x000000008c529798) thrown at [src/hotspot/share/interpreter/linkResolver.cpp, line 773]
Event: 1.115 Thread 0x00000163a05e1000 Exception <a 'java/lang/NoSuchMethodError'{0x000000008c44dd70}: 'void java.lang.invoke.DirectMethodHandle$Holder.invokeStatic(java.lang.Object, java.lang.Object, java.lang.Object, java.lang.Object)'> (0x000000008c44dd70) thrown at [src/hotspot/share/interpreter/linkResolver.cpp, line 773]
Event: 1.152 Thread 0x00000163a05e1000 Exception <a 'java/lang/NoSuchMethodError'{0x000000008c036230}: 'void java.lang.invoke.DirectMethodHandle$Holder.invokeStaticInit(java.lang.Object, java.lang.Object)'> (0x000000008c036230) thrown at [src/hotspot/share/interpreter/linkResolver.cpp, line 773]
Event: 1.206 Thread 0x00000163a05e1000 Exception <a 'java/lang/NoSuchMethodError'{0x000000008bc965f0}: 'void java.lang.invoke.DirectMethodHandle$Holder.invokeVirtual(java.lang.Object, java.lang.Object)'> (0x000000008bc965f0) thrown at [src/hotspot/share/interpreter/linkResolver.cpp, line 773]
Event: 1.212 Thread 0x00000163a05e1000 Exception <a 'java/lang/NoSuchMethodError'{0x000000008bb2ae80}: 'int java.lang.invoke.DirectMethodHandle$Holder.invokeVirtual(java.lang.Object, java.lang.Object)'> (0x000000008bb2ae80) thrown at [src/hotspot/share/interpreter/linkResolver.cpp, line 773]
Event: 1.697 Thread 0x00000163a05e1000 Exception <a 'java/lang/NoSuchMethodError'{0x000000008c6f7a70}: 'java.lang.Object java.lang.invoke.DirectMethodHandle$Holder.invokeVirtual(java.lang.Object, java.lang.Object, java.lang.Object)'> (0x000000008c6f7a70) thrown at [src/hotspot/share/interpreter/linkResolver.cpp, line 773]
Event: 2.183 Thread 0x00000163a05e1000 Exception <a 'java/lang/NoSuchMethodError'{0x000000008a7bb868}: 'java.lang.Object java.lang.invoke.DirectMethodHandle$Holder.invokeStatic(java.lang.Object, java.lang.Object, java.lang.Object, int)'> (0x000000008a7bb868) thrown at [src/hotspot/share/interpreter/linkResolver.cpp, line 773]
Event: 2.183 Thread 0x00000163a05e1000 Exception <a 'java/lang/NoSuchMethodError'{0x000000008a7bf4d8}: 'java.lang.Object java.lang.invoke.DirectMethodHandle$Holder.invokeSpecial(java.lang.Object, java.lang.Object, java.lang.Object, java.lang.Object, int)'> (0x000000008a7bf4d8) thrown at [src/hotspot/share/interpreter/linkResolver.cpp, line 773]
Event: 2.184 Thread 0x00000163a05e1000 Exception <a 'java/lang/NoSuchMethodError'{0x000000008a7c27e8}: 'java.lang.Object java.lang.invoke.Invokers$Holder.linkToTargetMethod(java.lang.Object, java.lang.Object, int, java.lang.Object)'> (0x000000008a7c27e8) thrown at [src/hotspot/share/interpreter/linkResolver.cpp, line 773]
Event: 2.539 Thread 0x00000163a05e1000 Exception <a 'java/lang/NoSuchMethodError'{0x000000008e5aa7a8}: 'java.lang.Object java.lang.invoke.Invokers$Holder.linkToTargetMethod(java.lang.Object, int, java.lang.Object)'> (0x000000008e5aa7a8) thrown at [src/hotspot/share/interpreter/linkResolver.cpp, line 773]
Event: 2.952 Thread 0x00000163a05e1000 Exception <a 'java/lang/NoSuchMethodError'{0x000000008ee3dee8}: 'java.lang.Object java.lang.invoke.DirectMethodHandle$Holder.invokeStaticInit(java.lang.Object, java.lang.Object, java.lang.Object)'> (0x000000008ee3dee8) thrown at [src/hotspot/share/interpreter/linkResolver.cpp, line 773]
Event: 3.387 Thread 0x00000163a05e1000 Exception <a 'java/lang/NoSuchMethodError'{0x000000008d051910}: 'java.lang.Object java.lang.invoke.DirectMethodHandle$Holder.invokeStatic(java.lang.Object, int, java.lang.Object, java.lang.Object)'> (0x000000008d051910) thrown at [src/hotspot/share/interpreter/linkResolver.cpp, line 773]
Event: 3.387 Thread 0x00000163a05e1000 Exception <a 'java/lang/NoSuchMethodError'{0x000000008d058f30}: 'java.lang.Object java.lang.invoke.DirectMethodHandle$Holder.invokeStatic(java.lang.Object, int, java.lang.Object)'> (0x000000008d058f30) thrown at [src/hotspot/share/interpreter/linkResolver.cpp, line 773]
Event: 3.387 Thread 0x00000163a05e1000 Exception <a 'java/lang/NoSuchMethodError'{0x000000008d05ed00}: 'int java.lang.invoke.DirectMethodHandle$Holder.invokeInterface(java.lang.Object, java.lang.Object)'> (0x000000008d05ed00) thrown at [src/hotspot/share/interpreter/linkResolver.cpp, line 773]
Event: 3.639 Thread 0x00000163a05e1000 Implicit null exception at 0x00000163ad432ade to 0x00000163ad43324a

Events (20 events):
Event: 3.637 loading class org/jetbrains/kotlin/resolve/calls/util/CallMaker$CallImpl
Event: 3.637 loading class org/jetbrains/kotlin/resolve/calls/util/CallMaker$CallImpl done
Event: 3.638 loading class org/jetbrains/kotlin/resolve/calls/model/ResolvedCallImpl
Event: 3.638 loading class org/jetbrains/kotlin/resolve/calls/model/ResolvedCallImpl done
Event: 3.639 loading class org/jetbrains/kotlin/resolve/calls/model/ArgumentMapping
Event: 3.639 loading class org/jetbrains/kotlin/resolve/calls/model/ArgumentMapping done
Event: 3.639 loading class org/jetbrains/kotlin/resolve/scopes/utils/ScopeUtilsKt$parentsWithSelf$1
Event: 3.639 loading class org/jetbrains/kotlin/resolve/scopes/utils/ScopeUtilsKt$parentsWithSelf$1 done
Event: 3.645 loading class org/jetbrains/kotlin/load/kotlin/KotlinJvmBinaryPackageSourceElement
Event: 3.645 loading class org/jetbrains/kotlin/load/kotlin/KotlinJvmBinaryPackageSourceElement done
Event: 3.645 loading class org/jetbrains/kotlin/types/expressions/LabelResolver$LabeledReceiverResolutionResult
Event: 3.645 loading class org/jetbrains/kotlin/types/expressions/LabelResolver$LabeledReceiverResolutionResult done
Event: 3.646 loading class org/jetbrains/kotlin/types/expressions/LabelResolver$LabeledReceiverResolutionResult$Companion
Event: 3.646 loading class org/jetbrains/kotlin/types/expressions/LabelResolver$LabeledReceiverResolutionResult$Companion done
Event: 3.646 loading class org/jetbrains/kotlin/types/expressions/LabelResolver$LabeledReceiverResolutionResult$Code
Event: 3.646 loading class org/jetbrains/kotlin/types/expressions/LabelResolver$LabeledReceiverResolutionResult$Code done
Event: 3.646 loading class org/jetbrains/kotlin/types/expressions/BasicExpressionTypingVisitor$1
Event: 3.646 loading class org/jetbrains/kotlin/types/expressions/BasicExpressionTypingVisitor$1 done
Event: 3.646 loading class org/jetbrains/kotlin/types/expressions/unqualifiedSuper/UnqualifiedSuperKt
Event: 3.646 loading class org/jetbrains/kotlin/types/expressions/unqualifiedSuper/UnqualifiedSuperKt done


Dynamic libraries:
0x00007ff752860000 - 0x00007ff75286a000 	C:\Program Files\Android\Android Studio1\jbr\bin\java.exe
0x00007ffcda5d0000 - 0x00007ffcda7c8000 	C:\windows\SYSTEM32\ntdll.dll
0x00007ffcd8a20000 - 0x00007ffcd8add000 	C:\windows\System32\KERNEL32.DLL
0x00007ffcd8330000 - 0x00007ffcd8626000 	C:\windows\System32\KERNELBASE.dll
0x00007ffcd80d0000 - 0x00007ffcd81d0000 	C:\windows\System32\ucrtbase.dll
0x00007ffccfe00000 - 0x00007ffccfe17000 	C:\Program Files\Android\Android Studio1\jbr\bin\jli.dll
0x00007ffccfde0000 - 0x00007ffccfdfb000 	C:\Program Files\Android\Android Studio1\jbr\bin\VCRUNTIME140.dll
0x00007ffcd9b80000 - 0x00007ffcd9d1e000 	C:\windows\System32\USER32.dll
0x00007ffcd7d90000 - 0x00007ffcd7db2000 	C:\windows\System32\win32u.dll
0x00007ffcd9b50000 - 0x00007ffcd9b7c000 	C:\windows\System32\GDI32.dll
0x00007ffcb8580000 - 0x00007ffcb881a000 	C:\windows\WinSxS\amd64_microsoft.windows.common-controls_6595b64144ccf1df_6.0.19041.3636_none_60b6a03d71f818d5\COMCTL32.dll
0x00007ffcd7dc0000 - 0x00007ffcd7eda000 	C:\windows\System32\gdi32full.dll
0x00007ffcd7fc0000 - 0x00007ffcd805d000 	C:\windows\System32\msvcp_win.dll
0x00007ffcd8ae0000 - 0x00007ffcd8b7e000 	C:\windows\System32\msvcrt.dll
0x00007ffcd8700000 - 0x00007ffcd8730000 	C:\windows\System32\IMM32.DLL
0x00007ffcd2910000 - 0x00007ffcd291c000 	C:\Program Files\Android\Android Studio1\jbr\bin\vcruntime140_1.dll
0x00007ffcb92c0000 - 0x00007ffcb934d000 	C:\Program Files\Android\Android Studio1\jbr\bin\msvcp140.dll
0x00007ffc4eb60000 - 0x00007ffc4f71c000 	C:\Program Files\Android\Android Studio1\jbr\bin\server\jvm.dll
0x00007ffcd87e0000 - 0x00007ffcd888f000 	C:\windows\System32\ADVAPI32.dll
0x00007ffcd9d20000 - 0x00007ffcd9dbc000 	C:\windows\System32\sechost.dll
0x00007ffcd88f0000 - 0x00007ffcd8a16000 	C:\windows\System32\RPCRT4.dll
0x00007ffcd8b80000 - 0x00007ffcd8b88000 	C:\windows\System32\PSAPI.DLL
0x00007ffcb8c10000 - 0x00007ffcb8c19000 	C:\windows\SYSTEM32\WSOCK32.dll
0x00007ffcb7bb0000 - 0x00007ffcb7bd7000 	C:\windows\SYSTEM32\WINMM.dll
0x00007ffcda490000 - 0x00007ffcda4fb000 	C:\windows\System32\WS2_32.dll
0x00007ffccbf10000 - 0x00007ffccbf1a000 	C:\windows\SYSTEM32\VERSION.dll
0x00007ffcd6500000 - 0x00007ffcd6512000 	C:\windows\SYSTEM32\kernel.appcore.dll
0x00007ffcce660000 - 0x00007ffcce670000 	C:\Program Files\Android\Android Studio1\jbr\bin\verify.dll
0x00007ffcd5a60000 - 0x00007ffcd5c44000 	C:\windows\SYSTEM32\DBGHELP.DLL
0x00007ffcbac60000 - 0x00007ffcbac94000 	C:\windows\SYSTEM32\dbgcore.DLL
0x00007ffcd7d00000 - 0x00007ffcd7d82000 	C:\windows\System32\bcryptPrimitives.dll
0x00007ffc4eb30000 - 0x00007ffc4eb58000 	C:\Program Files\Android\Android Studio1\jbr\bin\java.dll
0x00007ffccd920000 - 0x00007ffccd92a000 	C:\Program Files\Android\Android Studio1\jbr\bin\jimage.dll
0x00007ffcccd10000 - 0x00007ffcccd28000 	C:\Program Files\Android\Android Studio1\jbr\bin\zip.dll
0x00007ffcd9400000 - 0x00007ffcd9b45000 	C:\windows\System32\SHELL32.dll
0x00007ffcd5d50000 - 0x00007ffcd64eb000 	C:\windows\SYSTEM32\windows.storage.dll
0x00007ffcd8bf0000 - 0x00007ffcd8f44000 	C:\windows\System32\combase.dll
0x00007ffcd76f0000 - 0x00007ffcd771d000 	C:\windows\SYSTEM32\Wldp.dll
0x00007ffcd8730000 - 0x00007ffcd87dd000 	C:\windows\System32\SHCORE.dll
0x00007ffcd9270000 - 0x00007ffcd92c5000 	C:\windows\System32\shlwapi.dll
0x00007ffcd7be0000 - 0x00007ffcd7c05000 	C:\windows\SYSTEM32\profapi.dll
0x00007ffc4eb10000 - 0x00007ffc4eb29000 	C:\Program Files\Android\Android Studio1\jbr\bin\net.dll
0x00007ffcd1890000 - 0x00007ffcd199a000 	C:\windows\SYSTEM32\WINHTTP.dll
0x00007ffcd7450000 - 0x00007ffcd74ba000 	C:\windows\system32\mswsock.dll
0x00007ffc4eaf0000 - 0x00007ffc4eb03000 	C:\Program Files\Android\Android Studio1\jbr\bin\nio.dll

dbghelp: loaded successfully - version: 4.0.5 - missing functions: none
symbol engine: initialized successfully - sym options: 0x614 - pdb path: .;C:\Program Files\Android\Android Studio1\jbr\bin;C:\windows\SYSTEM32;C:\windows\WinSxS\amd64_microsoft.windows.common-controls_6595b64144ccf1df_6.0.19041.3636_none_60b6a03d71f818d5;C:\Program Files\Android\Android Studio1\jbr\bin\server

VM Arguments:
java_command: org.jetbrains.kotlin.cli.jvm.K2JVMCompiler @C:\Users\a\AndroidStudioProjects\Medico\app\build\20231217_2193304992707944200.compiler.options
java_class_path (initial): C:\Users\a\.gradle\caches\modules-2\files-2.1\org.jetbrains.kotlin\kotlin-compiler-embeddable\1.8.0\eb9118d4bcceaa2a94b2ae2a33a4ddba7c9a947f\kotlin-compiler-embeddable-1.8.0.jar;C:\Users\a\.gradle\caches\modules-2\files-2.1\org.jetbrains.kotlin\kotlin-stdlib\1.8.0\1796921c7a3e2e2665a83e6c8d33399336cd39bc\kotlin-stdlib-1.8.0.jar;C:\Users\a\.gradle\caches\modules-2\files-2.1\org.jetbrains.kotlin\kotlin-script-runtime\1.8.0\b2f7e760d283cb339974851c222a4c1d48f2d3d\kotlin-script-runtime-1.8.0.jar;C:\Users\a\.gradle\caches\modules-2\files-2.1\org.jetbrains.kotlin\kotlin-reflect\1.6.10\1cbe9c92c12a94eea200d23c2bbaedaf3daf5132\kotlin-reflect-1.6.10.jar;C:\Users\a\.gradle\caches\modules-2\files-2.1\org.jetbrains.kotlin\kotlin-daemon-embeddable\1.8.0\d255216c551685dc3a7e852b53617f5f01aaaa5c\kotlin-daemon-embeddable-1.8.0.jar;C:\Users\a\.gradle\caches\modules-2\files-2.1\org.jetbrains.intellij.deps\trove4j\1.0.20200330\3afb14d5f9ceb459d724e907a21145e8ff394f02\trove4j-1.0.20200330.jar;C:\Users\a\.gradle\caches\modules-2\files-2.1\net.java.dev.jna\jna\5.6.0\330f2244e9030119ab3030fc3fededc86713d9cc\jna-5.6.0.jar;C:\Users\a\.gradle\caches\modules-2\files-2.1\org.jetbrains.kotlin\kotlin-stdlib-common\1.8.0\f7197e7cc76453ac59f8b0f8d5137cc600becd36\kotlin-stdlib-common-1.8.0.jar;C:\Users\a\.gradle\caches\modules-2\files-2.1\org.jetbrains\annotations\13.0\919f0dfe192fb4e063e7dacadee7f8bb9a2672a9\annotations-13.0.jar
Launcher Type: SUN_STANDARD

[Global flags]
     intx CICompilerCount                          = 4                                         {product} {ergonomic}
     uint ConcGCThreads                            = 2                                         {product} {ergonomic}
     uint G1ConcRefinementThreads                  = 8                                         {product} {ergonomic}
   size_t G1HeapRegionSize                         = 1048576                                   {product} {ergonomic}
    uintx GCDrainStackTargetSize                   = 64                                        {product} {ergonomic}
   size_t InitialHeapSize                          = 130023424                                 {product} {ergonomic}
   size_t MarkStackSize                            = 4194304                                   {product} {ergonomic}
   size_t MaxHeapSize                              = 2055208960                                {product} {ergonomic}
   size_t MaxNewSize                               = 1233125376                                {product} {ergonomic}
   size_t MinHeapDeltaBytes                        = 1048576                                   {product} {ergonomic}
    uintx NonNMethodCodeHeapSize                   = 5836300                                {pd product} {ergonomic}
    uintx NonProfiledCodeHeapSize                  = 122910970                              {pd product} {ergonomic}
    uintx ProfiledCodeHeapSize                     = 122910970                              {pd product} {ergonomic}
    uintx ReservedCodeCacheSize                    = 251658240                              {pd product} {ergonomic}
     bool SegmentedCodeCache                       = true                                      {product} {ergonomic}
     bool UseCompressedClassPointers               = true                                 {lp64_product} {ergonomic}
     bool UseCompressedOops                        = true                                 {lp64_product} {ergonomic}
     bool UseG1GC                                  = true                                      {product} {ergonomic}
     bool UseLargePagesIndividualAllocation        = false                                  {pd product} {ergonomic}

Logging:
Log output configuration:
 #0: stdout all=warning uptime,level,tags
 #1: stderr all=off uptime,level,tags

Environment Variables:
PATH=C:\python 3.10\Scripts\;C:\python 3.10\;C:\Program Files\Common Files\Oracle\Java\javapath;C:\windows\system32;C:\windows;C:\windows\System32\Wbem;C:\windows\System32\WindowsPowerShell\v1.0\;C:\windows\System32\OpenSSH\;C:\Program Files\Git\cmd;C:\MinGW\bin;C:\ProgramData\chocolatey\bin;C:\Program Files\MySQL\MySQL Server 8.0\bin;C:\Program Files\MySQL\MySQL Shell 8.0\bin\;C:\Users\a\AppData\Local\Microsoft\WindowsApps;C:\Users\a\AppData\Local\Programs\Microsoft VS Code\bin;C:\Program Files\JetBrains\IntelliJ IDEA Community Edition 2021.3.3\New folder\IntelliJ IDEA Community Edition 2021.3.3\bin;
USERNAME=a
OS=Windows_NT
PROCESSOR_IDENTIFIER=Intel64 Family 6 Model 140 Stepping 1, GenuineIntel



---------------  S Y S T E M  ---------------

OS: Windows 10 , 64 bit Build 19041 (10.0.19041.3636)
OS uptime: 0 days 2:46 hours

CPU:total 8 (initial active 8) (4 cores per cpu, 2 threads per core) family 6 model 140 stepping 1 microcode 0x9a, cmov, cx8, fxsr, mmx, sse, sse2, sse3, ssse3, sse4.1, sse4.2, popcnt, avx, avx2, aes, clmul, erms, 3dnowpref, lzcnt, ht, tsc, tscinvbit, bmi1, bmi2, adx, evex, sha, fma

Memory: 4k page, system-wide physical 7834M (494M free)
TotalPageFile size 10634M (AvailPageFile size 5M)
current process WorkingSet (physical memory assigned to process): 312M, peak: 312M
current process commit charge ("private bytes"): 376M, peak: 376M

vm_info: OpenJDK 64-Bit Server VM (11.0.15+0-b2043.56-9505619) for windows-amd64 JRE (11.0.15+0-b2043.56-9505619), built on Jan 19 2023 02:48:00 by "builduser" with unknown MS VC++:1929

END.
