#
# There is insufficient memory for the Java Runtime Environment to continue.
# Native memory allocation (malloc) failed to allocate 1239616 bytes for Chunk::new
# Possible reasons:
#   The system is out of physical RAM or swap space
#   The process is running with CompressedOops enabled, and the Java Heap may be blocking the growth of the native heap
# Possible solutions:
#   Reduce memory load on the system
#   Increase physical memory or swap space
#   Check if swap backing store is full
#   Decrease Java heap size (-Xmx/-Xms)
#   Decrease number of Java threads
#   Decrease Java thread stack sizes (-Xss)
#   Set larger code cache with -XX:ReservedCodeCacheSize=
#   JVM is running with Unscaled Compressed Oops mode in which the Java heap is
#     placed in the first 4GB address space. The Java Heap base address is the
#     maximum limit for the native heap growth. Please use -XX:HeapBaseMinAddress
#     to set the Java Heap base and to place the Java Heap above 4GB virtual address.
# This output file may be truncated or incomplete.
#
#  Out of Memory Error (src/hotspot/share/memory/arena.cpp:197), pid=5108, tid=15664
#
# JRE version: OpenJDK Runtime Environment (11.0.15) (build 11.0.15+0-b2043.56-9505619)
# Java VM: OpenJDK 64-Bit Server VM (11.0.15+0-b2043.56-9505619, mixed mode, tiered, compressed oops, g1 gc, windows-amd64)
# No core dump will be written. Minidumps are not enabled by default on client versions of Windows
#

---------------  S U M M A R Y ------------

Command Line: org.jetbrains.kotlin.cli.jvm.K2JVMCompiler @C:\Users\a\AndroidStudioProjects\Medico\app\build\20231217_16734340816338292514.compiler.options

Host: 11th Gen Intel(R) Core(TM) i5-1135G7 @ 2.40GHz, 8 cores, 7G,  Windows 10 , 64 bit Build 19041 (10.0.19041.3636)
Time: Sun Dec 17 17:07:53 2023 India Standard Time elapsed time: 2.037924 seconds (0d 0h 0m 2s)

---------------  T H R E A D  ---------------

Current thread (0x000002106ad8a800):  JavaThread "C2 CompilerThread2" daemon [_thread_in_native, id=15664, stack(0x000000931c000000,0x000000931c100000)]


Current CompileTask:
C2:   2037 2920       4       java.lang.ClassLoader::loadClass (7 bytes)

Stack: [0x000000931c000000,0x000000931c100000]
Native frames: (J=compiled Java code, j=interpreted, Vv=VM code, C=native code)
V  [jvm.dll+0x64135a]
V  [jvm.dll+0x7d39f9]
V  [jvm.dll+0x7d51b9]
V  [jvm.dll+0x7d58a3]
V  [jvm.dll+0x2691c5]
V  [jvm.dll+0xc1a5c]
V  [jvm.dll+0xc200c]
V  [jvm.dll+0x2da2c2]
V  [jvm.dll+0x54cad9]
V  [jvm.dll+0x22a011]
V  [jvm.dll+0x223809]
V  [jvm.dll+0x220384]
V  [jvm.dll+0x19e851]
V  [jvm.dll+0x230479]
V  [jvm.dll+0x22e5ef]
V  [jvm.dll+0x794de1]
V  [jvm.dll+0x78dc24]
V  [jvm.dll+0x6400f6]
C  [ucrtbase.dll+0x21bb2]
C  [KERNEL32.DLL+0x17344]
C  [ntdll.dll+0x526b1]


---------------  P R O C E S S  ---------------

Threads class SMR info:
_java_thread_list=0x000002106ad88820, length=12, elements={
0x0000021050111000, 0x000002106a2b0800, 0x000002106a2b1800, 0x000002106ac27800,
0x000002106ac2b000, 0x000002106ac2d000, 0x000002106ac2e800, 0x000002106ac33000,
0x000002106a2d1800, 0x000002106ad90000, 0x000002106ad8c000, 0x000002106ad8a800
}

Java Threads: ( => current thread )
  0x0000021050111000 JavaThread "main" [_thread_in_vm, id=15832, stack(0x000000931ae00000,0x000000931af00000)]
  0x000002106a2b0800 JavaThread "Reference Handler" daemon [_thread_blocked, id=14360, stack(0x000000931b500000,0x000000931b600000)]
  0x000002106a2b1800 JavaThread "Finalizer" daemon [_thread_blocked, id=3420, stack(0x000000931b600000,0x000000931b700000)]
  0x000002106ac27800 JavaThread "Signal Dispatcher" daemon [_thread_blocked, id=1756, stack(0x000000931b700000,0x000000931b800000)]
  0x000002106ac2b000 JavaThread "Attach Listener" daemon [_thread_blocked, id=3716, stack(0x000000931b800000,0x000000931b900000)]
  0x000002106ac2d000 JavaThread "Service Thread" daemon [_thread_blocked, id=14676, stack(0x000000931b900000,0x000000931ba00000)]
  0x000002106ac2e800 JavaThread "C2 CompilerThread0" daemon [_thread_blocked, id=4488, stack(0x000000931ba00000,0x000000931bb00000)]
  0x000002106ac33000 JavaThread "C1 CompilerThread0" daemon [_thread_blocked, id=9692, stack(0x000000931bb00000,0x000000931bc00000)]
  0x000002106a2d1800 JavaThread "Sweeper thread" daemon [_thread_blocked, id=2904, stack(0x000000931bc00000,0x000000931bd00000)]
  0x000002106ad90000 JavaThread "Common-Cleaner" daemon [_thread_blocked, id=4332, stack(0x000000931be00000,0x000000931bf00000)]
  0x000002106ad8c000 JavaThread "C2 CompilerThread1" daemon [_thread_in_native, id=1472, stack(0x000000931bf00000,0x000000931c000000)]
=>0x000002106ad8a800 JavaThread "C2 CompilerThread2" daemon [_thread_in_native, id=15664, stack(0x000000931c000000,0x000000931c100000)]

Other Threads:
  0x000002106a2af000 VMThread "VM Thread" [stack: 0x000000931b400000,0x000000931b500000] [id=3328]
  0x000002106ad89800 WatcherThread [stack: 0x000000931bd00000,0x000000931be00000] [id=11840]
  0x0000021050129000 GCTaskThread "GC Thread#0" [stack: 0x000000931af00000,0x000000931b000000] [id=16092]
  0x000002106b3c5000 GCTaskThread "GC Thread#1" [stack: 0x000000931c100000,0x000000931c200000] [id=1664]
  0x000002105015c800 ConcurrentGCThread "G1 Main Marker" [stack: 0x000000931b000000,0x000000931b100000] [id=7108]
  0x000002105015e000 ConcurrentGCThread "G1 Conc#0" [stack: 0x000000931b100000,0x000000931b200000] [id=14824]
  0x000002106c02a000 ConcurrentGCThread "G1 Conc#1" [stack: 0x000000931c200000,0x000000931c300000] [id=6176]
  0x000002106a0e4800 ConcurrentGCThread "G1 Refine#0" [stack: 0x000000931b200000,0x000000931b300000] [id=4688]
  0x000002106a0e5000 ConcurrentGCThread "G1 Young RemSet Sampling" [stack: 0x000000931b300000,0x000000931b400000] [id=4124]

Threads with active compile tasks:
C2 CompilerThread1     2047 2953       4       jdk.internal.loader.ClassLoaders$AppClassLoader::loadClass (40 bytes)
C2 CompilerThread2     2047 2920       4       java.lang.ClassLoader::loadClass (7 bytes)

VM state:not at safepoint (normal execution)

VM Mutex/Monitor currently owned by a thread: None

Heap address: 0x0000000085800000, size: 1960 MB, Compressed Oops mode: 32-bit
Narrow klass base: 0x0000000000000000, Narrow klass shift: 3
Compressed class space size: 1073741824 Address: 0x0000000100000000

Heap:
 garbage-first heap   total 126976K, used 64770K [0x0000000085800000, 0x0000000100000000)
  region size 1024K, 44 young (45056K), 3 survivors (3072K)
 Metaspace       used 44523K, capacity 45047K, committed 45136K, reserved 1089536K
  class space    used 5226K, capacity 5430K, committed 5500K, reserved 1048576K
Heap Regions: E=young(eden), S=young(survivor), O=old, HS=humongous(starts), HC=humongous(continues), CS=collection set, F=free, A=archive, TAMS=top-at-mark-start (previous, next)
|   0|0x0000000085800000, 0x0000000085900000, 0x0000000085900000|100%|HS|  |TAMS 0x0000000085900000, 0x0000000085800000| Complete 
|   1|0x0000000085900000, 0x0000000085a00000, 0x0000000085a00000|100%|HC|  |TAMS 0x0000000085a00000, 0x0000000085900000| Complete 
|   2|0x0000000085a00000, 0x0000000085b00000, 0x0000000085b00000|100%|HC|  |TAMS 0x0000000085b00000, 0x0000000085a00000| Complete 
|   3|0x0000000085b00000, 0x0000000085c00000, 0x0000000085c00000|100%|HC|  |TAMS 0x0000000085c00000, 0x0000000085b00000| Complete 
|   4|0x0000000085c00000, 0x0000000085d00000, 0x0000000085d00000|100%|HS|  |TAMS 0x0000000085d00000, 0x0000000085c00000| Complete 
|   5|0x0000000085d00000, 0x0000000085e00000, 0x0000000085e00000|100%|HC|  |TAMS 0x0000000085e00000, 0x0000000085d00000| Complete 
|   6|0x0000000085e00000, 0x0000000085f00000, 0x0000000085f00000|100%|HC|  |TAMS 0x0000000085f00000, 0x0000000085e00000| Complete 
|   7|0x0000000085f00000, 0x0000000086000000, 0x0000000086000000|100%|HC|  |TAMS 0x0000000086000000, 0x0000000085f00000| Complete 
|   8|0x0000000086000000, 0x0000000086000000, 0x0000000086100000|  0%| F|  |TAMS 0x0000000086000000, 0x0000000086000000| Untracked 
|   9|0x0000000086100000, 0x0000000086100000, 0x0000000086200000|  0%| F|  |TAMS 0x0000000086100000, 0x0000000086100000| Untracked 
|  10|0x0000000086200000, 0x0000000086300000, 0x0000000086300000|100%| O|  |TAMS 0x0000000086300000, 0x0000000086200000| Untracked 
|  11|0x0000000086300000, 0x0000000086400000, 0x0000000086400000|100%| O|  |TAMS 0x0000000086400000, 0x0000000086300000| Untracked 
|  12|0x0000000086400000, 0x0000000086500000, 0x0000000086500000|100%| O|  |TAMS 0x0000000086500000, 0x0000000086400000| Untracked 
|  13|0x0000000086500000, 0x0000000086600000, 0x0000000086600000|100%| O|  |TAMS 0x0000000086600000, 0x0000000086500000| Untracked 
|  14|0x0000000086600000, 0x0000000086700000, 0x0000000086700000|100%| O|  |TAMS 0x0000000086700000, 0x0000000086600000| Untracked 
|  15|0x0000000086700000, 0x0000000086800000, 0x0000000086800000|100%| O|  |TAMS 0x0000000086800000, 0x0000000086700000| Untracked 
|  16|0x0000000086800000, 0x0000000086900000, 0x0000000086900000|100%| O|  |TAMS 0x0000000086900000, 0x0000000086800000| Untracked 
|  17|0x0000000086900000, 0x0000000086a00000, 0x0000000086a00000|100%| O|  |TAMS 0x0000000086a00000, 0x0000000086900000| Untracked 
|  18|0x0000000086a00000, 0x0000000086b00000, 0x0000000086b00000|100%| O|  |TAMS 0x0000000086b00000, 0x0000000086a00000| Untracked 
|  19|0x0000000086b00000, 0x0000000086c00000, 0x0000000086c00000|100%| O|  |TAMS 0x0000000086c00000, 0x0000000086b00000| Untracked 
|  20|0x0000000086c00000, 0x0000000086d00000, 0x0000000086d00000|100%| O|  |TAMS 0x0000000086d00000, 0x0000000086c00000| Untracked 
|  21|0x0000000086d00000, 0x0000000086e00000, 0x0000000086e00000|100%| O|  |TAMS 0x0000000086e00000, 0x0000000086d00000| Untracked 
|  22|0x0000000086e00000, 0x0000000086ec0a00, 0x0000000086f00000| 75%| O|  |TAMS 0x0000000086ec0a00, 0x0000000086e00000| Untracked 
|  23|0x0000000086f00000, 0x0000000086f00000, 0x0000000087000000|  0%| F|  |TAMS 0x0000000086f00000, 0x0000000086f00000| Untracked 
|  24|0x0000000087000000, 0x0000000087000000, 0x0000000087100000|  0%| F|  |TAMS 0x0000000087000000, 0x0000000087000000| Untracked 
|  25|0x0000000087100000, 0x0000000087100000, 0x0000000087200000|  0%| F|  |TAMS 0x0000000087100000, 0x0000000087100000| Untracked 
|  26|0x0000000087200000, 0x0000000087200000, 0x0000000087300000|  0%| F|  |TAMS 0x0000000087200000, 0x0000000087200000| Untracked 
|  27|0x0000000087300000, 0x0000000087300000, 0x0000000087400000|  0%| F|  |TAMS 0x0000000087300000, 0x0000000087300000| Untracked 
|  28|0x0000000087400000, 0x0000000087400000, 0x0000000087500000|  0%| F|  |TAMS 0x0000000087400000, 0x0000000087400000| Untracked 
|  29|0x0000000087500000, 0x0000000087500000, 0x0000000087600000|  0%| F|  |TAMS 0x0000000087500000, 0x0000000087500000| Untracked 
|  30|0x0000000087600000, 0x0000000087600000, 0x0000000087700000|  0%| F|  |TAMS 0x0000000087600000, 0x0000000087600000| Untracked 
|  31|0x0000000087700000, 0x0000000087700000, 0x0000000087800000|  0%| F|  |TAMS 0x0000000087700000, 0x0000000087700000| Untracked 
|  32|0x0000000087800000, 0x0000000087800000, 0x0000000087900000|  0%| F|  |TAMS 0x0000000087800000, 0x0000000087800000| Untracked 
|  33|0x0000000087900000, 0x0000000087900000, 0x0000000087a00000|  0%| F|  |TAMS 0x0000000087900000, 0x0000000087900000| Untracked 
|  34|0x0000000087a00000, 0x0000000087a00000, 0x0000000087b00000|  0%| F|  |TAMS 0x0000000087a00000, 0x0000000087a00000| Untracked 
|  35|0x0000000087b00000, 0x0000000087b00000, 0x0000000087c00000|  0%| F|  |TAMS 0x0000000087b00000, 0x0000000087b00000| Untracked 
|  36|0x0000000087c00000, 0x0000000087c00000, 0x0000000087d00000|  0%| F|  |TAMS 0x0000000087c00000, 0x0000000087c00000| Untracked 
|  37|0x0000000087d00000, 0x0000000087d00000, 0x0000000087e00000|  0%| F|  |TAMS 0x0000000087d00000, 0x0000000087d00000| Untracked 
|  38|0x0000000087e00000, 0x0000000087e00000, 0x0000000087f00000|  0%| F|  |TAMS 0x0000000087e00000, 0x0000000087e00000| Untracked 
|  39|0x0000000087f00000, 0x0000000087f00000, 0x0000000088000000|  0%| F|  |TAMS 0x0000000087f00000, 0x0000000087f00000| Untracked 
|  40|0x0000000088000000, 0x0000000088000000, 0x0000000088100000|  0%| F|  |TAMS 0x0000000088000000, 0x0000000088000000| Untracked 
|  41|0x0000000088100000, 0x0000000088100000, 0x0000000088200000|  0%| F|  |TAMS 0x0000000088100000, 0x0000000088100000| Untracked 
|  42|0x0000000088200000, 0x0000000088200000, 0x0000000088300000|  0%| F|  |TAMS 0x0000000088200000, 0x0000000088200000| Untracked 
|  43|0x0000000088300000, 0x0000000088300000, 0x0000000088400000|  0%| F|  |TAMS 0x0000000088300000, 0x0000000088300000| Untracked 
|  44|0x0000000088400000, 0x0000000088400000, 0x0000000088500000|  0%| F|  |TAMS 0x0000000088400000, 0x0000000088400000| Untracked 
|  45|0x0000000088500000, 0x0000000088500000, 0x0000000088600000|  0%| F|  |TAMS 0x0000000088500000, 0x0000000088500000| Untracked 
|  46|0x0000000088600000, 0x0000000088600000, 0x0000000088700000|  0%| F|  |TAMS 0x0000000088600000, 0x0000000088600000| Untracked 
|  47|0x0000000088700000, 0x0000000088700000, 0x0000000088800000|  0%| F|  |TAMS 0x0000000088700000, 0x0000000088700000| Untracked 
|  48|0x0000000088800000, 0x0000000088800000, 0x0000000088900000|  0%| F|  |TAMS 0x0000000088800000, 0x0000000088800000| Untracked 
|  49|0x0000000088900000, 0x0000000088900000, 0x0000000088a00000|  0%| F|  |TAMS 0x0000000088900000, 0x0000000088900000| Untracked 
|  50|0x0000000088a00000, 0x0000000088a00000, 0x0000000088b00000|  0%| F|  |TAMS 0x0000000088a00000, 0x0000000088a00000| Untracked 
|  51|0x0000000088b00000, 0x0000000088b00000, 0x0000000088c00000|  0%| F|  |TAMS 0x0000000088b00000, 0x0000000088b00000| Untracked 
|  52|0x0000000088c00000, 0x0000000088c00000, 0x0000000088d00000|  0%| F|  |TAMS 0x0000000088c00000, 0x0000000088c00000| Untracked 
|  53|0x0000000088d00000, 0x0000000088d00000, 0x0000000088e00000|  0%| F|  |TAMS 0x0000000088d00000, 0x0000000088d00000| Untracked 
|  54|0x0000000088e00000, 0x0000000088e00000, 0x0000000088f00000|  0%| F|  |TAMS 0x0000000088e00000, 0x0000000088e00000| Untracked 
|  55|0x0000000088f00000, 0x0000000088f00000, 0x0000000089000000|  0%| F|  |TAMS 0x0000000088f00000, 0x0000000088f00000| Untracked 
|  56|0x0000000089000000, 0x0000000089000000, 0x0000000089100000|  0%| F|  |TAMS 0x0000000089000000, 0x0000000089000000| Untracked 
|  57|0x0000000089100000, 0x0000000089100000, 0x0000000089200000|  0%| F|  |TAMS 0x0000000089100000, 0x0000000089100000| Untracked 
|  58|0x0000000089200000, 0x0000000089200000, 0x0000000089300000|  0%| F|  |TAMS 0x0000000089200000, 0x0000000089200000| Untracked 
|  59|0x0000000089300000, 0x0000000089300000, 0x0000000089400000|  0%| F|  |TAMS 0x0000000089300000, 0x0000000089300000| Untracked 
|  60|0x0000000089400000, 0x0000000089400000, 0x0000000089500000|  0%| F|  |TAMS 0x0000000089400000, 0x0000000089400000| Untracked 
|  61|0x0000000089500000, 0x0000000089500000, 0x0000000089600000|  0%| F|  |TAMS 0x0000000089500000, 0x0000000089500000| Untracked 
|  62|0x0000000089600000, 0x0000000089600000, 0x0000000089700000|  0%| F|  |TAMS 0x0000000089600000, 0x0000000089600000| Untracked 
|  63|0x0000000089700000, 0x0000000089700000, 0x0000000089800000|  0%| F|  |TAMS 0x0000000089700000, 0x0000000089700000| Untracked 
|  64|0x0000000089800000, 0x0000000089800000, 0x0000000089900000|  0%| F|  |TAMS 0x0000000089800000, 0x0000000089800000| Untracked 
|  65|0x0000000089900000, 0x0000000089900000, 0x0000000089a00000|  0%| F|  |TAMS 0x0000000089900000, 0x0000000089900000| Untracked 
|  66|0x0000000089a00000, 0x0000000089a00000, 0x0000000089b00000|  0%| F|  |TAMS 0x0000000089a00000, 0x0000000089a00000| Untracked 
|  67|0x0000000089b00000, 0x0000000089b00000, 0x0000000089c00000|  0%| F|  |TAMS 0x0000000089b00000, 0x0000000089b00000| Untracked 
|  68|0x0000000089c00000, 0x0000000089c00000, 0x0000000089d00000|  0%| F|  |TAMS 0x0000000089c00000, 0x0000000089c00000| Untracked 
|  69|0x0000000089d00000, 0x0000000089d00000, 0x0000000089e00000|  0%| F|  |TAMS 0x0000000089d00000, 0x0000000089d00000| Untracked 
|  70|0x0000000089e00000, 0x0000000089e00000, 0x0000000089f00000|  0%| F|  |TAMS 0x0000000089e00000, 0x0000000089e00000| Untracked 
|  71|0x0000000089f00000, 0x0000000089f00000, 0x000000008a000000|  0%| F|  |TAMS 0x0000000089f00000, 0x0000000089f00000| Untracked 
|  72|0x000000008a000000, 0x000000008a000000, 0x000000008a100000|  0%| F|  |TAMS 0x000000008a000000, 0x000000008a000000| Untracked 
|  73|0x000000008a100000, 0x000000008a100000, 0x000000008a200000|  0%| F|  |TAMS 0x000000008a100000, 0x000000008a100000| Untracked 
|  74|0x000000008a200000, 0x000000008a200000, 0x000000008a300000|  0%| F|  |TAMS 0x000000008a200000, 0x000000008a200000| Untracked 
|  75|0x000000008a300000, 0x000000008a300000, 0x000000008a400000|  0%| F|  |TAMS 0x000000008a300000, 0x000000008a300000| Untracked 
|  76|0x000000008a400000, 0x000000008a400000, 0x000000008a500000|  0%| F|  |TAMS 0x000000008a400000, 0x000000008a400000| Untracked 
|  77|0x000000008a500000, 0x000000008a500000, 0x000000008a600000|  0%| F|  |TAMS 0x000000008a500000, 0x000000008a500000| Untracked 
|  78|0x000000008a600000, 0x000000008a600000, 0x000000008a700000|  0%| F|  |TAMS 0x000000008a600000, 0x000000008a600000| Untracked 
|  79|0x000000008a700000, 0x000000008a700000, 0x000000008a800000|  0%| F|  |TAMS 0x000000008a700000, 0x000000008a700000| Untracked 
|  80|0x000000008a800000, 0x000000008a900000, 0x000000008a900000|100%| E|  |TAMS 0x000000008a800000, 0x000000008a800000| Complete 
|  81|0x000000008a900000, 0x000000008aa00000, 0x000000008aa00000|100%| E|CS|TAMS 0x000000008a900000, 0x000000008a900000| Complete 
|  82|0x000000008aa00000, 0x000000008ab00000, 0x000000008ab00000|100%| E|CS|TAMS 0x000000008aa00000, 0x000000008aa00000| Complete 
|  83|0x000000008ab00000, 0x000000008ac00000, 0x000000008ac00000|100%| E|CS|TAMS 0x000000008ab00000, 0x000000008ab00000| Complete 
|  84|0x000000008ac00000, 0x000000008ad00000, 0x000000008ad00000|100%| E|CS|TAMS 0x000000008ac00000, 0x000000008ac00000| Complete 
|  85|0x000000008ad00000, 0x000000008ae00000, 0x000000008ae00000|100%| E|CS|TAMS 0x000000008ad00000, 0x000000008ad00000| Complete 
|  86|0x000000008ae00000, 0x000000008af00000, 0x000000008af00000|100%| E|CS|TAMS 0x000000008ae00000, 0x000000008ae00000| Complete 
|  87|0x000000008af00000, 0x000000008b000000, 0x000000008b000000|100%| E|CS|TAMS 0x000000008af00000, 0x000000008af00000| Complete 
|  88|0x000000008b000000, 0x000000008b100000, 0x000000008b100000|100%| E|CS|TAMS 0x000000008b000000, 0x000000008b000000| Complete 
|  89|0x000000008b100000, 0x000000008b200000, 0x000000008b200000|100%| E|CS|TAMS 0x000000008b100000, 0x000000008b100000| Complete 
|  90|0x000000008b200000, 0x000000008b300000, 0x000000008b300000|100%| E|CS|TAMS 0x000000008b200000, 0x000000008b200000| Complete 
|  91|0x000000008b300000, 0x000000008b400000, 0x000000008b400000|100%| E|CS|TAMS 0x000000008b300000, 0x000000008b300000| Complete 
|  92|0x000000008b400000, 0x000000008b500000, 0x000000008b500000|100%| E|CS|TAMS 0x000000008b400000, 0x000000008b400000| Complete 
|  93|0x000000008b500000, 0x000000008b600000, 0x000000008b600000|100%| E|CS|TAMS 0x000000008b500000, 0x000000008b500000| Complete 
|  94|0x000000008b600000, 0x000000008b700000, 0x000000008b700000|100%| E|CS|TAMS 0x000000008b600000, 0x000000008b600000| Complete 
|  95|0x000000008b700000, 0x000000008b800000, 0x000000008b800000|100%| E|CS|TAMS 0x000000008b700000, 0x000000008b700000| Complete 
|  96|0x000000008b800000, 0x000000008b900000, 0x000000008b900000|100%| E|CS|TAMS 0x000000008b800000, 0x000000008b800000| Complete 
|  97|0x000000008b900000, 0x000000008ba00000, 0x000000008ba00000|100%| E|CS|TAMS 0x000000008b900000, 0x000000008b900000| Complete 
|  98|0x000000008ba00000, 0x000000008bb00000, 0x000000008bb00000|100%| E|CS|TAMS 0x000000008ba00000, 0x000000008ba00000| Complete 
|  99|0x000000008bb00000, 0x000000008bc00000, 0x000000008bc00000|100%| E|CS|TAMS 0x000000008bb00000, 0x000000008bb00000| Complete 
| 100|0x000000008bc00000, 0x000000008bd00000, 0x000000008bd00000|100%| E|CS|TAMS 0x000000008bc00000, 0x000000008bc00000| Complete 
| 101|0x000000008bd00000, 0x000000008be00000, 0x000000008be00000|100%| E|CS|TAMS 0x000000008bd00000, 0x000000008bd00000| Complete 
| 102|0x000000008be00000, 0x000000008bf00000, 0x000000008bf00000|100%| E|CS|TAMS 0x000000008be00000, 0x000000008be00000| Complete 
| 103|0x000000008bf00000, 0x000000008c000000, 0x000000008c000000|100%| E|CS|TAMS 0x000000008bf00000, 0x000000008bf00000| Complete 
| 104|0x000000008c000000, 0x000000008c100000, 0x000000008c100000|100%| E|CS|TAMS 0x000000008c000000, 0x000000008c000000| Complete 
| 105|0x000000008c100000, 0x000000008c180000, 0x000000008c200000| 50%| S|CS|TAMS 0x000000008c100000, 0x000000008c100000| Complete 
| 106|0x000000008c200000, 0x000000008c300000, 0x000000008c300000|100%| S|CS|TAMS 0x000000008c200000, 0x000000008c200000| Complete 
| 107|0x000000008c300000, 0x000000008c400000, 0x000000008c400000|100%| S|CS|TAMS 0x000000008c300000, 0x000000008c300000| Complete 
| 108|0x000000008c400000, 0x000000008c500000, 0x000000008c500000|100%| E|CS|TAMS 0x000000008c400000, 0x000000008c400000| Complete 
| 109|0x000000008c500000, 0x000000008c600000, 0x000000008c600000|100%| E|CS|TAMS 0x000000008c500000, 0x000000008c500000| Complete 
| 110|0x000000008c600000, 0x000000008c700000, 0x000000008c700000|100%| E|CS|TAMS 0x000000008c600000, 0x000000008c600000| Complete 
| 111|0x000000008c700000, 0x000000008c800000, 0x000000008c800000|100%| E|CS|TAMS 0x000000008c700000, 0x000000008c700000| Complete 
| 112|0x000000008c800000, 0x000000008c900000, 0x000000008c900000|100%| E|CS|TAMS 0x000000008c800000, 0x000000008c800000| Complete 
| 113|0x000000008c900000, 0x000000008ca00000, 0x000000008ca00000|100%| E|CS|TAMS 0x000000008c900000, 0x000000008c900000| Complete 
| 114|0x000000008ca00000, 0x000000008cb00000, 0x000000008cb00000|100%| E|CS|TAMS 0x000000008ca00000, 0x000000008ca00000| Complete 
| 115|0x000000008cb00000, 0x000000008cc00000, 0x000000008cc00000|100%| E|CS|TAMS 0x000000008cb00000, 0x000000008cb00000| Complete 
| 116|0x000000008cc00000, 0x000000008cd00000, 0x000000008cd00000|100%| E|CS|TAMS 0x000000008cc00000, 0x000000008cc00000| Complete 
| 117|0x000000008cd00000, 0x000000008ce00000, 0x000000008ce00000|100%| E|CS|TAMS 0x000000008cd00000, 0x000000008cd00000| Complete 
| 118|0x000000008ce00000, 0x000000008cf00000, 0x000000008cf00000|100%| E|CS|TAMS 0x000000008ce00000, 0x000000008ce00000| Complete 
| 119|0x000000008cf00000, 0x000000008d000000, 0x000000008d000000|100%| E|CS|TAMS 0x000000008cf00000, 0x000000008cf00000| Complete 
| 120|0x000000008d000000, 0x000000008d100000, 0x000000008d100000|100%| E|CS|TAMS 0x000000008d000000, 0x000000008d000000| Complete 
| 121|0x000000008d100000, 0x000000008d200000, 0x000000008d200000|100%| E|CS|TAMS 0x000000008d100000, 0x000000008d100000| Complete 
| 122|0x000000008d200000, 0x000000008d300000, 0x000000008d300000|100%| E|CS|TAMS 0x000000008d200000, 0x000000008d200000| Complete 
| 123|0x000000008d300000, 0x000000008d400000, 0x000000008d400000|100%| E|CS|TAMS 0x000000008d300000, 0x000000008d300000| Complete 

Card table byte_map: [0x0000021063350000,0x0000021063730000] _byte_map_base: 0x0000021062f24000

Marking Bits (Prev, Next): (CMBitMap*) 0x0000021050152168, (CMBitMap*) 0x00000210501521a0
 Prev Bits: [0x0000021063b10000, 0x00000210659b0000)
 Next Bits: [0x00000210659b0000, 0x0000021067850000)

Polling page: 0x000002104e0d0000

Metaspace:

Usage:
  Non-class:     38.69 MB capacity,    38.40 MB (>99%) used,   229.44 KB ( <1%) free+waste,    63.50 KB ( <1%) overhead. 
      Class:      5.30 MB capacity,     5.11 MB ( 96%) used,   170.49 KB (  3%) free+waste,    27.94 KB ( <1%) overhead. 
       Both:     43.99 MB capacity,    43.51 MB ( 99%) used,   399.93 KB ( <1%) free+waste,    91.44 KB ( <1%) overhead. 

Virtual space:
  Non-class space:       40.00 MB reserved,      38.71 MB ( 97%) committed 
      Class space:        1.00 GB reserved,       5.37 MB ( <1%) committed 
             Both:        1.04 GB reserved,      44.08 MB (  4%) committed 

Chunk freelists:
   Non-Class:  19.00 KB
       Class:  10.00 KB
        Both:  29.00 KB

MaxMetaspaceSize: 17179869184.00 GB
CompressedClassSpaceSize: 1.00 GB
Initial GC threshold: 20.80 MB
Current GC threshold: 59.09 MB
CDS: off

CodeHeap 'non-profiled nmethods': size=120000Kb used=1382Kb max_used=1382Kb free=118618Kb
 bounds [0x000002105b710000, 0x000002105b980000, 0x0000021062c40000]
CodeHeap 'profiled nmethods': size=120000Kb used=5844Kb max_used=5844Kb free=114155Kb
 bounds [0x00000210541e0000, 0x00000210547a0000, 0x000002105b710000]
CodeHeap 'non-nmethods': size=5760Kb used=1270Kb max_used=1299Kb free=4489Kb
 bounds [0x0000021053c40000, 0x0000021053eb0000, 0x00000210541e0000]
 total_blobs=3587 nmethods=3038 adapters=461
 compilation: enabled
              stopped_count=0, restarted_count=0
 full_count=0

Compilation events (20 events):
Event: 2.022 Thread 0x000002106ac33000 2979       1       org.jetbrains.kotlin.com.intellij.lang.impl.PsiBuilderImpl$StartMarker::getTokenType (5 bytes)
Event: 2.022 Thread 0x000002106ac33000 nmethod 2979 0x000002105b866c90 code [0x000002105b866e40, 0x000002105b866ef8]
Event: 2.022 Thread 0x000002106ac33000 2986       1       org.jetbrains.kotlin.com.intellij.psi.impl.source.tree.CompositeElement::setCachedLength (6 bytes)
Event: 2.022 Thread 0x000002106ac33000 nmethod 2986 0x000002105b866f90 code [0x000002105b867140, 0x000002105b8671f8]
Event: 2.022 Thread 0x000002106ac33000 2998       3       org.jetbrains.kotlin.com.intellij.lang.impl.PsiBuilderAdapter::advanceLexer (10 bytes)
Event: 2.022 Thread 0x000002106ac33000 nmethod 2998 0x000002105477aa10 code [0x000002105477abc0, 0x000002105477ad88]
Event: 2.022 Thread 0x000002106ac33000 2999       3       org.jetbrains.kotlin.com.intellij.lang.impl.PsiBuilderImpl::advanceLexer (31 bytes)
Event: 2.022 Thread 0x000002106ac33000 nmethod 2999 0x000002105477ae90 code [0x000002105477b080, 0x000002105477b558]
Event: 2.022 Thread 0x000002106ac33000 2978       1       org.jetbrains.kotlin.com.intellij.lang.impl.PsiBuilderImpl$RelativeTokenTextView::configure (6 bytes)
Event: 2.022 Thread 0x000002106ac33000 nmethod 2978 0x000002105b867290 code [0x000002105b867440, 0x000002105b8674f8]
Event: 2.022 Thread 0x000002106ac33000 2989       1       org.jetbrains.kotlin.com.intellij.lang.impl.PsiBuilderImpl::access$200 (5 bytes)
Event: 2.022 Thread 0x000002106ac33000 nmethod 2989 0x000002105b867590 code [0x000002105b867740, 0x000002105b8677d8]
Event: 2.022 Thread 0x000002106ac33000 3007       3       org.jetbrains.kotlin.com.intellij.lang.impl.PsiBuilderImpl::clearCachedTokenType (6 bytes)
Event: 2.022 Thread 0x000002106ac33000 nmethod 3007 0x000002105477b710 code [0x000002105477b8c0, 0x000002105477b9d8]
Event: 2.022 Thread 0x000002106ac33000 2990       1       org.jetbrains.kotlin.com.intellij.lang.impl.PsiBuilderImpl$RelativeTokenTypesView::size (5 bytes)
Event: 2.022 Thread 0x000002106ac33000 nmethod 2990 0x000002105b867890 code [0x000002105b867a40, 0x000002105b867af8]
Event: 2.022 Thread 0x000002106ac33000 3008       1       org.jetbrains.kotlin.com.intellij.lang.WhitespacesBinders$2::getEdgePosition (2 bytes)
Event: 2.022 Thread 0x000002106ac33000 nmethod 3008 0x000002105b867b90 code [0x000002105b867d40, 0x000002105b867df8]
Event: 2.027 Thread 0x000002106ac33000 3013       3       org.jetbrains.kotlin.com.intellij.psi.impl.source.tree.TreeElement::getElementType (14 bytes)
Event: 2.027 Thread 0x000002106ac33000 nmethod 3013 0x000002105477ba90 code [0x000002105477bc40, 0x000002105477bdc8]

GC Heap History (8 events):
Event: 0.353 GC heap before
{Heap before GC invocations=0 (full 0):
 garbage-first heap   total 126976K, used 28672K [0x0000000085800000, 0x0000000100000000)
  region size 1024K, 24 young (24576K), 0 survivors (0K)
 Metaspace       used 12138K, capacity 12280K, committed 12544K, reserved 1060864K
  class space    used 1121K, capacity 1175K, committed 1280K, reserved 1048576K
}
Event: 0.356 GC heap after
{Heap after GC invocations=1 (full 0):
 garbage-first heap   total 126976K, used 6840K [0x0000000085800000, 0x0000000100000000)
  region size 1024K, 3 young (3072K), 3 survivors (3072K)
 Metaspace       used 12138K, capacity 12280K, committed 12544K, reserved 1060864K
  class space    used 1121K, capacity 1175K, committed 1280K, reserved 1048576K
}
Event: 0.753 GC heap before
{Heap before GC invocations=1 (full 0):
 garbage-first heap   total 126976K, used 44728K [0x0000000085800000, 0x0000000100000000)
  region size 1024K, 41 young (41984K), 3 survivors (3072K)
 Metaspace       used 21008K, capacity 21190K, committed 21248K, reserved 1069056K
  class space    used 2220K, capacity 2304K, committed 2304K, reserved 1048576K
}
Event: 0.762 GC heap after
{Heap after GC invocations=2 (full 0):
 garbage-first heap   total 126976K, used 10540K [0x0000000085800000, 0x0000000100000000)
  region size 1024K, 7 young (7168K), 7 survivors (7168K)
 Metaspace       used 21008K, capacity 21190K, committed 21248K, reserved 1069056K
  class space    used 2220K, capacity 2304K, committed 2304K, reserved 1048576K
}
Event: 1.370 GC heap before
{Heap before GC invocations=3 (full 0):
 garbage-first heap   total 126976K, used 68908K [0x0000000085800000, 0x0000000100000000)
  region size 1024K, 58 young (59392K), 7 survivors (7168K)
 Metaspace       used 32346K, capacity 32802K, committed 33020K, reserved 1077248K
  class space    used 4021K, capacity 4209K, committed 4348K, reserved 1048576K
}
Event: 1.385 GC heap after
{Heap after GC invocations=4 (full 0):
 garbage-first heap   total 126976K, used 23257K [0x0000000085800000, 0x0000000100000000)
  region size 1024K, 8 young (8192K), 8 survivors (8192K)
 Metaspace       used 32346K, capacity 32802K, committed 33020K, reserved 1077248K
  class space    used 4021K, capacity 4209K, committed 4348K, reserved 1048576K
}
Event: 1.554 GC heap before
{Heap before GC invocations=4 (full 0):
 garbage-first heap   total 126976K, used 38617K [0x0000000085800000, 0x0000000100000000)
  region size 1024K, 24 young (24576K), 8 survivors (8192K)
 Metaspace       used 35557K, capacity 35949K, committed 36048K, reserved 1081344K
  class space    used 4344K, capacity 4533K, committed 4604K, reserved 1048576K
}
Event: 1.565 GC heap after
{Heap after GC invocations=5 (full 0):
 garbage-first heap   total 126976K, used 23810K [0x0000000085800000, 0x0000000100000000)
  region size 1024K, 3 young (3072K), 3 survivors (3072K)
 Metaspace       used 35557K, capacity 35949K, committed 36048K, reserved 1081344K
  class space    used 4344K, capacity 4533K, committed 4604K, reserved 1048576K
}

Deoptimization events (20 events):
Event: 1.940 Thread 0x0000021050111000 Uncommon trap: trap_request=0xffffff4d fr.pc=0x000002105b736e68 relative=0x0000000000000c48
Event: 1.940 Thread 0x0000021050111000 Uncommon trap: reason=unstable_if action=reinterpret pc=0x000002105b736e68 method=java.lang.StringCoding.encodeUTF8(B[BZ)[B @ 2 c2
Event: 1.940 Thread 0x0000021050111000 DEOPT PACKING pc=0x000002105b736e68 sp=0x000000931aef5710
Event: 1.940 Thread 0x0000021050111000 DEOPT UNPACKING pc=0x0000021053c485af sp=0x000000931aef5500 mode 2
Event: 1.940 Thread 0x0000021050111000 Uncommon trap: trap_request=0xffffff4d fr.pc=0x000002105b7bf834 relative=0x0000000000000334
Event: 1.940 Thread 0x0000021050111000 Uncommon trap: reason=unstable_if action=reinterpret pc=0x000002105b7bf834 method=sun.net.www.ParseUtil.firstEncodeIndex(Ljava/lang/String;)I @ 27 c2
Event: 1.940 Thread 0x0000021050111000 DEOPT PACKING pc=0x000002105b7bf834 sp=0x000000931aef5850
Event: 1.940 Thread 0x0000021050111000 DEOPT UNPACKING pc=0x0000021053c485af sp=0x000000931aef56b8 mode 2
Event: 1.940 Thread 0x0000021050111000 Uncommon trap: trap_request=0xffffff4d fr.pc=0x000002105b7cd038 relative=0x0000000000000198
Event: 1.940 Thread 0x0000021050111000 Uncommon trap: reason=unstable_if action=reinterpret pc=0x000002105b7cd038 method=java.lang.String.indexOf(II)I @ 4 c2
Event: 1.940 Thread 0x0000021050111000 DEOPT PACKING pc=0x000002105b7cd038 sp=0x000000931aef5520
Event: 1.940 Thread 0x0000021050111000 DEOPT UNPACKING pc=0x0000021053c485af sp=0x000000931aef54d0 mode 2
Event: 1.940 Thread 0x0000021050111000 Uncommon trap: trap_request=0xffffff4d fr.pc=0x000002105b7d49b0 relative=0x0000000000000190
Event: 1.940 Thread 0x0000021050111000 Uncommon trap: reason=unstable_if action=reinterpret pc=0x000002105b7d49b0 method=java.lang.String.startsWith(Ljava/lang/String;I)Z @ 46 c2
Event: 1.940 Thread 0x0000021050111000 DEOPT PACKING pc=0x000002105b7d49b0 sp=0x000000931aef5620
Event: 1.940 Thread 0x0000021050111000 DEOPT UNPACKING pc=0x0000021053c485af sp=0x000000931aef5588 mode 2
Event: 1.940 Thread 0x0000021050111000 Uncommon trap: trap_request=0xffffff4d fr.pc=0x000002105b84ed24 relative=0x0000000000000644
Event: 1.940 Thread 0x0000021050111000 Uncommon trap: reason=unstable_if action=reinterpret pc=0x000002105b84ed24 method=java.lang.String.lastIndexOf(II)I @ 4 c2
Event: 1.940 Thread 0x0000021050111000 DEOPT PACKING pc=0x000002105b84ed24 sp=0x000000931aef5690
Event: 1.940 Thread 0x0000021050111000 DEOPT UNPACKING pc=0x0000021053c485af sp=0x000000931aef5580 mode 2

Classes redefined (0 events):
No events

Internal exceptions (20 events):
Event: 0.581 Thread 0x0000021050111000 Exception <a 'java/lang/NoSuchMethodError'{0x000000008bd69ea0}: 'long java.lang.invoke.DelegatingMethodHandle$Holder.reinvoke_L(java.lang.Object, java.lang.Object, java.lang.Object)'> (0x000000008bd69ea0) thrown at [src/hotspot/share/interpreter/linkResolver.cpp, line 773]
Event: 0.582 Thread 0x0000021050111000 Exception <a 'java/lang/NoSuchMethodError'{0x000000008bd73b60}: 'int java.lang.invoke.DirectMethodHandle$Holder.invokeSpecial(java.lang.Object, java.lang.Object, java.lang.Object, java.lang.Object)'> (0x000000008bd73b60) thrown at [src/hotspot/share/interpreter/linkResolver.cpp, line 773]
Event: 0.582 Thread 0x0000021050111000 Exception <a 'java/lang/NoSuchMethodError'{0x000000008bd82940}: 'int java.lang.invoke.DelegatingMethodHandle$Holder.reinvoke_L(java.lang.Object, java.lang.Object, java.lang.Object, long, int)'> (0x000000008bd82940) thrown at [src/hotspot/share/interpreter/linkResolver.cpp, line 773]
Event: 0.720 Thread 0x0000021050111000 Exception <a 'java/lang/NoSuchMethodError'{0x000000008afcd5b8}: 'java.lang.Object java.lang.invoke.DirectMethodHandle$Holder.invokeStaticInit(java.lang.Object, int)'> (0x000000008afcd5b8) thrown at [src/hotspot/share/interpreter/linkResolver.cpp, line 773]
Event: 0.738 Thread 0x0000021050111000 Exception <a 'java/lang/NoSuchMethodError'{0x000000008ada66a8}: 'long java.lang.invoke.DirectMethodHandle$Holder.invokeStatic(java.lang.Object)'> (0x000000008ada66a8) thrown at [src/hotspot/share/interpreter/linkResolver.cpp, line 773]
Event: 0.738 Thread 0x0000021050111000 Exception <a 'java/lang/NoSuchMethodError'{0x000000008ada9500}: 'long java.lang.invoke.DirectMethodHandle$Holder.invokeStaticInit(java.lang.Object)'> (0x000000008ada9500) thrown at [src/hotspot/share/interpreter/linkResolver.cpp, line 773]
Event: 0.752 Thread 0x0000021050111000 Exception <a 'java/lang/NoSuchMethodError'{0x000000008acfe5b8}: 'int java.lang.invoke.DirectMethodHandle$Holder.invokeSpecialIFC(java.lang.Object, java.lang.Object, int)'> (0x000000008acfe5b8) thrown at [src/hotspot/share/interpreter/linkResolver.cpp, line 773]
Event: 0.789 Thread 0x0000021050111000 Exception <a 'java/lang/NoSuchMethodError'{0x000000008d0109c0}: 'int java.lang.invoke.DirectMethodHandle$Holder.invokeStaticInit(java.lang.Object, java.lang.Object, java.lang.Object)'> (0x000000008d0109c0) thrown at [src/hotspot/share/interpreter/linkResolver.cpp, line 773]
Event: 0.791 Thread 0x0000021050111000 Exception <a 'java/lang/NoSuchMethodError'{0x000000008d03c0a0}: 'int java.lang.invoke.DirectMethodHandle$Holder.invokeStaticInit(java.lang.Object, java.lang.Object)'> (0x000000008d03c0a0) thrown at [src/hotspot/share/interpreter/linkResolver.cpp, line 773]
Event: 0.820 Thread 0x0000021050111000 Exception <a 'java/lang/NoSuchMethodError'{0x000000008ce4f2e0}: 'void java.lang.invoke.DirectMethodHandle$Holder.invokeSpecial(java.lang.Object, java.lang.Object)'> (0x000000008ce4f2e0) thrown at [src/hotspot/share/interpreter/linkResolver.cpp, line 773]
Event: 0.939 Thread 0x0000021050111000 Exception <a 'java/lang/NoSuchMethodError'{0x000000008c6ff540}: 'java.lang.Object java.lang.invoke.DirectMethodHandle$Holder.invokeStatic(java.lang.Object, java.lang.Object, java.lang.Object, java.lang.Object, java.lang.Object, java.lang.Object, java.lang.Object, java.lang.Object, java.lang.Object, java.lang.Object, java.lang.Object, java.lang.Object, java.lang.Object, java.lang.Object, java.lang.Object)'> (0x000000008c6ff540) thrown at [src/hotspot/share/interpreter/linkResolver.cpp, line 773]
Event: 0.940 Thread 0x0000021050111000 Exception <a 'java/lang/NoSuchMethodError'{0x000000008c50dd60}: 'java.lang.Object java.lang.invoke.DirectMethodHandle$Holder.invokeStatic(java.lang.Object, java.lang.Object, java.lang.Object, java.lang.Object, java.lang.Object, java.lang.Object, java.lang.Object, java.lang.Object, java.lang.Object, java.lang.Object, java.lang.Object, java.lang.Object, java.lang.Object, java.lang.Object, java.lang.Object, java.lang.Object)'> (0x000000008c50dd60) thrown at [src/hotspot/share/interpreter/linkResolver.cpp, lin
Event: 0.941 Thread 0x0000021050111000 Exception <a 'java/lang/NoSuchMethodError'{0x000000008c51bc78}: 'java.lang.Object java.lang.invoke.DirectMethodHandle$Holder.invokeSpecial(java.lang.Object, java.lang.Object, int, int, java.lang.Object, java.lang.Object, java.lang.Object)'> (0x000000008c51bc78) thrown at [src/hotspot/share/interpreter/linkResolver.cpp, line 773]
Event: 0.941 Thread 0x0000021050111000 Exception <a 'java/lang/NoSuchMethodError'{0x000000008c51f4b0}: 'java.lang.Object java.lang.invoke.DelegatingMethodHandle$Holder.reinvoke_L(java.lang.Object, int, int, java.lang.Object, java.lang.Object, java.lang.Object)'> (0x000000008c51f4b0) thrown at [src/hotspot/share/interpreter/linkResolver.cpp, line 773]
Event: 0.941 Thread 0x0000021050111000 Exception <a 'java/lang/NoSuchMethodError'{0x000000008c523838}: 'java.lang.Object java.lang.invoke.DirectMethodHandle$Holder.invokeStatic(java.lang.Object, java.lang.Object, java.lang.Object, java.lang.Object, int)'> (0x000000008c523838) thrown at [src/hotspot/share/interpreter/linkResolver.cpp, line 773]
Event: 0.971 Thread 0x0000021050111000 Exception <a 'java/lang/NoSuchMethodError'{0x000000008c448138}: 'void java.lang.invoke.DirectMethodHandle$Holder.invokeStatic(java.lang.Object, java.lang.Object, java.lang.Object, java.lang.Object)'> (0x000000008c448138) thrown at [src/hotspot/share/interpreter/linkResolver.cpp, line 773]
Event: 1.022 Thread 0x0000021050111000 Exception <a 'java/lang/NoSuchMethodError'{0x000000008c02d768}: 'void java.lang.invoke.DirectMethodHandle$Holder.invokeStaticInit(java.lang.Object, java.lang.Object)'> (0x000000008c02d768) thrown at [src/hotspot/share/interpreter/linkResolver.cpp, line 773]
Event: 1.071 Thread 0x0000021050111000 Exception <a 'java/lang/NoSuchMethodError'{0x000000008bc8d9b8}: 'void java.lang.invoke.DirectMethodHandle$Holder.invokeVirtual(java.lang.Object, java.lang.Object)'> (0x000000008bc8d9b8) thrown at [src/hotspot/share/interpreter/linkResolver.cpp, line 773]
Event: 1.077 Thread 0x0000021050111000 Exception <a 'java/lang/NoSuchMethodError'{0x000000008bb22ee0}: 'int java.lang.invoke.DirectMethodHandle$Holder.invokeVirtual(java.lang.Object, java.lang.Object)'> (0x000000008bb22ee0) thrown at [src/hotspot/share/interpreter/linkResolver.cpp, line 773]
Event: 1.527 Thread 0x0000021050111000 Exception <a 'java/lang/NoSuchMethodError'{0x000000008c7e8ce0}: 'java.lang.Object java.lang.invoke.DirectMethodHandle$Holder.invokeVirtual(java.lang.Object, java.lang.Object, java.lang.Object)'> (0x000000008c7e8ce0) thrown at [src/hotspot/share/interpreter/linkResolver.cpp, line 773]

Events (20 events):
Event: 2.030 loading class org/jetbrains/kotlin/types/KotlinType
Event: 2.030 loading class org/jetbrains/kotlin/types/KotlinType done
Event: 2.030 loading class org/jetbrains/kotlin/types/KotlinType
Event: 2.030 loading class org/jetbrains/kotlin/types/KotlinType done
Event: 2.030 loading class kotlin/jvm/functions/Function1
Event: 2.030 loading class kotlin/jvm/functions/Function1 done
Event: 2.030 loading class org/jetbrains/kotlin/resolve/source/KotlinSourceElementKt
Event: 2.030 loading class org/jetbrains/kotlin/resolve/source/KotlinSourceElementKt done
Event: 2.031 loading class org/jetbrains/kotlin/resolve/source/KotlinSourceElement
Event: 2.031 loading class org/jetbrains/kotlin/resolve/source/KotlinSourceElement done
Event: 2.031 loading class org/jetbrains/kotlin/resolve/source/PsiSourceElement
Event: 2.031 loading class org/jetbrains/kotlin/resolve/source/PsiSourceElement done
Event: 2.031 loading class org/jetbrains/kotlin/storage/LockBasedLazyResolveStorageManager$LockProtectedTrace$record$1
Event: 2.031 loading class org/jetbrains/kotlin/storage/LockBasedLazyResolveStorageManager$LockProtectedTrace$record$1 done
Event: 2.031 loading class org/jetbrains/kotlin/resolve/lazy/declarations/PsiBasedClassMemberDeclarationProvider
Event: 2.031 loading class org/jetbrains/kotlin/resolve/lazy/declarations/PsiBasedClassMemberDeclarationProvider done
Event: 2.031 loading class org/jetbrains/kotlin/resolve/lazy/LazyClassContext
Event: 2.031 loading class org/jetbrains/kotlin/resolve/lazy/LazyClassContext done
Event: 2.031 loading class org/jetbrains/kotlin/resolve/lazy/descriptors/LazyClassMemberScope
Event: 2.031 loading class org/jetbrains/kotlin/resolve/lazy/descriptors/LazyClassMemberScope done


Dynamic libraries:
0x00007ff752860000 - 0x00007ff75286a000 	C:\Program Files\Android\Android Studio1\jbr\bin\java.exe
0x00007ffcda5d0000 - 0x00007ffcda7c8000 	C:\windows\SYSTEM32\ntdll.dll
0x00007ffcd8a20000 - 0x00007ffcd8add000 	C:\windows\System32\KERNEL32.DLL
0x00007ffcd8330000 - 0x00007ffcd8626000 	C:\windows\System32\KERNELBASE.dll
0x00007ffcd80d0000 - 0x00007ffcd81d0000 	C:\windows\System32\ucrtbase.dll
0x00007ffccfe00000 - 0x00007ffccfe17000 	C:\Program Files\Android\Android Studio1\jbr\bin\jli.dll
0x00007ffccfde0000 - 0x00007ffccfdfb000 	C:\Program Files\Android\Android Studio1\jbr\bin\VCRUNTIME140.dll
0x00007ffcd9b80000 - 0x00007ffcd9d1e000 	C:\windows\System32\USER32.dll
0x00007ffcd7d90000 - 0x00007ffcd7db2000 	C:\windows\System32\win32u.dll
0x00007ffcb8580000 - 0x00007ffcb881a000 	C:\windows\WinSxS\amd64_microsoft.windows.common-controls_6595b64144ccf1df_6.0.19041.3636_none_60b6a03d71f818d5\COMCTL32.dll
0x00007ffcd9b50000 - 0x00007ffcd9b7c000 	C:\windows\System32\GDI32.dll
0x00007ffcd8ae0000 - 0x00007ffcd8b7e000 	C:\windows\System32\msvcrt.dll
0x00007ffcd7dc0000 - 0x00007ffcd7eda000 	C:\windows\System32\gdi32full.dll
0x00007ffcd7fc0000 - 0x00007ffcd805d000 	C:\windows\System32\msvcp_win.dll
0x00007ffcd8700000 - 0x00007ffcd8730000 	C:\windows\System32\IMM32.DLL
0x00007ffcd2910000 - 0x00007ffcd291c000 	C:\Program Files\Android\Android Studio1\jbr\bin\vcruntime140_1.dll
0x00007ffcb92c0000 - 0x00007ffcb934d000 	C:\Program Files\Android\Android Studio1\jbr\bin\msvcp140.dll
0x00007ffc4eb60000 - 0x00007ffc4f71c000 	C:\Program Files\Android\Android Studio1\jbr\bin\server\jvm.dll
0x00007ffcd87e0000 - 0x00007ffcd888f000 	C:\windows\System32\ADVAPI32.dll
0x00007ffcd9d20000 - 0x00007ffcd9dbc000 	C:\windows\System32\sechost.dll
0x00007ffcd88f0000 - 0x00007ffcd8a16000 	C:\windows\System32\RPCRT4.dll
0x00007ffcd8b80000 - 0x00007ffcd8b88000 	C:\windows\System32\PSAPI.DLL
0x00007ffcb7bb0000 - 0x00007ffcb7bd7000 	C:\windows\SYSTEM32\WINMM.dll
0x00007ffcb8c10000 - 0x00007ffcb8c19000 	C:\windows\SYSTEM32\WSOCK32.dll
0x00007ffccbf10000 - 0x00007ffccbf1a000 	C:\windows\SYSTEM32\VERSION.dll
0x00007ffcda490000 - 0x00007ffcda4fb000 	C:\windows\System32\WS2_32.dll
0x00007ffcd6500000 - 0x00007ffcd6512000 	C:\windows\SYSTEM32\kernel.appcore.dll
0x00007ffcce660000 - 0x00007ffcce670000 	C:\Program Files\Android\Android Studio1\jbr\bin\verify.dll
0x00007ffcd5a60000 - 0x00007ffcd5c44000 	C:\windows\SYSTEM32\DBGHELP.DLL
0x00007ffcbac60000 - 0x00007ffcbac94000 	C:\windows\SYSTEM32\dbgcore.DLL
0x00007ffcd7d00000 - 0x00007ffcd7d82000 	C:\windows\System32\bcryptPrimitives.dll
0x00007ffc4eb30000 - 0x00007ffc4eb58000 	C:\Program Files\Android\Android Studio1\jbr\bin\java.dll
0x00007ffccd920000 - 0x00007ffccd92a000 	C:\Program Files\Android\Android Studio1\jbr\bin\jimage.dll
0x00007ffcccd10000 - 0x00007ffcccd28000 	C:\Program Files\Android\Android Studio1\jbr\bin\zip.dll
0x00007ffcd9400000 - 0x00007ffcd9b45000 	C:\windows\System32\SHELL32.dll
0x00007ffcd5d50000 - 0x00007ffcd64eb000 	C:\windows\SYSTEM32\windows.storage.dll
0x00007ffcd8bf0000 - 0x00007ffcd8f44000 	C:\windows\System32\combase.dll
0x00007ffcd76f0000 - 0x00007ffcd771d000 	C:\windows\SYSTEM32\Wldp.dll
0x00007ffcd8730000 - 0x00007ffcd87dd000 	C:\windows\System32\SHCORE.dll
0x00007ffcd9270000 - 0x00007ffcd92c5000 	C:\windows\System32\shlwapi.dll
0x00007ffcd7be0000 - 0x00007ffcd7c05000 	C:\windows\SYSTEM32\profapi.dll
0x00007ffc4eb10000 - 0x00007ffc4eb29000 	C:\Program Files\Android\Android Studio1\jbr\bin\net.dll
0x00007ffcd1890000 - 0x00007ffcd199a000 	C:\windows\SYSTEM32\WINHTTP.dll
0x00007ffcd7450000 - 0x00007ffcd74ba000 	C:\windows\system32\mswsock.dll
0x00007ffc4eaf0000 - 0x00007ffc4eb03000 	C:\Program Files\Android\Android Studio1\jbr\bin\nio.dll

dbghelp: loaded successfully - version: 4.0.5 - missing functions: none
symbol engine: initialized successfully - sym options: 0x614 - pdb path: .;C:\Program Files\Android\Android Studio1\jbr\bin;C:\windows\SYSTEM32;C:\windows\WinSxS\amd64_microsoft.windows.common-controls_6595b64144ccf1df_6.0.19041.3636_none_60b6a03d71f818d5;C:\Program Files\Android\Android Studio1\jbr\bin\server

VM Arguments:
java_command: org.jetbrains.kotlin.cli.jvm.K2JVMCompiler @C:\Users\a\AndroidStudioProjects\Medico\app\build\20231217_16734340816338292514.compiler.options
java_class_path (initial): C:\Users\a\.gradle\caches\modules-2\files-2.1\org.jetbrains.kotlin\kotlin-compiler-embeddable\1.8.0\eb9118d4bcceaa2a94b2ae2a33a4ddba7c9a947f\kotlin-compiler-embeddable-1.8.0.jar;C:\Users\a\.gradle\caches\modules-2\files-2.1\org.jetbrains.kotlin\kotlin-stdlib\1.8.0\1796921c7a3e2e2665a83e6c8d33399336cd39bc\kotlin-stdlib-1.8.0.jar;C:\Users\a\.gradle\caches\modules-2\files-2.1\org.jetbrains.kotlin\kotlin-script-runtime\1.8.0\b2f7e760d283cb339974851c222a4c1d48f2d3d\kotlin-script-runtime-1.8.0.jar;C:\Users\a\.gradle\caches\modules-2\files-2.1\org.jetbrains.kotlin\kotlin-reflect\1.6.10\1cbe9c92c12a94eea200d23c2bbaedaf3daf5132\kotlin-reflect-1.6.10.jar;C:\Users\a\.gradle\caches\modules-2\files-2.1\org.jetbrains.kotlin\kotlin-daemon-embeddable\1.8.0\d255216c551685dc3a7e852b53617f5f01aaaa5c\kotlin-daemon-embeddable-1.8.0.jar;C:\Users\a\.gradle\caches\modules-2\files-2.1\org.jetbrains.intellij.deps\trove4j\1.0.20200330\3afb14d5f9ceb459d724e907a21145e8ff394f02\trove4j-1.0.20200330.jar;C:\Users\a\.gradle\caches\modules-2\files-2.1\net.java.dev.jna\jna\5.6.0\330f2244e9030119ab3030fc3fededc86713d9cc\jna-5.6.0.jar;C:\Users\a\.gradle\caches\modules-2\files-2.1\org.jetbrains.kotlin\kotlin-stdlib-common\1.8.0\f7197e7cc76453ac59f8b0f8d5137cc600becd36\kotlin-stdlib-common-1.8.0.jar;C:\Users\a\.gradle\caches\modules-2\files-2.1\org.jetbrains\annotations\13.0\919f0dfe192fb4e063e7dacadee7f8bb9a2672a9\annotations-13.0.jar
Launcher Type: SUN_STANDARD

[Global flags]
     intx CICompilerCount                          = 4                                         {product} {ergonomic}
     uint ConcGCThreads                            = 2                                         {product} {ergonomic}
     uint G1ConcRefinementThreads                  = 8                                         {product} {ergonomic}
   size_t G1HeapRegionSize                         = 1048576                                   {product} {ergonomic}
    uintx GCDrainStackTargetSize                   = 64                                        {product} {ergonomic}
   size_t InitialHeapSize                          = 130023424                                 {product} {ergonomic}
   size_t MarkStackSize                            = 4194304                                   {product} {ergonomic}
   size_t MaxHeapSize                              = 2055208960                                {product} {ergonomic}
   size_t MaxNewSize                               = 1233125376                                {product} {ergonomic}
   size_t MinHeapDeltaBytes                        = 1048576                                   {product} {ergonomic}
    uintx NonNMethodCodeHeapSize                   = 5836300                                {pd product} {ergonomic}
    uintx NonProfiledCodeHeapSize                  = 122910970                              {pd product} {ergonomic}
    uintx ProfiledCodeHeapSize                     = 122910970                              {pd product} {ergonomic}
    uintx ReservedCodeCacheSize                    = 251658240                              {pd product} {ergonomic}
     bool SegmentedCodeCache                       = true                                      {product} {ergonomic}
     bool UseCompressedClassPointers               = true                                 {lp64_product} {ergonomic}
     bool UseCompressedOops                        = true                                 {lp64_product} {ergonomic}
     bool UseG1GC                                  = true                                      {product} {ergonomic}
     bool UseLargePagesIndividualAllocation        = false                                  {pd product} {ergonomic}

Logging:
Log output configuration:
 #0: stdout all=warning uptime,level,tags
 #1: stderr all=off uptime,level,tags

Environment Variables:
PATH=C:\python 3.10\Scripts\;C:\python 3.10\;C:\Program Files\Common Files\Oracle\Java\javapath;C:\windows\system32;C:\windows;C:\windows\System32\Wbem;C:\windows\System32\WindowsPowerShell\v1.0\;C:\windows\System32\OpenSSH\;C:\Program Files\Git\cmd;C:\MinGW\bin;C:\ProgramData\chocolatey\bin;C:\Program Files\MySQL\MySQL Server 8.0\bin;C:\Program Files\MySQL\MySQL Shell 8.0\bin\;C:\Users\a\AppData\Local\Microsoft\WindowsApps;C:\Users\a\AppData\Local\Programs\Microsoft VS Code\bin;C:\Program Files\JetBrains\IntelliJ IDEA Community Edition 2021.3.3\New folder\IntelliJ IDEA Community Edition 2021.3.3\bin;
USERNAME=a
OS=Windows_NT
PROCESSOR_IDENTIFIER=Intel64 Family 6 Model 140 Stepping 1, GenuineIntel



---------------  S Y S T E M  ---------------

OS: Windows 10 , 64 bit Build 19041 (10.0.19041.3636)
OS uptime: 0 days 2:48 hours

CPU:total 8 (initial active 8) (4 cores per cpu, 2 threads per core) family 6 model 140 stepping 1 microcode 0x9a, cmov, cx8, fxsr, mmx, sse, sse2, sse3, ssse3, sse4.1, sse4.2, popcnt, avx, avx2, aes, clmul, erms, 3dnowpref, lzcnt, ht, tsc, tscinvbit, bmi1, bmi2, adx, evex, sha, fma

Memory: 4k page, system-wide physical 7834M (804M free)
TotalPageFile size 10634M (AvailPageFile size 5M)
current process WorkingSet (physical memory assigned to process): 230M, peak: 230M
current process commit charge ("private bytes"): 304M, peak: 305M

vm_info: OpenJDK 64-Bit Server VM (11.0.15+0-b2043.56-9505619) for windows-amd64 JRE (11.0.15+0-b2043.56-9505619), built on Jan 19 2023 02:48:00 by "builduser" with unknown MS VC++:1929

END.
