#
# There is insufficient memory for the Java Runtime Environment to continue.
# Native memory allocation (mmap) failed to map 35651584 bytes for Failed to commit area from 0x000000008fb00000 to 0x0000000091d00000 of length 35651584.
# Possible reasons:
#   The system is out of physical RAM or swap space
#   The process is running with CompressedOops enabled, and the Java Heap may be blocking the growth of the native heap
# Possible solutions:
#   Reduce memory load on the system
#   Increase physical memory or swap space
#   Check if swap backing store is full
#   Decrease Java heap size (-Xmx/-Xms)
#   Decrease number of Java threads
#   Decrease Java thread stack sizes (-Xss)
#   Set larger code cache with -XX:ReservedCodeCacheSize=
#   JVM is running with Unscaled Compressed Oops mode in which the Java heap is
#     placed in the first 4GB address space. The Java Heap base address is the
#     maximum limit for the native heap growth. Please use -XX:HeapBaseMinAddress
#     to set the Java Heap base and to place the Java Heap above 4GB virtual address.
# This output file may be truncated or incomplete.
#
#  Out of Memory Error (src/hotspot/os/windows/os_windows.cpp:3627), pid=15536, tid=10876
#
# JRE version: OpenJDK Runtime Environment (11.0.15) (build 11.0.15+0-b2043.56-9505619)
# Java VM: OpenJDK 64-Bit Server VM (11.0.15+0-b2043.56-9505619, mixed mode, tiered, compressed oops, g1 gc, windows-amd64)
# No core dump will be written. Minidumps are not enabled by default on client versions of Windows
#

---------------  S U M M A R Y ------------

Command Line: org.jetbrains.kotlin.cli.jvm.K2JVMCompiler @C:\Users\a\AndroidStudioProjects\Medico\app\build\20231217_17956375051677279054.compiler.options

Host: 11th Gen Intel(R) Core(TM) i5-1135G7 @ 2.40GHz, 8 cores, 7G,  Windows 10 , 64 bit Build 19041 (10.0.19041.3636)
Time: Sun Dec 17 17:05:48 2023 India Standard Time elapsed time: 5.102022 seconds (0d 0h 0m 5s)

---------------  T H R E A D  ---------------

Current thread (0x0000011dd0d9c000):  VMThread "VM Thread" [stack: 0x00000007b4c00000,0x00000007b4d00000] [id=10876]

Stack: [0x00000007b4c00000,0x00000007b4d00000]
[error occurred during error reporting (printing stack bounds), id 0xc0000005, EXCEPTION_ACCESS_VIOLATION (0xc0000005) at pc=0x0000011dba7612e7]

Native frames: (J=compiled Java code, j=interpreted, Vv=VM code, C=native code)
V  [jvm.dll+0x64135a]
V  [jvm.dll+0x7d39f9]
V  [jvm.dll+0x7d51b9]
V  [jvm.dll+0x7d5805]
V  [jvm.dll+0x7d57bb]
V  [jvm.dll+0x640655]
V  [jvm.dll+0x640d68]
C  [ntdll.dll+0xa23af]
C  [ntdll.dll+0x514b4]
C  [ntdll.dll+0xa0ebe]
C  0x0000011dba7612e7

VM_Operation (0x00000007b46fd4e0): G1CollectForAllocation, mode: safepoint, requested by thread 0x0000011db6c32000


---------------  P R O C E S S  ---------------

Threads class SMR info:
_java_thread_list=0x0000011dd18ab5e0, length=11, elements={
0x0000011db6c32000, 0x0000011dd0dbe800, 0x0000011dd0dc0000, 0x0000011dd1739000,
0x0000011dd173c000, 0x0000011dd173e000, 0x0000011dd173f800, 0x0000011dd1742800,
0x0000011dd0dd8000, 0x0000011dd189e800, 0x0000011dd18b9800
}

Java Threads: ( => current thread )
  0x0000011db6c32000 JavaThread "main" [_thread_blocked, id=15052, stack(0x00000007b4600000,0x00000007b4700000)]
  0x0000011dd0dbe800 JavaThread "Reference Handler" daemon [_thread_blocked, id=13644, stack(0x00000007b4d00000,0x00000007b4e00000)]
  0x0000011dd0dc0000 JavaThread "Finalizer" daemon [_thread_blocked, id=12888, stack(0x00000007b4e00000,0x00000007b4f00000)]
  0x0000011dd1739000 JavaThread "Signal Dispatcher" daemon [_thread_blocked, id=15800, stack(0x00000007b4f00000,0x00000007b5000000)]
  0x0000011dd173c000 JavaThread "Attach Listener" daemon [_thread_blocked, id=11628, stack(0x00000007b5000000,0x00000007b5100000)]
  0x0000011dd173e000 JavaThread "Service Thread" daemon [_thread_blocked, id=3480, stack(0x00000007b5100000,0x00000007b5200000)]
  0x0000011dd173f800 JavaThread "C2 CompilerThread0" daemon [_thread_blocked, id=12916, stack(0x00000007b5200000,0x00000007b5300000)]
  0x0000011dd1742800 JavaThread "C1 CompilerThread0" daemon [_thread_blocked, id=3692, stack(0x00000007b5300000,0x00000007b5400000)]
  0x0000011dd0dd8000 JavaThread "Sweeper thread" daemon [_thread_blocked, id=13868, stack(0x00000007b5400000,0x00000007b5500000)]
  0x0000011dd189e800 JavaThread "Common-Cleaner" daemon [_thread_blocked, id=308, stack(0x00000007b5600000,0x00000007b5700000)]
  0x0000011dd18b9800 JavaThread "C2 CompilerThread1" daemon [_thread_blocked, id=13496, stack(0x00000007b5700000,0x00000007b5800000)]

Other Threads:
=>0x0000011dd0d9c000 VMThread "VM Thread" [stack: 0x00000007b4c00000,0x00000007b4d00000] [id=10876]
  0x0000011dd1897800 WatcherThread [stack: 0x00000007b5500000,0x00000007b5600000] [id=11988]
  0x0000011db6c49000 GCTaskThread "GC Thread#0" [stack: 0x00000007b4700000,0x00000007b4800000] [id=2012]
  0x0000011dd1c62800 GCTaskThread "GC Thread#1" [stack: 0x00000007b5900000,0x00000007b5a00000] [id=11880]
  0x0000011dd85ba000 GCTaskThread "GC Thread#2" [stack: 0x00000007b5800000,0x00000007b5900000] [id=11748]
  0x0000011db6c78800 ConcurrentGCThread "G1 Main Marker" [stack: 0x00000007b4800000,0x00000007b4900000] [id=8696]
  0x0000011db6c7a000 ConcurrentGCThread "G1 Conc#0" [stack: 0x00000007b4900000,0x00000007b4a00000] [id=12796]
  0x0000011dd2def800 ConcurrentGCThread "G1 Conc#1" [stack: 0x00000007b5a00000,0x00000007b5b00000] [id=10648]
  0x0000011db6d0d000 ConcurrentGCThread "G1 Refine#0" [stack: 0x00000007b4a00000,0x00000007b4b00000] [id=14048]
  0x0000011dd3a03000 ConcurrentGCThread "G1 Refine#1" [stack: 0x00000007b5b00000,0x00000007b5c00000] [id=11312]
  0x0000011db6d0e000 ConcurrentGCThread "G1 Young RemSet Sampling" [stack: 0x00000007b4b00000,0x00000007b4c00000] [id=12776]

Threads with active compile tasks:
C2 CompilerThread0     5106 8123       4       org.jetbrains.kotlin.ir.declarations.lazy.SynchronizedLazyVar::<init> (27 bytes)
C1 CompilerThread0     5106 8110       3       org.jetbrains.kotlin.ir.util.DeclarationStubGenerator::generateValueParameterStub$ir_tree (135 bytes)
C2 CompilerThread1     5106 8116       4       org.jetbrains.kotlin.ir.util.TypeTranslator::enterScope (37 bytes)

VM state:at safepoint (normal execution)

VM Mutex/Monitor currently owned by a thread:  ([mutex/lock_event])
[0x0000011db6c2da80] Threads_lock - owner thread: 0x0000011dd0d9c000
[0x0000011db6c2efe0] Heap_lock - owner thread: 0x0000011db6c32000

Heap address: 0x0000000085800000, size: 1960 MB, Compressed Oops mode: 32-bit
Narrow klass base: 0x0000000000000000, Narrow klass shift: 3
Compressed class space size: 1073741824 Address: 0x0000000100000000

Heap:
 garbage-first heap   total 201728K, used 61869K [0x0000000085800000, 0x0000000100000000)
  region size 1024K, 9 young (9216K), 9 survivors (9216K)
 Metaspace       used 69885K, capacity 70570K, committed 70868K, reserved 1112064K
  class space    used 7744K, capacity 8013K, committed 8112K, reserved 1048576K
Heap Regions: E=young(eden), S=young(survivor), O=old, HS=humongous(starts), HC=humongous(continues), CS=collection set, F=free, A=archive, TAMS=top-at-mark-start (previous, next)
|   0|0x0000000085800000, 0x0000000085900000, 0x0000000085900000|100%|HS|  |TAMS 0x0000000085900000, 0x0000000085900000| Complete 
|   1|0x0000000085900000, 0x0000000085a00000, 0x0000000085a00000|100%|HC|  |TAMS 0x0000000085a00000, 0x0000000085a00000| Complete 
|   2|0x0000000085a00000, 0x0000000085b00000, 0x0000000085b00000|100%|HC|  |TAMS 0x0000000085b00000, 0x0000000085b00000| Complete 
|   3|0x0000000085b00000, 0x0000000085c00000, 0x0000000085c00000|100%|HC|  |TAMS 0x0000000085c00000, 0x0000000085c00000| Complete 
|   4|0x0000000085c00000, 0x0000000085d00000, 0x0000000085d00000|100%|HS|  |TAMS 0x0000000085d00000, 0x0000000085d00000| Complete 
|   5|0x0000000085d00000, 0x0000000085e00000, 0x0000000085e00000|100%|HC|  |TAMS 0x0000000085e00000, 0x0000000085e00000| Complete 
|   6|0x0000000085e00000, 0x0000000085f00000, 0x0000000085f00000|100%|HC|  |TAMS 0x0000000085f00000, 0x0000000085f00000| Complete 
|   7|0x0000000085f00000, 0x0000000086000000, 0x0000000086000000|100%|HC|  |TAMS 0x0000000086000000, 0x0000000086000000| Complete 
|   8|0x0000000086000000, 0x0000000086100000, 0x0000000086100000|100%|HS|  |TAMS 0x0000000086100000, 0x0000000086100000| Complete 
|   9|0x0000000086100000, 0x0000000086200000, 0x0000000086200000|100%|HC|  |TAMS 0x0000000086200000, 0x0000000086200000| Complete 
|  10|0x0000000086200000, 0x0000000086300000, 0x0000000086300000|100%| O|  |TAMS 0x0000000086300000, 0x0000000086300000| Untracked 
|  11|0x0000000086300000, 0x0000000086400000, 0x0000000086400000|100%| O|  |TAMS 0x0000000086400000, 0x0000000086400000| Untracked 
|  12|0x0000000086400000, 0x0000000086500000, 0x0000000086500000|100%| O|  |TAMS 0x0000000086500000, 0x0000000086500000| Untracked 
|  13|0x0000000086500000, 0x0000000086600000, 0x0000000086600000|100%| O|  |TAMS 0x0000000086600000, 0x0000000086600000| Untracked 
|  14|0x0000000086600000, 0x0000000086700000, 0x0000000086700000|100%| O|  |TAMS 0x0000000086700000, 0x0000000086700000| Untracked 
|  15|0x0000000086700000, 0x0000000086800000, 0x0000000086800000|100%| O|  |TAMS 0x0000000086800000, 0x0000000086800000| Untracked 
|  16|0x0000000086800000, 0x0000000086900000, 0x0000000086900000|100%| O|  |TAMS 0x0000000086900000, 0x0000000086900000| Untracked 
|  17|0x0000000086900000, 0x0000000086a00000, 0x0000000086a00000|100%| O|  |TAMS 0x0000000086a00000, 0x0000000086a00000| Untracked 
|  18|0x0000000086a00000, 0x0000000086b00000, 0x0000000086b00000|100%| O|  |TAMS 0x0000000086b00000, 0x0000000086b00000| Untracked 
|  19|0x0000000086b00000, 0x0000000086c00000, 0x0000000086c00000|100%| O|  |TAMS 0x0000000086c00000, 0x0000000086c00000| Untracked 
|  20|0x0000000086c00000, 0x0000000086d00000, 0x0000000086d00000|100%| O|  |TAMS 0x0000000086d00000, 0x0000000086d00000| Untracked 
|  21|0x0000000086d00000, 0x0000000086e00000, 0x0000000086e00000|100%| O|  |TAMS 0x0000000086e00000, 0x0000000086e00000| Untracked 
|  22|0x0000000086e00000, 0x0000000086f00000, 0x0000000086f00000|100%| O|  |TAMS 0x0000000086f00000, 0x0000000086f00000| Untracked 
|  23|0x0000000086f00000, 0x0000000087000000, 0x0000000087000000|100%| O|  |TAMS 0x0000000087000000, 0x0000000087000000| Untracked 
|  24|0x0000000087000000, 0x0000000087100000, 0x0000000087100000|100%| O|  |TAMS 0x0000000087100000, 0x0000000087100000| Untracked 
|  25|0x0000000087100000, 0x0000000087200000, 0x0000000087200000|100%| O|  |TAMS 0x0000000087200000, 0x0000000087200000| Untracked 
|  26|0x0000000087200000, 0x0000000087300000, 0x0000000087300000|100%| O|  |TAMS 0x0000000087300000, 0x0000000087300000| Untracked 
|  27|0x0000000087300000, 0x0000000087400000, 0x0000000087400000|100%| O|  |TAMS 0x0000000087400000, 0x0000000087400000| Untracked 
|  28|0x0000000087400000, 0x0000000087500000, 0x0000000087500000|100%| O|  |TAMS 0x0000000087500000, 0x0000000087500000| Untracked 
|  29|0x0000000087500000, 0x0000000087600000, 0x0000000087600000|100%| O|  |TAMS 0x0000000087600000, 0x0000000087600000| Untracked 
|  30|0x0000000087600000, 0x0000000087700000, 0x0000000087700000|100%| O|  |TAMS 0x0000000087700000, 0x0000000087700000| Untracked 
|  31|0x0000000087700000, 0x0000000087800000, 0x0000000087800000|100%| O|  |TAMS 0x0000000087800000, 0x0000000087800000| Untracked 
|  32|0x0000000087800000, 0x0000000087900000, 0x0000000087900000|100%| O|  |TAMS 0x0000000087900000, 0x0000000087900000| Untracked 
|  33|0x0000000087900000, 0x0000000087a00000, 0x0000000087a00000|100%| O|  |TAMS 0x0000000087a00000, 0x0000000087a00000| Untracked 
|  34|0x0000000087a00000, 0x0000000087b00000, 0x0000000087b00000|100%| O|  |TAMS 0x0000000087b00000, 0x0000000087b00000| Untracked 
|  35|0x0000000087b00000, 0x0000000087c00000, 0x0000000087c00000|100%| O|  |TAMS 0x0000000087c00000, 0x0000000087c00000| Untracked 
|  36|0x0000000087c00000, 0x0000000087d00000, 0x0000000087d00000|100%| O|  |TAMS 0x0000000087d00000, 0x0000000087d00000| Untracked 
|  37|0x0000000087d00000, 0x0000000087e00000, 0x0000000087e00000|100%| O|  |TAMS 0x0000000087d00000, 0x0000000087e00000| Untracked 
|  38|0x0000000087e00000, 0x0000000087f00000, 0x0000000087f00000|100%| O|  |TAMS 0x0000000087f00000, 0x0000000087f00000| Untracked 
|  39|0x0000000087f00000, 0x0000000088000000, 0x0000000088000000|100%| O|  |TAMS 0x0000000088000000, 0x0000000088000000| Untracked 
|  40|0x0000000088000000, 0x0000000088100000, 0x0000000088100000|100%| O|  |TAMS 0x0000000088100000, 0x0000000088100000| Untracked 
|  41|0x0000000088100000, 0x0000000088200000, 0x0000000088200000|100%| O|  |TAMS 0x0000000088200000, 0x0000000088200000| Untracked 
|  42|0x0000000088200000, 0x0000000088300000, 0x0000000088300000|100%| O|  |TAMS 0x0000000088300000, 0x0000000088300000| Untracked 
|  43|0x0000000088300000, 0x0000000088400000, 0x0000000088400000|100%| O|  |TAMS 0x0000000088400000, 0x0000000088400000| Untracked 
|  44|0x0000000088400000, 0x0000000088500000, 0x0000000088500000|100%| O|  |TAMS 0x0000000088500000, 0x0000000088500000| Untracked 
|  45|0x0000000088500000, 0x0000000088600000, 0x0000000088600000|100%| O|  |TAMS 0x00000000885f9800, 0x0000000088600000| Untracked 
|  46|0x0000000088600000, 0x0000000088700000, 0x0000000088700000|100%| O|  |TAMS 0x0000000088600000, 0x0000000088700000| Untracked 
|  47|0x0000000088700000, 0x0000000088800000, 0x0000000088800000|100%| O|  |TAMS 0x0000000088700000, 0x0000000088800000| Untracked 
|  48|0x0000000088800000, 0x0000000088900000, 0x0000000088900000|100%| O|  |TAMS 0x0000000088800000, 0x0000000088900000| Untracked 
|  49|0x0000000088900000, 0x0000000088a00000, 0x0000000088a00000|100%| O|  |TAMS 0x0000000088900000, 0x0000000088a00000| Untracked 
|  50|0x0000000088a00000, 0x0000000088b00000, 0x0000000088b00000|100%| O|  |TAMS 0x0000000088a00000, 0x0000000088b00000| Untracked 
|  51|0x0000000088b00000, 0x0000000088bfee00, 0x0000000088c00000| 99%| O|  |TAMS 0x0000000088b00000, 0x0000000088bfee00| Untracked 
|  52|0x0000000088c00000, 0x0000000088c00000, 0x0000000088d00000|  0%| F|  |TAMS 0x0000000088c00000, 0x0000000088c00000| Untracked 
|  53|0x0000000088d00000, 0x0000000088d00000, 0x0000000088e00000|  0%| F|  |TAMS 0x0000000088d00000, 0x0000000088d00000| Untracked 
|  54|0x0000000088e00000, 0x0000000088e00000, 0x0000000088f00000|  0%| F|  |TAMS 0x0000000088e00000, 0x0000000088e00000| Untracked 
|  55|0x0000000088f00000, 0x0000000088f00000, 0x0000000089000000|  0%| F|  |TAMS 0x0000000088f00000, 0x0000000088f00000| Untracked 
|  56|0x0000000089000000, 0x0000000089000000, 0x0000000089100000|  0%| F|  |TAMS 0x0000000089000000, 0x0000000089000000| Untracked 
|  57|0x0000000089100000, 0x0000000089100000, 0x0000000089200000|  0%| F|  |TAMS 0x0000000089100000, 0x0000000089100000| Untracked 
|  58|0x0000000089200000, 0x0000000089200000, 0x0000000089300000|  0%| F|  |TAMS 0x0000000089200000, 0x0000000089200000| Untracked 
|  59|0x0000000089300000, 0x0000000089300000, 0x0000000089400000|  0%| F|  |TAMS 0x0000000089300000, 0x0000000089300000| Untracked 
|  60|0x0000000089400000, 0x0000000089400000, 0x0000000089500000|  0%| F|  |TAMS 0x0000000089400000, 0x0000000089400000| Untracked 
|  61|0x0000000089500000, 0x0000000089500000, 0x0000000089600000|  0%| F|  |TAMS 0x0000000089500000, 0x0000000089500000| Untracked 
|  62|0x0000000089600000, 0x0000000089600000, 0x0000000089700000|  0%| F|  |TAMS 0x0000000089600000, 0x0000000089600000| Untracked 
|  63|0x0000000089700000, 0x0000000089700000, 0x0000000089800000|  0%| F|  |TAMS 0x0000000089700000, 0x0000000089700000| Untracked 
|  64|0x0000000089800000, 0x0000000089800000, 0x0000000089900000|  0%| F|  |TAMS 0x0000000089800000, 0x0000000089800000| Untracked 
|  65|0x0000000089900000, 0x0000000089900000, 0x0000000089a00000|  0%| F|  |TAMS 0x0000000089900000, 0x0000000089900000| Untracked 
|  66|0x0000000089a00000, 0x0000000089a00000, 0x0000000089b00000|  0%| F|  |TAMS 0x0000000089a00000, 0x0000000089a00000| Untracked 
|  67|0x0000000089b00000, 0x0000000089b00000, 0x0000000089c00000|  0%| F|  |TAMS 0x0000000089b00000, 0x0000000089b00000| Untracked 
|  68|0x0000000089c00000, 0x0000000089c00000, 0x0000000089d00000|  0%| F|  |TAMS 0x0000000089c00000, 0x0000000089c00000| Untracked 
|  69|0x0000000089d00000, 0x0000000089d00000, 0x0000000089e00000|  0%| F|  |TAMS 0x0000000089d00000, 0x0000000089d00000| Untracked 
|  70|0x0000000089e00000, 0x0000000089e00000, 0x0000000089f00000|  0%| F|  |TAMS 0x0000000089e00000, 0x0000000089e00000| Untracked 
|  71|0x0000000089f00000, 0x0000000089f00000, 0x000000008a000000|  0%| F|  |TAMS 0x0000000089f00000, 0x0000000089f00000| Untracked 
|  72|0x000000008a000000, 0x000000008a000000, 0x000000008a100000|  0%| F|  |TAMS 0x000000008a000000, 0x000000008a000000| Untracked 
|  73|0x000000008a100000, 0x000000008a100000, 0x000000008a200000|  0%| F|  |TAMS 0x000000008a100000, 0x000000008a100000| Untracked 
|  74|0x000000008a200000, 0x000000008a200000, 0x000000008a300000|  0%| F|  |TAMS 0x000000008a200000, 0x000000008a200000| Untracked 
|  75|0x000000008a300000, 0x000000008a300000, 0x000000008a400000|  0%| F|  |TAMS 0x000000008a300000, 0x000000008a300000| Untracked 
|  76|0x000000008a400000, 0x000000008a400000, 0x000000008a500000|  0%| F|  |TAMS 0x000000008a400000, 0x000000008a400000| Untracked 
|  77|0x000000008a500000, 0x000000008a500000, 0x000000008a600000|  0%| F|  |TAMS 0x000000008a500000, 0x000000008a500000| Untracked 
|  78|0x000000008a600000, 0x000000008a600000, 0x000000008a700000|  0%| F|  |TAMS 0x000000008a600000, 0x000000008a600000| Untracked 
|  79|0x000000008a700000, 0x000000008a700000, 0x000000008a800000|  0%| F|  |TAMS 0x000000008a700000, 0x000000008a700000| Untracked 
|  80|0x000000008a800000, 0x000000008a800000, 0x000000008a900000|  0%| F|  |TAMS 0x000000008a800000, 0x000000008a800000| Untracked 
|  81|0x000000008a900000, 0x000000008a900000, 0x000000008aa00000|  0%| F|  |TAMS 0x000000008a900000, 0x000000008a900000| Untracked 
|  82|0x000000008aa00000, 0x000000008aa00000, 0x000000008ab00000|  0%| F|  |TAMS 0x000000008aa00000, 0x000000008aa00000| Untracked 
|  83|0x000000008ab00000, 0x000000008ab00000, 0x000000008ac00000|  0%| F|  |TAMS 0x000000008ab00000, 0x000000008ab00000| Untracked 
|  84|0x000000008ac00000, 0x000000008ac6c680, 0x000000008ad00000| 42%| S|CS|TAMS 0x000000008ac00000, 0x000000008ac00000| Complete 
|  85|0x000000008ad00000, 0x000000008ae00000, 0x000000008ae00000|100%| S|CS|TAMS 0x000000008ad00000, 0x000000008ad00000| Complete 
|  86|0x000000008ae00000, 0x000000008af00000, 0x000000008af00000|100%| S|CS|TAMS 0x000000008ae00000, 0x000000008ae00000| Complete 
|  87|0x000000008af00000, 0x000000008b000000, 0x000000008b000000|100%| S|CS|TAMS 0x000000008af00000, 0x000000008af00000| Complete 
|  88|0x000000008b000000, 0x000000008b100000, 0x000000008b100000|100%| S|CS|TAMS 0x000000008b000000, 0x000000008b000000| Complete 
|  89|0x000000008b100000, 0x000000008b200000, 0x000000008b200000|100%| S|CS|TAMS 0x000000008b100000, 0x000000008b100000| Complete 
|  90|0x000000008b200000, 0x000000008b300000, 0x000000008b300000|100%| S|CS|TAMS 0x000000008b200000, 0x000000008b200000| Complete 
|  91|0x000000008b300000, 0x000000008b400000, 0x000000008b400000|100%| S|CS|TAMS 0x000000008b300000, 0x000000008b300000| Complete 
|  92|0x000000008b400000, 0x000000008b500000, 0x000000008b500000|100%| S|CS|TAMS 0x000000008b400000, 0x000000008b400000| Complete 
|  93|0x000000008b500000, 0x000000008b500000, 0x000000008b600000|  0%| F|  |TAMS 0x000000008b500000, 0x000000008b500000| Untracked 
|  94|0x000000008b600000, 0x000000008b600000, 0x000000008b700000|  0%| F|  |TAMS 0x000000008b600000, 0x000000008b600000| Untracked 
|  95|0x000000008b700000, 0x000000008b700000, 0x000000008b800000|  0%| F|  |TAMS 0x000000008b700000, 0x000000008b700000| Untracked 
|  96|0x000000008b800000, 0x000000008b800000, 0x000000008b900000|  0%| F|  |TAMS 0x000000008b800000, 0x000000008b800000| Untracked 
|  97|0x000000008b900000, 0x000000008b900000, 0x000000008ba00000|  0%| F|  |TAMS 0x000000008b900000, 0x000000008b900000| Untracked 
|  98|0x000000008ba00000, 0x000000008ba00000, 0x000000008bb00000|  0%| F|  |TAMS 0x000000008ba00000, 0x000000008ba00000| Untracked 
|  99|0x000000008bb00000, 0x000000008bb00000, 0x000000008bc00000|  0%| F|  |TAMS 0x000000008bb00000, 0x000000008bb00000| Untracked 
| 100|0x000000008bc00000, 0x000000008bc00000, 0x000000008bd00000|  0%| F|  |TAMS 0x000000008bc00000, 0x000000008bc00000| Untracked 
| 101|0x000000008bd00000, 0x000000008bd00000, 0x000000008be00000|  0%| F|  |TAMS 0x000000008bd00000, 0x000000008bd00000| Untracked 
| 102|0x000000008be00000, 0x000000008be00000, 0x000000008bf00000|  0%| F|  |TAMS 0x000000008be00000, 0x000000008be00000| Untracked 
| 103|0x000000008bf00000, 0x000000008bf00000, 0x000000008c000000|  0%| F|  |TAMS 0x000000008bf00000, 0x000000008bf00000| Untracked 
| 104|0x000000008c000000, 0x000000008c000000, 0x000000008c100000|  0%| F|  |TAMS 0x000000008c000000, 0x000000008c000000| Untracked 
| 105|0x000000008c100000, 0x000000008c100000, 0x000000008c200000|  0%| F|  |TAMS 0x000000008c100000, 0x000000008c100000| Untracked 
| 106|0x000000008c200000, 0x000000008c200000, 0x000000008c300000|  0%| F|  |TAMS 0x000000008c200000, 0x000000008c200000| Untracked 
| 107|0x000000008c300000, 0x000000008c300000, 0x000000008c400000|  0%| F|  |TAMS 0x000000008c300000, 0x000000008c300000| Untracked 
| 108|0x000000008c400000, 0x000000008c400000, 0x000000008c500000|  0%| F|  |TAMS 0x000000008c400000, 0x000000008c400000| Untracked 
| 109|0x000000008c500000, 0x000000008c500000, 0x000000008c600000|  0%| F|  |TAMS 0x000000008c500000, 0x000000008c500000| Untracked 
| 110|0x000000008c600000, 0x000000008c600000, 0x000000008c700000|  0%| F|  |TAMS 0x000000008c600000, 0x000000008c600000| Untracked 
| 111|0x000000008c700000, 0x000000008c700000, 0x000000008c800000|  0%| F|  |TAMS 0x000000008c700000, 0x000000008c700000| Untracked 
| 112|0x000000008c800000, 0x000000008c800000, 0x000000008c900000|  0%| F|  |TAMS 0x000000008c800000, 0x000000008c800000| Untracked 
| 113|0x000000008c900000, 0x000000008c900000, 0x000000008ca00000|  0%| F|  |TAMS 0x000000008c900000, 0x000000008c900000| Untracked 
| 114|0x000000008ca00000, 0x000000008ca00000, 0x000000008cb00000|  0%| F|  |TAMS 0x000000008ca00000, 0x000000008ca00000| Untracked 
| 115|0x000000008cb00000, 0x000000008cb00000, 0x000000008cc00000|  0%| F|  |TAMS 0x000000008cb00000, 0x000000008cb00000| Untracked 
| 116|0x000000008cc00000, 0x000000008cc00000, 0x000000008cd00000|  0%| F|  |TAMS 0x000000008cc00000, 0x000000008cc00000| Untracked 
| 117|0x000000008cd00000, 0x000000008cd00000, 0x000000008ce00000|  0%| F|  |TAMS 0x000000008cd00000, 0x000000008cd00000| Untracked 
| 118|0x000000008ce00000, 0x000000008ce00000, 0x000000008cf00000|  0%| F|  |TAMS 0x000000008ce00000, 0x000000008ce00000| Untracked 
| 119|0x000000008cf00000, 0x000000008cf00000, 0x000000008d000000|  0%| F|  |TAMS 0x000000008cf00000, 0x000000008cf00000| Untracked 
| 120|0x000000008d000000, 0x000000008d000000, 0x000000008d100000|  0%| F|  |TAMS 0x000000008d000000, 0x000000008d000000| Untracked 
| 121|0x000000008d100000, 0x000000008d100000, 0x000000008d200000|  0%| F|  |TAMS 0x000000008d100000, 0x000000008d100000| Untracked 
| 122|0x000000008d200000, 0x000000008d200000, 0x000000008d300000|  0%| F|  |TAMS 0x000000008d200000, 0x000000008d200000| Untracked 
| 123|0x000000008d300000, 0x000000008d300000, 0x000000008d400000|  0%| F|  |TAMS 0x000000008d300000, 0x000000008d300000| Untracked 
| 124|0x000000008d400000, 0x000000008d400000, 0x000000008d500000|  0%| F|  |TAMS 0x000000008d400000, 0x000000008d400000| Untracked 
| 125|0x000000008d500000, 0x000000008d500000, 0x000000008d600000|  0%| F|  |TAMS 0x000000008d500000, 0x000000008d500000| Untracked 
| 126|0x000000008d600000, 0x000000008d600000, 0x000000008d700000|  0%| F|  |TAMS 0x000000008d600000, 0x000000008d600000| Untracked 
| 127|0x000000008d700000, 0x000000008d700000, 0x000000008d800000|  0%| F|  |TAMS 0x000000008d700000, 0x000000008d700000| Untracked 
| 128|0x000000008d800000, 0x000000008d800000, 0x000000008d900000|  0%| F|  |TAMS 0x000000008d800000, 0x000000008d800000| Untracked 
| 129|0x000000008d900000, 0x000000008d900000, 0x000000008da00000|  0%| F|  |TAMS 0x000000008d900000, 0x000000008d900000| Untracked 
| 130|0x000000008da00000, 0x000000008da00000, 0x000000008db00000|  0%| F|  |TAMS 0x000000008da00000, 0x000000008da00000| Untracked 
| 131|0x000000008db00000, 0x000000008db00000, 0x000000008dc00000|  0%| F|  |TAMS 0x000000008db00000, 0x000000008db00000| Untracked 
| 132|0x000000008dc00000, 0x000000008dc00000, 0x000000008dd00000|  0%| F|  |TAMS 0x000000008dc00000, 0x000000008dc00000| Untracked 
| 133|0x000000008dd00000, 0x000000008dd00000, 0x000000008de00000|  0%| F|  |TAMS 0x000000008dd00000, 0x000000008dd00000| Untracked 
| 134|0x000000008de00000, 0x000000008de00000, 0x000000008df00000|  0%| F|  |TAMS 0x000000008de00000, 0x000000008de00000| Untracked 
| 135|0x000000008df00000, 0x000000008df00000, 0x000000008e000000|  0%| F|  |TAMS 0x000000008df00000, 0x000000008df00000| Untracked 
| 136|0x000000008e000000, 0x000000008e000000, 0x000000008e100000|  0%| F|  |TAMS 0x000000008e000000, 0x000000008e000000| Untracked 
| 137|0x000000008e100000, 0x000000008e100000, 0x000000008e200000|  0%| F|  |TAMS 0x000000008e100000, 0x000000008e100000| Untracked 
| 138|0x000000008e200000, 0x000000008e200000, 0x000000008e300000|  0%| F|  |TAMS 0x000000008e200000, 0x000000008e200000| Untracked 
| 139|0x000000008e300000, 0x000000008e300000, 0x000000008e400000|  0%| F|  |TAMS 0x000000008e300000, 0x000000008e300000| Untracked 
| 140|0x000000008e400000, 0x000000008e400000, 0x000000008e500000|  0%| F|  |TAMS 0x000000008e400000, 0x000000008e400000| Untracked 
| 141|0x000000008e500000, 0x000000008e500000, 0x000000008e600000|  0%| F|  |TAMS 0x000000008e500000, 0x000000008e500000| Untracked 
| 142|0x000000008e600000, 0x000000008e600000, 0x000000008e700000|  0%| F|  |TAMS 0x000000008e600000, 0x000000008e600000| Untracked 
| 143|0x000000008e700000, 0x000000008e700000, 0x000000008e800000|  0%| F|  |TAMS 0x000000008e700000, 0x000000008e700000| Untracked 
| 144|0x000000008e800000, 0x000000008e800000, 0x000000008e900000|  0%| F|  |TAMS 0x000000008e800000, 0x000000008e800000| Untracked 
| 145|0x000000008e900000, 0x000000008e900000, 0x000000008ea00000|  0%| F|  |TAMS 0x000000008e900000, 0x000000008e900000| Untracked 
| 146|0x000000008ea00000, 0x000000008ea00000, 0x000000008eb00000|  0%| F|  |TAMS 0x000000008ea00000, 0x000000008ea00000| Untracked 
| 147|0x000000008eb00000, 0x000000008eb00000, 0x000000008ec00000|  0%| F|  |TAMS 0x000000008eb00000, 0x000000008eb00000| Untracked 
| 148|0x000000008ec00000, 0x000000008ec00000, 0x000000008ed00000|  0%| F|  |TAMS 0x000000008ec00000, 0x000000008ec00000| Untracked 
| 149|0x000000008ed00000, 0x000000008ed00000, 0x000000008ee00000|  0%| F|  |TAMS 0x000000008ed00000, 0x000000008ed00000| Untracked 
| 150|0x000000008ee00000, 0x000000008ee00000, 0x000000008ef00000|  0%| F|  |TAMS 0x000000008ee00000, 0x000000008ee00000| Untracked 
| 151|0x000000008ef00000, 0x000000008ef00000, 0x000000008f000000|  0%| F|  |TAMS 0x000000008ef00000, 0x000000008ef00000| Untracked 
| 152|0x000000008f000000, 0x000000008f000000, 0x000000008f100000|  0%| F|  |TAMS 0x000000008f000000, 0x000000008f000000| Untracked 
| 153|0x000000008f100000, 0x000000008f100000, 0x000000008f200000|  0%| F|  |TAMS 0x000000008f100000, 0x000000008f100000| Untracked 
| 154|0x000000008f200000, 0x000000008f200000, 0x000000008f300000|  0%| F|  |TAMS 0x000000008f200000, 0x000000008f200000| Untracked 
| 155|0x000000008f300000, 0x000000008f300000, 0x000000008f400000|  0%| F|  |TAMS 0x000000008f300000, 0x000000008f300000| Untracked 
| 156|0x000000008f400000, 0x000000008f400000, 0x000000008f500000|  0%| F|  |TAMS 0x000000008f400000, 0x000000008f400000| Untracked 
| 157|0x000000008f500000, 0x000000008f500000, 0x000000008f600000|  0%| F|  |TAMS 0x000000008f500000, 0x000000008f500000| Untracked 
| 158|0x000000008f600000, 0x000000008f600000, 0x000000008f700000|  0%| F|  |TAMS 0x000000008f600000, 0x000000008f600000| Untracked 
| 159|0x000000008f700000, 0x000000008f700000, 0x000000008f800000|  0%| F|  |TAMS 0x000000008f700000, 0x000000008f700000| Untracked 
| 160|0x000000008f800000, 0x000000008f800000, 0x000000008f900000|  0%| F|  |TAMS 0x000000008f800000, 0x000000008f800000| Untracked 
| 161|0x000000008f900000, 0x000000008f900000, 0x000000008fa00000|  0%| F|  |TAMS 0x000000008f900000, 0x000000008f900000| Untracked 
| 162|0x000000008fa00000, 0x000000008fa00000, 0x000000008fb00000|  0%| F|  |TAMS 0x000000008fa00000, 0x000000008fa00000| Untracked 

Card table byte_map: [0x0000011dc9e70000,0x0000011dca250000] _byte_map_base: 0x0000011dc9a44000

Marking Bits (Prev, Next): (CMBitMap*) 0x0000011db6c70250, (CMBitMap*) 0x0000011db6c70218
 Prev Bits: [0x0000011dcc4d0000, 0x0000011dce370000)
 Next Bits: [0x0000011dca630000, 0x0000011dcc4d0000)

Polling page: 0x0000011db4be0000

Metaspace:

Usage:
  Non-class:     61.09 MB capacity,    60.68 MB (>99%) used,   314.91 KB ( <1%) free+waste,   101.38 KB ( <1%) overhead. 
      Class:      7.83 MB capacity,     7.56 MB ( 97%) used,   226.30 KB (  3%) free+waste,    42.12 KB ( <1%) overhead. 
       Both:     68.92 MB capacity,    68.25 MB (>99%) used,   541.20 KB ( <1%) free+waste,   143.50 KB ( <1%) overhead. 

Virtual space:
  Non-class space:       62.00 MB reserved,      61.29 MB ( 99%) committed 
      Class space:        1.00 GB reserved,       7.92 MB ( <1%) committed 
             Both:        1.06 GB reserved,      69.21 MB (  6%) committed 

Chunk freelists:
   Non-Class:  7.00 KB
       Class:  19.00 KB
        Both:  26.00 KB

MaxMetaspaceSize: 17179869184.00 GB
CompressedClassSpaceSize: 1.00 GB
Initial GC threshold: 20.80 MB
Current GC threshold: 99.10 MB
CDS: off

CodeHeap 'non-profiled nmethods': size=120000Kb used=3876Kb max_used=3876Kb free=116124Kb
 bounds [0x0000011dc2230000, 0x0000011dc2600000, 0x0000011dc9760000]
CodeHeap 'profiled nmethods': size=120000Kb used=20786Kb max_used=20786Kb free=99213Kb
 bounds [0x0000011dbad00000, 0x0000011dbc150000, 0x0000011dc2230000]
CodeHeap 'non-nmethods': size=5760Kb used=1383Kb max_used=1409Kb free=4377Kb
 bounds [0x0000011dba760000, 0x0000011dba9d0000, 0x0000011dbad00000]
 total_blobs=8773 nmethods=8094 adapters=588
 compilation: enabled
              stopped_count=0, restarted_count=0
 full_count=0

Compilation events (20 events):
Event: 5.072 Thread 0x0000011dd1742800 nmethod 8099 0x0000011dbc13fe10 code [0x0000011dbc1400e0, 0x0000011dbc140c58]
Event: 5.072 Thread 0x0000011dd1742800 8100       3       org.jetbrains.kotlin.ir.declarations.lazy.LazyScopedTypeParametersResolver::leaveTypeParameterScope (9 bytes)
Event: 5.072 Thread 0x0000011dd1742800 nmethod 8100 0x0000011dbc141090 code [0x0000011dbc141260, 0x0000011dbc1414f8]
Event: 5.072 Thread 0x0000011dd1742800 8101       3       org.jetbrains.kotlin.ir.declarations.lazy.IrLazySymbolTable::leaveScope (15 bytes)
Event: 5.072 Thread 0x0000011dd1742800 nmethod 8101 0x0000011dbc141690 code [0x0000011dbc141960, 0x0000011dbc1424d8]
Event: 5.072 Thread 0x0000011dd1742800 8115       3       org.jetbrains.kotlin.ir.declarations.lazy.IrLazyValueParameter::setParent (12 bytes)
Event: 5.072 Thread 0x0000011dd1742800 nmethod 8115 0x0000011dbc142910 code [0x0000011dbc142b40, 0x0000011dbc143118]
Event: 5.072 Thread 0x0000011dd1742800 8111       3       org.jetbrains.kotlin.ir.declarations.lazy.IrLazyValueParameter::<init> (205 bytes)
Event: 5.072 Thread 0x0000011dd18b9800 8116       4       org.jetbrains.kotlin.ir.util.TypeTranslator::enterScope (37 bytes)
Event: 5.074 Thread 0x0000011dd173f800 8117       4       org.jetbrains.kotlin.ir.symbols.impl.IrValueParameterSymbolImpl::<init> (9 bytes)
Event: 5.074 Thread 0x0000011dd173f800 nmethod 8117 0x0000011dc25f8c90 code [0x0000011dc25f8e40, 0x0000011dc25f8f28]
Event: 5.075 Thread 0x0000011dd1742800 nmethod 8111 0x0000011dbc143390 code [0x0000011dbc143c80, 0x0000011dbc1489b8]
Event: 5.075 Thread 0x0000011dd1742800 8112       3       org.jetbrains.kotlin.ir.declarations.lazy.IrLazyValueParameter::createLazyAnnotations (5 bytes)
Event: 5.076 Thread 0x0000011dd1742800 nmethod 8112 0x0000011dbc14a690 code [0x0000011dbc14a980, 0x0000011dbc14b898]
Event: 5.076 Thread 0x0000011dd1742800 8113       3       org.jetbrains.kotlin.ir.declarations.lazy.IrLazyValueParameter$type$2::<init> (16 bytes)
Event: 5.076 Thread 0x0000011dd1742800 nmethod 8113 0x0000011dbc14be10 code [0x0000011dbc14bfe0, 0x0000011dbc14c258]
Event: 5.076 Thread 0x0000011dd1742800 8114       3       org.jetbrains.kotlin.ir.declarations.lazy.IrLazyValueParameter$varargElementType$2::<init> (16 bytes)
Event: 5.076 Thread 0x0000011dd1742800 nmethod 8114 0x0000011dbc14c390 code [0x0000011dbc14c560, 0x0000011dbc14c7d8]
Event: 5.076 Thread 0x0000011dd1742800 8110       3       org.jetbrains.kotlin.ir.util.DeclarationStubGenerator::generateValueParameterStub$ir_tree (135 bytes)
Event: 5.076 Thread 0x0000011dd173f800 8123       4       org.jetbrains.kotlin.ir.declarations.lazy.SynchronizedLazyVar::<init> (27 bytes)

GC Heap History (17 events):
Event: 0.445 GC heap before
{Heap before GC invocations=0 (full 0):
 garbage-first heap   total 126976K, used 28672K [0x0000000085800000, 0x0000000100000000)
  region size 1024K, 24 young (24576K), 0 survivors (0K)
 Metaspace       used 12150K, capacity 12280K, committed 12544K, reserved 1060864K
  class space    used 1121K, capacity 1175K, committed 1280K, reserved 1048576K
}
Event: 0.448 GC heap after
{Heap after GC invocations=1 (full 0):
 garbage-first heap   total 126976K, used 6820K [0x0000000085800000, 0x0000000100000000)
  region size 1024K, 3 young (3072K), 3 survivors (3072K)
 Metaspace       used 12150K, capacity 12280K, committed 12544K, reserved 1060864K
  class space    used 1121K, capacity 1175K, committed 1280K, reserved 1048576K
}
Event: 0.919 GC heap before
{Heap before GC invocations=1 (full 0):
 garbage-first heap   total 126976K, used 44708K [0x0000000085800000, 0x0000000100000000)
  region size 1024K, 41 young (41984K), 3 survivors (3072K)
 Metaspace       used 21044K, capacity 21200K, committed 21296K, reserved 1069056K
  class space    used 2227K, capacity 2308K, committed 2352K, reserved 1048576K
}
Event: 0.929 GC heap after
{Heap after GC invocations=2 (full 0):
 garbage-first heap   total 126976K, used 10540K [0x0000000085800000, 0x0000000100000000)
  region size 1024K, 7 young (7168K), 7 survivors (7168K)
 Metaspace       used 21044K, capacity 21200K, committed 21296K, reserved 1069056K
  class space    used 2227K, capacity 2308K, committed 2352K, reserved 1048576K
}
Event: 1.680 GC heap before
{Heap before GC invocations=3 (full 0):
 garbage-first heap   total 126976K, used 68908K [0x0000000085800000, 0x0000000100000000)
  region size 1024K, 58 young (59392K), 7 survivors (7168K)
 Metaspace       used 32468K, capacity 32930K, committed 33200K, reserved 1079296K
  class space    used 4038K, capacity 4209K, committed 4272K, reserved 1048576K
}
Event: 1.699 GC heap after
{Heap after GC invocations=4 (full 0):
 garbage-first heap   total 126976K, used 23261K [0x0000000085800000, 0x0000000100000000)
  region size 1024K, 8 young (8192K), 8 survivors (8192K)
 Metaspace       used 32468K, capacity 32930K, committed 33200K, reserved 1079296K
  class space    used 4038K, capacity 4209K, committed 4272K, reserved 1048576K
}
Event: 1.861 GC heap before
{Heap before GC invocations=4 (full 0):
 garbage-first heap   total 126976K, used 37597K [0x0000000085800000, 0x0000000100000000)
  region size 1024K, 23 young (23552K), 8 survivors (8192K)
 Metaspace       used 35441K, capacity 35853K, committed 35920K, reserved 1081344K
  class space    used 4336K, capacity 4501K, committed 4528K, reserved 1048576K
}
Event: 1.876 GC heap after
{Heap after GC invocations=5 (full 0):
 garbage-first heap   total 126976K, used 23637K [0x0000000085800000, 0x0000000100000000)
  region size 1024K, 3 young (3072K), 3 survivors (3072K)
 Metaspace       used 35441K, capacity 35853K, committed 35920K, reserved 1081344K
  class space    used 4336K, capacity 4501K, committed 4528K, reserved 1048576K
}
Event: 2.358 GC heap before
{Heap before GC invocations=6 (full 0):
 garbage-first heap   total 126976K, used 67669K [0x0000000085800000, 0x0000000100000000)
  region size 1024K, 46 young (47104K), 3 survivors (3072K)
 Metaspace       used 44689K, capacity 45209K, committed 45392K, reserved 1089536K
  class space    used 5246K, capacity 5462K, committed 5552K, reserved 1048576K
}
Event: 2.365 GC heap after
{Heap after GC invocations=7 (full 0):
 garbage-first heap   total 166912K, used 26869K [0x0000000085800000, 0x0000000100000000)
  region size 1024K, 6 young (6144K), 6 survivors (6144K)
 Metaspace       used 44689K, capacity 45209K, committed 45392K, reserved 1089536K
  class space    used 5246K, capacity 5462K, committed 5552K, reserved 1048576K
}
Event: 3.025 GC heap before
{Heap before GC invocations=7 (full 0):
 garbage-first heap   total 166912K, used 95477K [0x0000000085800000, 0x0000000100000000)
  region size 1024K, 70 young (71680K), 6 survivors (6144K)
 Metaspace       used 51093K, capacity 51664K, committed 51920K, reserved 1095680K
  class space    used 5893K, capacity 6117K, committed 6192K, reserved 1048576K
}
Event: 3.037 GC heap after
{Heap after GC invocations=8 (full 0):
 garbage-first heap   total 166912K, used 36973K [0x0000000085800000, 0x0000000100000000)
  region size 1024K, 9 young (9216K), 9 survivors (9216K)
 Metaspace       used 51093K, capacity 51664K, committed 51920K, reserved 1095680K
  class space    used 5893K, capacity 6117K, committed 6192K, reserved 1048576K
}
Event: 3.640 GC heap before
{Heap before GC invocations=8 (full 0):
 garbage-first heap   total 166912K, used 102509K [0x0000000085800000, 0x0000000100000000)
  region size 1024K, 73 young (74752K), 9 survivors (9216K)
 Metaspace       used 55093K, capacity 55590K, committed 55888K, reserved 1099776K
  class space    used 6248K, capacity 6467K, committed 6576K, reserved 1048576K
}
Event: 3.656 GC heap after
{Heap after GC invocations=9 (full 0):
 garbage-first heap   total 166912K, used 46062K [0x0000000085800000, 0x0000000100000000)
  region size 1024K, 9 young (9216K), 9 survivors (9216K)
 Metaspace       used 55093K, capacity 55590K, committed 55888K, reserved 1099776K
  class space    used 6248K, capacity 6467K, committed 6576K, reserved 1048576K
}
Event: 4.300 GC heap before
{Heap before GC invocations=9 (full 0):
 garbage-first heap   total 166912K, used 90094K [0x0000000085800000, 0x0000000100000000)
  region size 1024K, 52 young (53248K), 9 survivors (9216K)
 Metaspace       used 59456K, capacity 60086K, committed 60296K, reserved 1103872K
  class space    used 6676K, capacity 6921K, committed 6960K, reserved 1048576K
}
Event: 4.317 GC heap after
{Heap after GC invocations=10 (full 0):
 garbage-first heap   total 166912K, used 52710K [0x0000000085800000, 0x0000000100000000)
  region size 1024K, 7 young (7168K), 7 survivors (7168K)
 Metaspace       used 59456K, capacity 60086K, committed 60296K, reserved 1103872K
  class space    used 6676K, capacity 6921K, committed 6960K, reserved 1048576K
}
Event: 5.076 GC heap before
{Heap before GC invocations=11 (full 0):
 garbage-first heap   total 166912K, used 117222K [0x0000000085800000, 0x0000000100000000)
  region size 1024K, 70 young (71680K), 7 survivors (7168K)
 Metaspace       used 69885K, capacity 70570K, committed 70868K, reserved 1112064K
  class space    used 7744K, capacity 8013K, committed 8112K, reserved 1048576K
}

Deoptimization events (20 events):
Event: 4.801 Thread 0x0000011db6c32000 DEOPT PACKING pc=0x0000011dc24ed3b4 sp=0x00000007b46fd4b0
Event: 4.801 Thread 0x0000011db6c32000 DEOPT UNPACKING pc=0x0000011dba7685af sp=0x00000007b46fd430 mode 2
Event: 4.811 Thread 0x0000011db6c32000 DEOPT PACKING pc=0x0000011dbbebb774 sp=0x00000007b46fe300
Event: 4.811 Thread 0x0000011db6c32000 DEOPT UNPACKING pc=0x0000011dba7a9d0e sp=0x00000007b46fd798 mode 0
Event: 4.963 Thread 0x0000011db6c32000 Uncommon trap: trap_request=0xffffffde fr.pc=0x0000011dc251ae7c relative=0x0000000000000e9c
Event: 4.963 Thread 0x0000011db6c32000 Uncommon trap: reason=class_check action=maybe_recompile pc=0x0000011dc251ae7c method=org.jetbrains.kotlin.serialization.deserialization.descriptors.DeserializedMemberScope$OptimizedImplementation.getContributedVariables(Lorg/jetbrains/kotlin/name/Name;Lo
Event: 4.963 Thread 0x0000011db6c32000 DEOPT PACKING pc=0x0000011dc251ae7c sp=0x00000007b46fdbe0
Event: 4.963 Thread 0x0000011db6c32000 DEOPT UNPACKING pc=0x0000011dba7685af sp=0x00000007b46fdbb0 mode 2
Event: 4.963 Thread 0x0000011db6c32000 Uncommon trap: trap_request=0xffffffde fr.pc=0x0000011dc251ae7c relative=0x0000000000000e9c
Event: 4.963 Thread 0x0000011db6c32000 Uncommon trap: reason=class_check action=maybe_recompile pc=0x0000011dc251ae7c method=org.jetbrains.kotlin.serialization.deserialization.descriptors.DeserializedMemberScope$OptimizedImplementation.getContributedVariables(Lorg/jetbrains/kotlin/name/Name;Lo
Event: 4.963 Thread 0x0000011db6c32000 DEOPT PACKING pc=0x0000011dc251ae7c sp=0x00000007b46fdbe0
Event: 4.963 Thread 0x0000011db6c32000 DEOPT UNPACKING pc=0x0000011dba7685af sp=0x00000007b46fdbb0 mode 2
Event: 4.963 Thread 0x0000011db6c32000 Uncommon trap: trap_request=0xffffffde fr.pc=0x0000011dc251ae7c relative=0x0000000000000e9c
Event: 4.963 Thread 0x0000011db6c32000 Uncommon trap: reason=class_check action=maybe_recompile pc=0x0000011dc251ae7c method=org.jetbrains.kotlin.serialization.deserialization.descriptors.DeserializedMemberScope$OptimizedImplementation.getContributedVariables(Lorg/jetbrains/kotlin/name/Name;Lo
Event: 4.963 Thread 0x0000011db6c32000 DEOPT PACKING pc=0x0000011dc251ae7c sp=0x00000007b46fdbe0
Event: 4.963 Thread 0x0000011db6c32000 DEOPT UNPACKING pc=0x0000011dba7685af sp=0x00000007b46fdbb0 mode 2
Event: 4.963 Thread 0x0000011db6c32000 Uncommon trap: trap_request=0xffffffde fr.pc=0x0000011dc251ae7c relative=0x0000000000000e9c
Event: 4.963 Thread 0x0000011db6c32000 Uncommon trap: reason=class_check action=maybe_recompile pc=0x0000011dc251ae7c method=org.jetbrains.kotlin.serialization.deserialization.descriptors.DeserializedMemberScope$OptimizedImplementation.getContributedVariables(Lorg/jetbrains/kotlin/name/Name;Lo
Event: 4.963 Thread 0x0000011db6c32000 DEOPT PACKING pc=0x0000011dc251ae7c sp=0x00000007b46fdbe0
Event: 4.963 Thread 0x0000011db6c32000 DEOPT UNPACKING pc=0x0000011dba7685af sp=0x00000007b46fdbb0 mode 2

Classes redefined (0 events):
No events

Internal exceptions (20 events):
Event: 3.578 Thread 0x0000011db6c32000 Implicit null exception at 0x0000011dc24166b1 to 0x0000011dc2416a4c
Event: 3.589 Thread 0x0000011db6c32000 Implicit null exception at 0x0000011dc22d86f5 to 0x0000011dc22d88c8
Event: 3.684 Thread 0x0000011db6c32000 Implicit null exception at 0x0000011dc239744c to 0x0000011dc2397528
Event: 3.737 Thread 0x0000011db6c32000 Exception <a 'java/lang/NoSuchMethodError'{0x000000008f01df98}: 'java.lang.Object java.lang.invoke.Invokers$Holder.linkToTargetMethod(java.lang.Object, java.lang.Object, java.lang.Object, int, int, java.lang.Object)'> (0x000000008f01df98) thrown at [src/hotspot/share/interpreter/linkResolver.cpp, line 773]
Event: 3.747 Thread 0x0000011db6c32000 Exception <a 'java/lang/NoSuchMethodError'{0x000000008f073298}: 'java.lang.Object java.lang.invoke.DirectMethodHandle$Holder.invokeInterface(java.lang.Object, java.lang.Object, java.lang.Object)'> (0x000000008f073298) thrown at [src/hotspot/share/interpreter/linkResolver.cpp, line 773]
Event: 3.747 Thread 0x0000011db6c32000 Exception <a 'java/lang/IncompatibleClassChangeError'{0x000000008f0764c8}: Found class java.lang.Object, but interface was expected> (0x000000008f0764c8) thrown at [src/hotspot/share/interpreter/linkResolver.cpp, line 839]
Event: 3.880 Thread 0x0000011db6c32000 Exception <a 'java/lang/NoSuchMethodError'{0x000000008e780128}: 'java.lang.Object java.lang.invoke.DirectMethodHandle$Holder.invokeSpecial(java.lang.Object, java.lang.Object, int, java.lang.Object, java.lang.Object)'> (0x000000008e780128) thrown at [src/hotspot/share/interpreter/linkResolver.cpp, line 773]
Event: 3.962 Thread 0x0000011db6c32000 Exception <a 'java/lang/NoSuchMethodError'{0x000000008df53bd0}: 'java.lang.Object java.lang.invoke.Invokers$Holder.linkToTargetMethod(java.lang.Object, java.lang.Object, java.lang.Object, java.lang.Object, java.lang.Object, java.lang.Object, java.lang.Object)'> (0x000000008df53bd0) thrown at [src/hotspot/share/interpreter/linkResolver.cpp, line 773]
Event: 4.125 Thread 0x0000011db6c32000 Implicit null exception at 0x0000011dc24653fc to 0x0000011dc2466608
Event: 4.185 Thread 0x0000011db6c32000 Implicit null exception at 0x0000011dc228df75 to 0x0000011dc228e13c
Event: 4.295 Thread 0x0000011db6c32000 Exception <a 'java/lang/NoSuchMethodError'{0x000000008d01bfc8}: 'java.lang.Object java.lang.invoke.DirectMethodHandle$Holder.invokeStaticInit(java.lang.Object, java.lang.Object, java.lang.Object, java.lang.Object)'> (0x000000008d01bfc8) thrown at [src/hotspot/share/interpreter/linkResolver.cpp, line 773]
Event: 4.479 Thread 0x0000011db6c32000 Exception <a 'java/lang/NoSuchMethodError'{0x000000008ed16168}: 'java.lang.Object java.lang.invoke.DirectMethodHandle$Holder.invokeStatic(java.lang.Object, java.lang.Object, java.lang.Object, int, int, java.lang.Object, java.lang.Object, java.lang.Object)'> (0x000000008ed16168) thrown at [src/hotspot/share/interpreter/linkResolver.cpp, line 773]
Event: 4.479 Thread 0x0000011db6c32000 Exception <a 'java/lang/NoSuchMethodError'{0x000000008ed20718}: 'java.lang.Object java.lang.invoke.DirectMethodHandle$Holder.invokeStatic(java.lang.Object, java.lang.Object, java.lang.Object, int, int)'> (0x000000008ed20718) thrown at [src/hotspot/share/interpreter/linkResolver.cpp, line 773]
Event: 4.479 Thread 0x0000011db6c32000 Exception <a 'java/lang/NoSuchMethodError'{0x000000008ed23ef8}: 'java.lang.Object java.lang.invoke.DirectMethodHandle$Holder.invokeSpecial(java.lang.Object, java.lang.Object, java.lang.Object, java.lang.Object, int, int)'> (0x000000008ed23ef8) thrown at [src/hotspot/share/interpreter/linkResolver.cpp, line 773]
Event: 4.479 Thread 0x0000011db6c32000 Exception <a 'java/lang/NoSuchMethodError'{0x000000008ed27000}: 'java.lang.Object java.lang.invoke.Invokers$Holder.linkToTargetMethod(java.lang.Object, java.lang.Object, int, int, java.lang.Object)'> (0x000000008ed27000) thrown at [src/hotspot/share/interpreter/linkResolver.cpp, line 773]
Event: 4.486 Thread 0x0000011db6c32000 Exception <a 'java/lang/NoSuchMethodError'{0x000000008ed88630}: 'java.lang.Object java.lang.invoke.DirectMethodHandle$Holder.invokeStatic(java.lang.Object, java.lang.Object, java.lang.Object, int, int, java.lang.Object, java.lang.Object)'> (0x000000008ed88630) thrown at [src/hotspot/share/interpreter/linkResolver.cpp, line 773]
Event: 4.487 Thread 0x0000011db6c32000 Exception <a 'java/lang/NoSuchMethodError'{0x000000008ed8c248}: 'java.lang.Object java.lang.invoke.DirectMethodHandle$Holder.invokeSpecial(java.lang.Object, java.lang.Object, java.lang.Object, java.lang.Object, int, int, java.lang.Object, java.lang.Object)'> (0x000000008ed8c248) thrown at [src/hotspot/share/interpreter/linkResolver.cpp, line 773]
Event: 4.487 Thread 0x0000011db6c32000 Exception <a 'java/lang/NoSuchMethodError'{0x000000008ed8f658}: 'java.lang.Object java.lang.invoke.Invokers$Holder.linkToTargetMethod(java.lang.Object, java.lang.Object, int, int, java.lang.Object, java.lang.Object, java.lang.Object)'> (0x000000008ed8f658) thrown at [src/hotspot/share/interpreter/linkResolver.cpp, line 773]
Event: 4.626 Thread 0x0000011db6c32000 Exception <a 'java/lang/NoSuchMethodError'{0x000000008e11ec68}: 'java.lang.Object java.lang.invoke.DirectMethodHandle$Holder.invokeStatic(java.lang.Object, java.lang.Object, java.lang.Object, int, int, java.lang.Object, java.lang.Object, java.lang.Object, java.lang.Object)'> (0x000000008e11ec68) thrown at [src/hotspot/share/interpreter/linkResolver.cpp, line 773]
Event: 4.626 Thread 0x0000011db6c32000 Exception <a 'java/lang/NoSuchMethodError'{0x000000008e126a60}: 'java.lang.Object java.lang.invoke.Invokers$Holder.linkToTargetMethod(java.lang.Object, java.lang.Object, int, int, java.lang.Object, java.lang.Object, java.lang.Object, java.lang.Object, java.lang.Object)'> (0x000000008e126a60) thrown at [src/hotspot/share/interpreter/linkResolver.cpp, line 773]

Events (20 events):
Event: 5.056 loading class org/jetbrains/kotlin/backend/common/DeclarationTransformer$transformFlatRestricted$1 done
Event: 5.057 loading class org/jetbrains/kotlin/backend/common/lower/DefaultArgumentStubGeneratorKt
Event: 5.057 loading class org/jetbrains/kotlin/backend/common/lower/DefaultArgumentStubGeneratorKt done
Event: 5.059 loading class org/jetbrains/kotlin/ir/util/DeepCopySymbolRemapper
Event: 5.059 loading class org/jetbrains/kotlin/ir/util/DeepCopySymbolRemapper done
Event: 5.062 loading class org/jetbrains/kotlin/ir/util/NullDescriptorsRemapper
Event: 5.062 loading class org/jetbrains/kotlin/ir/util/NullDescriptorsRemapper done
Event: 5.062 loading class org/jetbrains/kotlin/ir/util/DescriptorsRemapper
Event: 5.062 loading class org/jetbrains/kotlin/ir/util/DescriptorsRemapper done
Event: 5.062 loading class org/jetbrains/kotlin/ir/util/DeepCopyTypeRemapper
Event: 5.062 loading class org/jetbrains/kotlin/ir/util/DeepCopyTypeRemapper done
Event: 5.062 loading class org/jetbrains/kotlin/ir/util/TypeRemapper
Event: 5.062 loading class org/jetbrains/kotlin/ir/util/TypeRemapper done
Event: 5.063 loading class org/jetbrains/kotlin/ir/util/DeepCopyIrTreeWithSymbols
Event: 5.063 loading class org/jetbrains/kotlin/ir/util/DeepCopyIrTreeWithSymbols done
Event: 5.066 loading class org/jetbrains/kotlin/ir/util/SymbolRenamer$DEFAULT
Event: 5.066 loading class org/jetbrains/kotlin/ir/util/SymbolRenamer$DEFAULT done
Event: 5.066 loading class org/jetbrains/kotlin/ir/util/SymbolRenamer
Event: 5.066 loading class org/jetbrains/kotlin/ir/util/SymbolRenamer done
Event: 5.076 Executing VM operation: G1CollectForAllocation


Dynamic libraries:
0x00007ff752860000 - 0x00007ff75286a000 	C:\Program Files\Android\Android Studio1\jbr\bin\java.exe
0x00007ffcda5d0000 - 0x00007ffcda7c8000 	C:\windows\SYSTEM32\ntdll.dll
0x00007ffcd8a20000 - 0x00007ffcd8add000 	C:\windows\System32\KERNEL32.DLL
0x00007ffcd8330000 - 0x00007ffcd8626000 	C:\windows\System32\KERNELBASE.dll
0x00007ffcd80d0000 - 0x00007ffcd81d0000 	C:\windows\System32\ucrtbase.dll
0x00007ffccfde0000 - 0x00007ffccfdfb000 	C:\Program Files\Android\Android Studio1\jbr\bin\VCRUNTIME140.dll
0x00007ffccfe00000 - 0x00007ffccfe17000 	C:\Program Files\Android\Android Studio1\jbr\bin\jli.dll
0x00007ffcd9b80000 - 0x00007ffcd9d1e000 	C:\windows\System32\USER32.dll
0x00007ffcd7d90000 - 0x00007ffcd7db2000 	C:\windows\System32\win32u.dll
0x00007ffcb8580000 - 0x00007ffcb881a000 	C:\windows\WinSxS\amd64_microsoft.windows.common-controls_6595b64144ccf1df_6.0.19041.3636_none_60b6a03d71f818d5\COMCTL32.dll
0x00007ffcd9b50000 - 0x00007ffcd9b7c000 	C:\windows\System32\GDI32.dll
0x00007ffcd8ae0000 - 0x00007ffcd8b7e000 	C:\windows\System32\msvcrt.dll
0x00007ffcd7dc0000 - 0x00007ffcd7eda000 	C:\windows\System32\gdi32full.dll
0x00007ffcd7fc0000 - 0x00007ffcd805d000 	C:\windows\System32\msvcp_win.dll
0x00007ffcd8700000 - 0x00007ffcd8730000 	C:\windows\System32\IMM32.DLL
0x00007ffcd2910000 - 0x00007ffcd291c000 	C:\Program Files\Android\Android Studio1\jbr\bin\vcruntime140_1.dll
0x00007ffcb92c0000 - 0x00007ffcb934d000 	C:\Program Files\Android\Android Studio1\jbr\bin\msvcp140.dll
0x00007ffc4eb60000 - 0x00007ffc4f71c000 	C:\Program Files\Android\Android Studio1\jbr\bin\server\jvm.dll
0x00007ffcd87e0000 - 0x00007ffcd888f000 	C:\windows\System32\ADVAPI32.dll
0x00007ffcd9d20000 - 0x00007ffcd9dbc000 	C:\windows\System32\sechost.dll
0x00007ffcd88f0000 - 0x00007ffcd8a16000 	C:\windows\System32\RPCRT4.dll
0x00007ffcd8b80000 - 0x00007ffcd8b88000 	C:\windows\System32\PSAPI.DLL
0x00007ffcb8c10000 - 0x00007ffcb8c19000 	C:\windows\SYSTEM32\WSOCK32.dll
0x00007ffcb7bb0000 - 0x00007ffcb7bd7000 	C:\windows\SYSTEM32\WINMM.dll
0x00007ffccbf10000 - 0x00007ffccbf1a000 	C:\windows\SYSTEM32\VERSION.dll
0x00007ffcda490000 - 0x00007ffcda4fb000 	C:\windows\System32\WS2_32.dll
0x00007ffcd6500000 - 0x00007ffcd6512000 	C:\windows\SYSTEM32\kernel.appcore.dll
0x00007ffcce660000 - 0x00007ffcce670000 	C:\Program Files\Android\Android Studio1\jbr\bin\verify.dll
0x00007ffcd5a60000 - 0x00007ffcd5c44000 	C:\windows\SYSTEM32\DBGHELP.DLL
0x00007ffcbac60000 - 0x00007ffcbac94000 	C:\windows\SYSTEM32\dbgcore.DLL
0x00007ffcd7d00000 - 0x00007ffcd7d82000 	C:\windows\System32\bcryptPrimitives.dll
0x00007ffc4eb30000 - 0x00007ffc4eb58000 	C:\Program Files\Android\Android Studio1\jbr\bin\java.dll
0x00007ffccd920000 - 0x00007ffccd92a000 	C:\Program Files\Android\Android Studio1\jbr\bin\jimage.dll
0x00007ffcccd10000 - 0x00007ffcccd28000 	C:\Program Files\Android\Android Studio1\jbr\bin\zip.dll
0x00007ffcd9400000 - 0x00007ffcd9b45000 	C:\windows\System32\SHELL32.dll
0x00007ffcd5d50000 - 0x00007ffcd64eb000 	C:\windows\SYSTEM32\windows.storage.dll
0x00007ffcd8bf0000 - 0x00007ffcd8f44000 	C:\windows\System32\combase.dll
0x00007ffcd76f0000 - 0x00007ffcd771d000 	C:\windows\SYSTEM32\Wldp.dll
0x00007ffcd8730000 - 0x00007ffcd87dd000 	C:\windows\System32\SHCORE.dll
0x00007ffcd9270000 - 0x00007ffcd92c5000 	C:\windows\System32\shlwapi.dll
0x00007ffcd7be0000 - 0x00007ffcd7c05000 	C:\windows\SYSTEM32\profapi.dll
0x00007ffc4eb10000 - 0x00007ffc4eb29000 	C:\Program Files\Android\Android Studio1\jbr\bin\net.dll
0x00007ffcd1890000 - 0x00007ffcd199a000 	C:\windows\SYSTEM32\WINHTTP.dll
0x00007ffcd7450000 - 0x00007ffcd74ba000 	C:\windows\system32\mswsock.dll
0x00007ffc4eaf0000 - 0x00007ffc4eb03000 	C:\Program Files\Android\Android Studio1\jbr\bin\nio.dll

dbghelp: loaded successfully - version: 4.0.5 - missing functions: none
symbol engine: initialized successfully - sym options: 0x614 - pdb path: .;C:\Program Files\Android\Android Studio1\jbr\bin;C:\windows\SYSTEM32;C:\windows\WinSxS\amd64_microsoft.windows.common-controls_6595b64144ccf1df_6.0.19041.3636_none_60b6a03d71f818d5;C:\Program Files\Android\Android Studio1\jbr\bin\server

VM Arguments:
java_command: org.jetbrains.kotlin.cli.jvm.K2JVMCompiler @C:\Users\a\AndroidStudioProjects\Medico\app\build\20231217_17956375051677279054.compiler.options
java_class_path (initial): C:\Users\a\.gradle\caches\modules-2\files-2.1\org.jetbrains.kotlin\kotlin-compiler-embeddable\1.8.0\eb9118d4bcceaa2a94b2ae2a33a4ddba7c9a947f\kotlin-compiler-embeddable-1.8.0.jar;C:\Users\a\.gradle\caches\modules-2\files-2.1\org.jetbrains.kotlin\kotlin-stdlib\1.8.0\1796921c7a3e2e2665a83e6c8d33399336cd39bc\kotlin-stdlib-1.8.0.jar;C:\Users\a\.gradle\caches\modules-2\files-2.1\org.jetbrains.kotlin\kotlin-script-runtime\1.8.0\b2f7e760d283cb339974851c222a4c1d48f2d3d\kotlin-script-runtime-1.8.0.jar;C:\Users\a\.gradle\caches\modules-2\files-2.1\org.jetbrains.kotlin\kotlin-reflect\1.6.10\1cbe9c92c12a94eea200d23c2bbaedaf3daf5132\kotlin-reflect-1.6.10.jar;C:\Users\a\.gradle\caches\modules-2\files-2.1\org.jetbrains.kotlin\kotlin-daemon-embeddable\1.8.0\d255216c551685dc3a7e852b53617f5f01aaaa5c\kotlin-daemon-embeddable-1.8.0.jar;C:\Users\a\.gradle\caches\modules-2\files-2.1\org.jetbrains.intellij.deps\trove4j\1.0.20200330\3afb14d5f9ceb459d724e907a21145e8ff394f02\trove4j-1.0.20200330.jar;C:\Users\a\.gradle\caches\modules-2\files-2.1\net.java.dev.jna\jna\5.6.0\330f2244e9030119ab3030fc3fededc86713d9cc\jna-5.6.0.jar;C:\Users\a\.gradle\caches\modules-2\files-2.1\org.jetbrains.kotlin\kotlin-stdlib-common\1.8.0\f7197e7cc76453ac59f8b0f8d5137cc600becd36\kotlin-stdlib-common-1.8.0.jar;C:\Users\a\.gradle\caches\modules-2\files-2.1\org.jetbrains\annotations\13.0\919f0dfe192fb4e063e7dacadee7f8bb9a2672a9\annotations-13.0.jar
Launcher Type: SUN_STANDARD

[Global flags]
     intx CICompilerCount                          = 4                                         {product} {ergonomic}
     uint ConcGCThreads                            = 2                                         {product} {ergonomic}
     uint G1ConcRefinementThreads                  = 8                                         {product} {ergonomic}
   size_t G1HeapRegionSize                         = 1048576                                   {product} {ergonomic}
    uintx GCDrainStackTargetSize                   = 64                                        {product} {ergonomic}
   size_t InitialHeapSize                          = 130023424                                 {product} {ergonomic}
   size_t MarkStackSize                            = 4194304                                   {product} {ergonomic}
   size_t MaxHeapSize                              = 2055208960                                {product} {ergonomic}
   size_t MaxNewSize                               = 1233125376                                {product} {ergonomic}
   size_t MinHeapDeltaBytes                        = 1048576                                   {product} {ergonomic}
    uintx NonNMethodCodeHeapSize                   = 5836300                                {pd product} {ergonomic}
    uintx NonProfiledCodeHeapSize                  = 122910970                              {pd product} {ergonomic}
    uintx ProfiledCodeHeapSize                     = 122910970                              {pd product} {ergonomic}
    uintx ReservedCodeCacheSize                    = 251658240                              {pd product} {ergonomic}
     bool SegmentedCodeCache                       = true                                      {product} {ergonomic}
     bool UseCompressedClassPointers               = true                                 {lp64_product} {ergonomic}
     bool UseCompressedOops                        = true                                 {lp64_product} {ergonomic}
     bool UseG1GC                                  = true                                      {product} {ergonomic}
     bool UseLargePagesIndividualAllocation        = false                                  {pd product} {ergonomic}

Logging:
Log output configuration:
 #0: stdout all=warning uptime,level,tags
 #1: stderr all=off uptime,level,tags

Environment Variables:
PATH=C:\python 3.10\Scripts\;C:\python 3.10\;C:\Program Files\Common Files\Oracle\Java\javapath;C:\windows\system32;C:\windows;C:\windows\System32\Wbem;C:\windows\System32\WindowsPowerShell\v1.0\;C:\windows\System32\OpenSSH\;C:\Program Files\Git\cmd;C:\MinGW\bin;C:\ProgramData\chocolatey\bin;C:\Program Files\MySQL\MySQL Server 8.0\bin;C:\Program Files\MySQL\MySQL Shell 8.0\bin\;C:\Users\a\AppData\Local\Microsoft\WindowsApps;C:\Users\a\AppData\Local\Programs\Microsoft VS Code\bin;C:\Program Files\JetBrains\IntelliJ IDEA Community Edition 2021.3.3\New folder\IntelliJ IDEA Community Edition 2021.3.3\bin;
USERNAME=a
OS=Windows_NT
PROCESSOR_IDENTIFIER=Intel64 Family 6 Model 140 Stepping 1, GenuineIntel



---------------  S Y S T E M  ---------------

OS: Windows 10 , 64 bit Build 19041 (10.0.19041.3636)
OS uptime: 0 days 2:46 hours

CPU:total 8 (initial active 8) (4 cores per cpu, 2 threads per core) family 6 model 140 stepping 1 microcode 0x9a, cmov, cx8, fxsr, mmx, sse, sse2, sse3, ssse3, sse4.1, sse4.2, popcnt, avx, avx2, aes, clmul, erms, 3dnowpref, lzcnt, ht, tsc, tscinvbit, bmi1, bmi2, adx, evex, sha, fma

Memory: 4k page, system-wide physical 7834M (453M free)
TotalPageFile size 10634M (AvailPageFile size 14M)
current process WorkingSet (physical memory assigned to process): 357M, peak: 357M
current process commit charge ("private bytes"): 403M, peak: 437M

vm_info: OpenJDK 64-Bit Server VM (11.0.15+0-b2043.56-9505619) for windows-amd64 JRE (11.0.15+0-b2043.56-9505619), built on Jan 19 2023 02:48:00 by "builduser" with unknown MS VC++:1929

END.
